<?xml version="1.0" encoding="UTF-8"?>
<!-- Generated by org.testng.reporters.JUnitXMLReporter -->
<testsuite ignored="35" hostname="DMANTRASP10250" failures="0" tests="1" name="Default test" time="0.034" errors="0" timestamp="2025-11-04T15:08:32 IST">
  <testcase classname="com.MeghPI.Attendance.Android.tests.MeghPIAttendAndroidAttendanceTest" name="@BeforeClass runOnce" time="-1.762249112237E9">
    <failure type="org.testng.TestNGException" message="
Parameter &amp;apos;device&amp;apos; is required by BeforeClass on method runOnce but has not been marked @Optional or defined
in C:\Users\Pramod.C\AppData\Local\Temp\testng-eclipse-1613946147\testng-customsuite.xml">
      <![CDATA[org.testng.TestNGException: 
Parameter 'device' is required by BeforeClass on method runOnce but has not been marked @Optional or defined
in C:\Users\Pramod.C\AppData\Local\Temp\testng-eclipse-1613946147\testng-customsuite.xml
at org.testng.internal.Parameters.createParams(Parameters.java:270)
at org.testng.internal.Parameters.createParametersForMethod(Parameters.java:358)
at org.testng.internal.Parameters.createParameters(Parameters.java:700)
at org.testng.internal.Parameters.createConfigurationParameters(Parameters.java:168)
at org.testng.internal.ConfigInvoker.invokeConfigurations(ConfigInvoker.java:302)
at org.testng.internal.TestMethodWorker.invokeBeforeClassMethods(TestMethodWorker.java:176)
at org.testng.internal.TestMethodWorker.run(TestMethodWorker.java:122)
at java.base/java.util.ArrayList.forEach(ArrayList.java:1511)
at org.testng.TestRunner.privateRun(TestRunner.java:794)
at org.testng.TestRunner.run(TestRunner.java:596)
at org.testng.SuiteRunner.runTest(SuiteRunner.java:377)
at org.testng.SuiteRunner.runSequentially(SuiteRunner.java:371)
at org.testng.SuiteRunner.privateRun(SuiteRunner.java:332)
at org.testng.SuiteRunner.run(SuiteRunner.java:276)
at org.testng.SuiteRunnerWorker.runSuite(SuiteRunnerWorker.java:53)
at org.testng.SuiteRunnerWorker.run(SuiteRunnerWorker.java:96)
at org.testng.TestNG.runSuitesSequentially(TestNG.java:1212)
at org.testng.TestNG.runSuitesLocally(TestNG.java:1134)
at org.testng.TestNG.runSuites(TestNG.java:1063)
at org.testng.TestNG.run(TestNG.java:1031)
at org.testng.remote.AbstractRemoteTestNG.run(AbstractRemoteTestNG.java:115)
at org.testng.remote.RemoteTestNG.initAndRun(RemoteTestNG.java:293)
at org.testng.remote.RemoteTestNG.main(RemoteTestNG.java:91)
]]>
    </failure>
  </testcase> <!-- @BeforeClass runOnce -->
  <testcase classname="com.MeghPI.Attendance.Android.tests.MeghPIAttendAndroidAttendanceTest" name="@BeforeMethod launchDriver" time="-1.762249112249E9">
    <skipped/>
  </testcase> <!-- @BeforeMethod launchDriver -->
  <testcase classname="com.MeghPI.Attendance.Android.tests.MeghPIAttendAndroidAttendanceTest" name="@AfterMethod Aftermethod" time="0.002">
    <failure type="java.lang.NullPointerException" message="Cannot invoke &amp;quot;com.aventstack.extentreports.ExtentReports.flush()&amp;quot; because &amp;quot;this.extentReports&amp;quot; is null">
      <![CDATA[java.lang.NullPointerException: Cannot invoke "com.aventstack.extentreports.ExtentReports.flush()" because "this.extentReports" is null
at base.LogResults.onlyLog(LogResults.java:525)
at com.MeghPI.Attendance.Android.tests.MeghPIAttendAndroidAttendanceTest.Aftermethod(MeghPIAttendAndroidAttendanceTest.java:4054)
at java.base/jdk.internal.reflect.NativeMethodAccessorImpl.invoke0(Native Method)
at java.base/jdk.internal.reflect.NativeMethodAccessorImpl.invoke(NativeMethodAccessorImpl.java:77)
at java.base/jdk.internal.reflect.DelegatingMethodAccessorImpl.invoke(DelegatingMethodAccessorImpl.java:43)
at java.base/java.lang.reflect.Method.invoke(Method.java:568)
at org.testng.internal.MethodInvocationHelper.invokeMethod(MethodInvocationHelper.java:133)
at org.testng.internal.MethodInvocationHelper.invokeMethodConsideringTimeout(MethodInvocationHelper.java:62)
at org.testng.internal.ConfigInvoker.invokeConfigurationMethod(ConfigInvoker.java:385)
at org.testng.internal.ConfigInvoker.invokeConfigurations(ConfigInvoker.java:321)
at org.testng.internal.TestInvoker.runConfigMethods(TestInvoker.java:700)
at org.testng.internal.TestInvoker.runAfterGroupsConfigurations(TestInvoker.java:676)
at org.testng.internal.TestInvoker.invokeMethod(TestInvoker.java:546)
at org.testng.internal.TestInvoker.invokeTestMethod(TestInvoker.java:173)
at org.testng.internal.MethodRunner.runInSequence(MethodRunner.java:46)
at org.testng.internal.TestInvoker$MethodInvocationAgent.invoke(TestInvoker.java:824)
at org.testng.internal.TestInvoker.invokeTestMethods(TestInvoker.java:146)
at org.testng.internal.TestMethodWorker.invokeTestMethods(TestMethodWorker.java:146)
at org.testng.internal.TestMethodWorker.run(TestMethodWorker.java:128)
at java.base/java.util.ArrayList.forEach(ArrayList.java:1511)
at org.testng.TestRunner.privateRun(TestRunner.java:794)
at org.testng.TestRunner.run(TestRunner.java:596)
at org.testng.SuiteRunner.runTest(SuiteRunner.java:377)
at org.testng.SuiteRunner.runSequentially(SuiteRunner.java:371)
at org.testng.SuiteRunner.privateRun(SuiteRunner.java:332)
at org.testng.SuiteRunner.run(SuiteRunner.java:276)
at org.testng.SuiteRunnerWorker.runSuite(SuiteRunnerWorker.java:53)
at org.testng.SuiteRunnerWorker.run(SuiteRunnerWorker.java:96)
at org.testng.TestNG.runSuitesSequentially(TestNG.java:1212)
at org.testng.TestNG.runSuitesLocally(TestNG.java:1134)
at org.testng.TestNG.runSuites(TestNG.java:1063)
at org.testng.TestNG.run(TestNG.java:1031)
at org.testng.remote.AbstractRemoteTestNG.run(AbstractRemoteTestNG.java:115)
at org.testng.remote.RemoteTestNG.initAndRun(RemoteTestNG.java:293)
at org.testng.remote.RemoteTestNG.main(RemoteTestNG.java:91)
]]>
    </failure>
  </testcase> <!-- @AfterMethod Aftermethod -->
  <testcase classname="com.MeghPI.Attendance.Android.tests.MeghPIAttendAndroidAttendanceTest" name="MPI_730_Normal_Attendance_58" time="0.0">
    <skipped/>
  </testcase> <!-- MPI_730_Normal_Attendance_58 -->
  <testcase classname="com.MeghPI.Attendance.Android.tests.MeghPIAttendAndroidAttendanceTest" name="MPI_635_Normal_Attendance_07" time="0.0">
    <ignored/>
  </testcase> <!-- MPI_635_Normal_Attendance_07 -->
  <testcase classname="com.MeghPI.Attendance.Android.tests.MeghPIAttendAndroidAttendanceTest" name="MPI_442_Normal_Attendance_45" time="0.0">
    <ignored/>
  </testcase> <!-- MPI_442_Normal_Attendance_45 -->
  <testcase classname="com.MeghPI.Attendance.Android.tests.MeghPIAttendAndroidAttendanceTest" name="MPI_440_Normal_Attendance_48" time="0.0">
    <ignored/>
  </testcase> <!-- MPI_440_Normal_Attendance_48 -->
  <testcase classname="com.MeghPI.Attendance.Android.tests.MeghPIAttendAndroidAttendanceTest" name="MPI_729_Normal_Attendance_57" time="0.0">
    <ignored/>
  </testcase> <!-- MPI_729_Normal_Attendance_57 -->
  <testcase classname="com.MeghPI.Attendance.Android.tests.MeghPIAttendAndroidAttendanceTest" name="MPI_672_Normal_Attendance_39" time="0.0">
    <ignored/>
  </testcase> <!-- MPI_672_Normal_Attendance_39 -->
  <testcase classname="com.MeghPI.Attendance.Android.tests.MeghPIAttendAndroidAttendanceTest" name="MPI_673_Normal_Attendance_40" time="0.0">
    <ignored/>
  </testcase> <!-- MPI_673_Normal_Attendance_40 -->
  <testcase classname="com.MeghPI.Attendance.Android.tests.MeghPIAttendAndroidAttendanceTest" name="MPI_641_Normal_Attendance_13" time="0.0">
    <ignored/>
  </testcase> <!-- MPI_641_Normal_Attendance_13 -->
  <testcase classname="com.MeghPI.Attendance.Android.tests.MeghPIAttendAndroidAttendanceTest" name="MPI_646_Normal_Attendance_18" time="0.0">
    <ignored/>
  </testcase> <!-- MPI_646_Normal_Attendance_18 -->
  <testcase classname="com.MeghPI.Attendance.Android.tests.MeghPIAttendAndroidAttendanceTest" name="MPI_678_Normal_Attendance_28" time="0.0">
    <ignored/>
  </testcase> <!-- MPI_678_Normal_Attendance_28 -->
  <testcase classname="com.MeghPI.Attendance.Android.tests.MeghPIAttendAndroidAttendanceTest" name="MPI_684_Normal_Attendance_30" time="0.0">
    <ignored/>
  </testcase> <!-- MPI_684_Normal_Attendance_30 -->
  <testcase classname="com.MeghPI.Attendance.Android.tests.MeghPIAttendAndroidAttendanceTest" name="MPI_652_Normal_Attendance_24" time="0.0">
    <ignored/>
  </testcase> <!-- MPI_652_Normal_Attendance_24 -->
  <testcase classname="com.MeghPI.Attendance.Android.tests.MeghPIAttendAndroidAttendanceTest" name="MPI_697_Normal_Attendance_52" time="0.0">
    <ignored/>
  </testcase> <!-- MPI_697_Normal_Attendance_52 -->
  <testcase classname="com.MeghPI.Attendance.Android.tests.MeghPIAttendAndroidAttendanceTest" name="MPI_632_Normal_Attendance_04" time="0.0">
    <ignored/>
  </testcase> <!-- MPI_632_Normal_Attendance_04 -->
  <testcase classname="com.MeghPI.Attendance.Android.tests.MeghPIAttendAndroidAttendanceTest" name="MPI_638_Normal_Attendance_10" time="0.0">
    <ignored/>
  </testcase> <!-- MPI_638_Normal_Attendance_10 -->
  <testcase classname="com.MeghPI.Attendance.Android.tests.MeghPIAttendAndroidAttendanceTest" name="MPI_637_Normal_Attendance_09" time="0.0">
    <ignored/>
  </testcase> <!-- MPI_637_Normal_Attendance_09 -->
  <testcase classname="com.MeghPI.Attendance.Android.tests.MeghPIAttendAndroidAttendanceTest" name="MPI_727_Normal_Attendance_55" time="0.0">
    <ignored/>
  </testcase> <!-- MPI_727_Normal_Attendance_55 -->
  <testcase classname="com.MeghPI.Attendance.Android.tests.MeghPIAttendAndroidAttendanceTest" name="MPI_630_Normal_Attendance_02" time="0.0">
    <ignored/>
  </testcase> <!-- MPI_630_Normal_Attendance_02 -->
  <testcase classname="com.MeghPI.Attendance.Android.tests.MeghPIAttendAndroidAttendanceTest" name="MPI_671_Normal_Attendance_38" time="0.0">
    <ignored/>
  </testcase> <!-- MPI_671_Normal_Attendance_38 -->
  <testcase classname="com.MeghPI.Attendance.Android.tests.MeghPIAttendAndroidAttendanceTest" name="MPI_686_Normal_Attendance_42" time="0.0">
    <ignored/>
  </testcase> <!-- MPI_686_Normal_Attendance_42 -->
  <testcase classname="com.MeghPI.Attendance.Android.tests.MeghPIAttendAndroidAttendanceTest" name="MPI_668_Normal_Attendance_43" time="0.0">
    <ignored/>
  </testcase> <!-- MPI_668_Normal_Attendance_43 -->
  <testcase classname="com.MeghPI.Attendance.Android.tests.MeghPIAttendAndroidAttendanceTest" name="MPI_728_Normal_Attendance_56" time="0.0">
    <ignored/>
  </testcase> <!-- MPI_728_Normal_Attendance_56 -->
  <testcase classname="com.MeghPI.Attendance.Android.tests.MeghPIAttendAndroidAttendanceTest" name="MPI_647_Normal_Attendance_19" time="0.0">
    <ignored/>
  </testcase> <!-- MPI_647_Normal_Attendance_19 -->
  <testcase classname="com.MeghPI.Attendance.Android.tests.MeghPIAttendAndroidAttendanceTest" name="MPI_683_Normal_Attendance_29" time="0.0">
    <ignored/>
  </testcase> <!-- MPI_683_Normal_Attendance_29 -->
  <testcase classname="com.MeghPI.Attendance.Android.tests.MeghPIAttendAndroidAttendanceTest" name="MPI_685_Normal_Attendance_31" time="0.0">
    <ignored/>
  </testcase> <!-- MPI_685_Normal_Attendance_31 -->
  <testcase classname="com.MeghPI.Attendance.Android.tests.MeghPIAttendAndroidAttendanceTest" name="MPI_656_Normal_Attendance_44" time="0.0">
    <ignored/>
  </testcase> <!-- MPI_656_Normal_Attendance_44 -->
  <testcase classname="com.MeghPI.Attendance.Android.tests.MeghPIAttendAndroidAttendanceTest" name="MPI_1388_Attendance_Tab_01" time="0.0">
    <ignored/>
  </testcase> <!-- MPI_1388_Attendance_Tab_01 -->
  <testcase classname="com.MeghPI.Attendance.Android.tests.MeghPIAttendAndroidAttendanceTest" name="MPI_724_Normal_Attendance_54" time="0.0">
    <ignored/>
  </testcase> <!-- MPI_724_Normal_Attendance_54 -->
  <testcase classname="com.MeghPI.Attendance.Android.tests.MeghPIAttendAndroidAttendanceTest" name="MPI_644_Normal_Attendance_16" time="0.0">
    <ignored/>
  </testcase> <!-- MPI_644_Normal_Attendance_16 -->
  <testcase classname="com.MeghPI.Attendance.Android.tests.MeghPIAttendAndroidAttendanceTest" name="MPI_657_Normal_Attendance_47" time="0.0">
    <ignored/>
  </testcase> <!-- MPI_657_Normal_Attendance_47 -->
  <testcase classname="com.MeghPI.Attendance.Android.tests.MeghPIAttendAndroidAttendanceTest" name="MPI_1389_Attendance_Tab_02" time="0.0">
    <ignored/>
  </testcase> <!-- MPI_1389_Attendance_Tab_02 -->
  <testcase classname="com.MeghPI.Attendance.Android.tests.MeghPIAttendAndroidAttendanceTest" name="MPI_636_Normal_Attendance_08" time="0.0">
    <ignored/>
  </testcase> <!-- MPI_636_Normal_Attendance_08 -->
  <testcase classname="com.MeghPI.Attendance.Android.tests.MeghPIAttendAndroidAttendanceTest" name="MPI_698_Normal_Attendance_53" time="0.0">
    <ignored/>
  </testcase> <!-- MPI_698_Normal_Attendance_53 -->
  <testcase classname="com.MeghPI.Attendance.Android.tests.MeghPIAttendAndroidAttendanceTest" name="MPI_655_Normal_Attendance_27" time="0.0">
    <ignored/>
  </testcase> <!-- MPI_655_Normal_Attendance_27 -->
  <testcase classname="com.MeghPI.Attendance.Android.tests.MeghPIAttendAndroidAttendanceTest" name="MPI_666_Normal_Attendance_41" time="0.0">
    <ignored/>
  </testcase> <!-- MPI_666_Normal_Attendance_41 -->
  <testcase classname="com.MeghPI.Attendance.Android.tests.MeghPIAttendAndroidAttendanceTest" name="MPI_659_Normal_Attendance_46" time="0.0">
    <ignored/>
  </testcase> <!-- MPI_659_Normal_Attendance_46 -->
</testsuite> <!-- Default test -->
