<?xml version="1.0" encoding="UTF-8"?>
<!-- Generated by org.testng.reporters.JUnitXMLReporter -->
<testsuite ignored="34" hostname="DMANTRASP10250" failures="0" tests="1" name="Chrome" time="18.557" errors="0" timestamp="2025-09-05T19:03:00 IST">
  <testcase classname="com.MeghPI.Attendance.tests.MeghPINormalAttendanceTest" name="MPI_659_Normal_Attendance_46" time="18.16"/>
  <testcase classname="com.MeghPI.Attendance.tests.MeghPINormalAttendanceTest" name="MPI_724_Normal_Attendance_54" time="0.0">
    <ignored/>
  </testcase> <!-- MPI_724_Normal_Attendance_54 -->
  <testcase classname="com.MeghPI.Attendance.tests.MeghPINormalAttendanceTest" name="MPI_652_Normal_Attendance_24" time="0.0">
    <ignored/>
  </testcase> <!-- MPI_652_Normal_Attendance_24 -->
  <testcase classname="com.MeghPI.Attendance.tests.MeghPINormalAttendanceTest" name="MPI_646_Normal_Attendance_18" time="0.0">
    <ignored/>
  </testcase> <!-- MPI_646_Normal_Attendance_18 -->
  <testcase classname="com.MeghPI.Attendance.tests.MeghPINormalAttendanceTest" name="MPI_678_Normal_Attendance_28" time="0.0">
    <ignored/>
  </testcase> <!-- MPI_678_Normal_Attendance_28 -->
  <testcase classname="com.MeghPI.Attendance.tests.MeghPINormalAttendanceTest" name="MPI_684_Normal_Attendance_30" time="0.0">
    <ignored/>
  </testcase> <!-- MPI_684_Normal_Attendance_30 -->
  <testcase classname="com.MeghPI.Attendance.tests.MeghPINormalAttendanceTest" name="MPI_729_Normal_Attendance_57" time="0.0">
    <ignored/>
  </testcase> <!-- MPI_729_Normal_Attendance_57 -->
  <testcase classname="com.MeghPI.Attendance.tests.MeghPINormalAttendanceTest" name="MPI_861_Normal_Attendance_70" time="0.0">
    <ignored/>
  </testcase> <!-- MPI_861_Normal_Attendance_70 -->
  <testcase classname="com.MeghPI.Attendance.tests.MeghPINormalAttendanceTest" name="MPI_641_Normal_Attendance_13" time="0.0">
    <ignored/>
  </testcase> <!-- MPI_641_Normal_Attendance_13 -->
  <testcase classname="com.MeghPI.Attendance.tests.MeghPINormalAttendanceTest" name="MPI_672_Normal_Attendance_39" time="0.0">
    <ignored/>
  </testcase> <!-- MPI_672_Normal_Attendance_39 -->
  <testcase classname="com.MeghPI.Attendance.tests.MeghPINormalAttendanceTest" name="MPI_442_Normal_Attendance_45" time="0.0">
    <ignored/>
  </testcase> <!-- MPI_442_Normal_Attendance_45 -->
  <testcase classname="com.MeghPI.Attendance.tests.MeghPINormalAttendanceTest" name="MPI_440_Normal_Attendance_48" time="0.0">
    <ignored/>
  </testcase> <!-- MPI_440_Normal_Attendance_48 -->
  <testcase classname="com.MeghPI.Attendance.tests.MeghPINormalAttendanceTest" name="MPI_673_Normal_Attendance_40" time="0.0">
    <ignored/>
  </testcase> <!-- MPI_673_Normal_Attendance_40 -->
  <testcase classname="com.MeghPI.Attendance.tests.MeghPINormalAttendanceTest" name="MPI_630_Normal_Attendance_02" time="0.0">
    <ignored/>
  </testcase> <!-- MPI_630_Normal_Attendance_02 -->
  <testcase classname="com.MeghPI.Attendance.tests.MeghPINormalAttendanceTest" name="MPI_697_Normal_Attendance_52" time="0.0">
    <ignored/>
  </testcase> <!-- MPI_697_Normal_Attendance_52 -->
  <testcase classname="com.MeghPI.Attendance.tests.MeghPINormalAttendanceTest" name="MPI_727_Normal_Attendance_55" time="0.0">
    <ignored/>
  </testcase> <!-- MPI_727_Normal_Attendance_55 -->
  <testcase classname="com.MeghPI.Attendance.tests.MeghPINormalAttendanceTest" name="MPI_730_Normal_Attendance_58" time="0.0">
    <ignored/>
  </testcase> <!-- MPI_730_Normal_Attendance_58 -->
  <testcase classname="com.MeghPI.Attendance.tests.MeghPINormalAttendanceTest" name="MPI_671_Normal_Attendance_38" time="0.0">
    <ignored/>
  </testcase> <!-- MPI_671_Normal_Attendance_38 -->
  <testcase classname="com.MeghPI.Attendance.tests.MeghPINormalAttendanceTest" name="MPI_637_Normal_Attendance_09" time="0.0">
    <ignored/>
  </testcase> <!-- MPI_637_Normal_Attendance_09 -->
  <testcase classname="com.MeghPI.Attendance.tests.MeghPINormalAttendanceTest" name="MPI_632_Normal_Attendance_04" time="0.0">
    <ignored/>
  </testcase> <!-- MPI_632_Normal_Attendance_04 -->
  <testcase classname="com.MeghPI.Attendance.tests.MeghPINormalAttendanceTest" name="MPI_638_Normal_Attendance_10" time="0.0">
    <ignored/>
  </testcase> <!-- MPI_638_Normal_Attendance_10 -->
  <testcase classname="com.MeghPI.Attendance.tests.MeghPINormalAttendanceTest" name="MPI_685_Normal_Attendance_31" time="0.0">
    <ignored/>
  </testcase> <!-- MPI_685_Normal_Attendance_31 -->
  <testcase classname="com.MeghPI.Attendance.tests.MeghPINormalAttendanceTest" name="MPI_686_Normal_Attendance_42" time="0.0">
    <ignored/>
  </testcase> <!-- MPI_686_Normal_Attendance_42 -->
  <testcase classname="com.MeghPI.Attendance.tests.MeghPINormalAttendanceTest" name="MPI_656_Normal_Attendance_44" time="0.0">
    <ignored/>
  </testcase> <!-- MPI_656_Normal_Attendance_44 -->
  <testcase classname="com.MeghPI.Attendance.tests.MeghPINormalAttendanceTest" name="MPI_647_Normal_Attendance_19" time="0.0">
    <ignored/>
  </testcase> <!-- MPI_647_Normal_Attendance_19 -->
  <testcase classname="com.MeghPI.Attendance.tests.MeghPINormalAttendanceTest" name="MPI_668_Normal_Attendance_43" time="0.0">
    <ignored/>
  </testcase> <!-- MPI_668_Normal_Attendance_43 -->
  <testcase classname="com.MeghPI.Attendance.tests.MeghPINormalAttendanceTest" name="MPI_728_Normal_Attendance_56" time="0.0">
    <ignored/>
  </testcase> <!-- MPI_728_Normal_Attendance_56 -->
  <testcase classname="com.MeghPI.Attendance.tests.MeghPINormalAttendanceTest" name="MPI_655_Normal_Attendance_27" time="0.0">
    <ignored/>
  </testcase> <!-- MPI_655_Normal_Attendance_27 -->
  <testcase classname="com.MeghPI.Attendance.tests.MeghPINormalAttendanceTest" name="MPI_683_Normal_Attendance_29" time="0.0">
    <ignored/>
  </testcase> <!-- MPI_683_Normal_Attendance_29 -->
  <testcase classname="com.MeghPI.Attendance.tests.MeghPINormalAttendanceTest" name="MPI_666_Normal_Attendance_41" time="0.0">
    <ignored/>
  </testcase> <!-- MPI_666_Normal_Attendance_41 -->
  <testcase classname="com.MeghPI.Attendance.tests.MeghPINormalAttendanceTest" name="MPI_860_Normal_Attendance_69" time="0.0">
    <ignored/>
  </testcase> <!-- MPI_860_Normal_Attendance_69 -->
  <testcase classname="com.MeghPI.Attendance.tests.MeghPINormalAttendanceTest" name="MPI_644_Normal_Attendance_16" time="0.0">
    <ignored/>
  </testcase> <!-- MPI_644_Normal_Attendance_16 -->
  <testcase classname="com.MeghPI.Attendance.tests.MeghPINormalAttendanceTest" name="MPI_657_Normal_Attendance_47" time="0.0">
    <ignored/>
  </testcase> <!-- MPI_657_Normal_Attendance_47 -->
  <testcase classname="com.MeghPI.Attendance.tests.MeghPINormalAttendanceTest" name="MPI_731_Normal_Attendance_59" time="0.0">
    <ignored/>
  </testcase> <!-- MPI_731_Normal_Attendance_59 -->
  <testcase classname="com.MeghPI.Attendance.tests.MeghPINormalAttendanceTest" name="MPI_698_Normal_Attendance_53" time="0.0">
    <ignored/>
  </testcase> <!-- MPI_698_Normal_Attendance_53 -->
</testsuite> <!-- Chrome -->
