<?xml version="1.0" encoding="UTF-8"?>
<!-- Generated by org.testng.reporters.JUnitXMLReporter -->
<testsuite ignored="20" hostname="DESKTOP-PNM8QCI" failures="0" tests="1" name="Chrome" time="538.885" errors="0" timestamp="2025-12-28T07:44:56 IST">
  <testcase classname="com.MeghPI.Attendance.tests.MeghLoginTest" name="MPI_4_Login_Page_04" time="521.714"/>
  <testcase classname="com.MeghPI.Attendance.tests.MeghLoginTest" name="MPI_138_Login_page_20" time="0.0">
    <ignored/>
  </testcase> <!-- MPI_138_Login_page_20 -->
  <testcase classname="com.MeghPI.Attendance.tests.MeghLoginTest" name="MPI_144_Login_Page_26" time="0.0">
    <ignored/>
  </testcase> <!-- MPI_144_Login_Page_26 -->
  <testcase classname="com.MeghPI.Attendance.tests.MeghLoginTest" name="MPI_49_Login_Page_18" time="0.0">
    <ignored/>
  </testcase> <!-- MPI_49_Login_Page_18 -->
  <testcase classname="com.MeghPI.Attendance.tests.MeghLoginTest" name="MPI_12_Login_Page_12" time="0.0">
    <ignored/>
  </testcase> <!-- MPI_12_Login_Page_12 -->
  <testcase classname="com.MeghPI.Attendance.tests.MeghLoginTest" name="MPI_9_Login_Page_09" time="0.0">
    <ignored/>
  </testcase> <!-- MPI_9_Login_Page_09 -->
  <testcase classname="com.MeghPI.Attendance.tests.MeghLoginTest" name="MPI_10_Login_Page_10" time="0.0">
    <ignored/>
  </testcase> <!-- MPI_10_Login_Page_10 -->
  <testcase classname="com.MeghPI.Attendance.tests.MeghLoginTest" name="MPI_7_Login_Page_07" time="0.0">
    <ignored/>
  </testcase> <!-- MPI_7_Login_Page_07 -->
  <testcase classname="com.MeghPI.Attendance.tests.MeghLoginTest" name="MPI_14_Login_Page_14" time="0.0">
    <ignored/>
  </testcase> <!-- MPI_14_Login_Page_14 -->
  <testcase classname="com.MeghPI.Attendance.tests.MeghLoginTest" name="MPI_141_Login_page_23" time="0.0">
    <ignored/>
  </testcase> <!-- MPI_141_Login_page_23 -->
  <testcase classname="com.MeghPI.Attendance.tests.MeghLoginTest" name="MPI_11_Login_Page_11" time="0.0">
    <ignored/>
  </testcase> <!-- MPI_11_Login_Page_11 -->
  <testcase classname="com.MeghPI.Attendance.tests.MeghLoginTest" name="MPI_137_Login_page_19" time="0.0">
    <ignored/>
  </testcase> <!-- MPI_137_Login_page_19 -->
  <testcase classname="com.MeghPI.Attendance.tests.MeghLoginTest" name="MPI_139_Login_page_21" time="0.0">
    <ignored/>
  </testcase> <!-- MPI_139_Login_page_21 -->
  <testcase classname="com.MeghPI.Attendance.tests.MeghLoginTest" name="MPI_1_Login_Page_01" time="0.0">
    <ignored/>
  </testcase> <!-- MPI_1_Login_Page_01 -->
  <testcase classname="com.MeghPI.Attendance.tests.MeghLoginTest" name="MPI_140_Login_page_22" time="0.0">
    <ignored/>
  </testcase> <!-- MPI_140_Login_page_22 -->
  <testcase classname="com.MeghPI.Attendance.tests.MeghLoginTest" name="MPI_15_Login_Page_15" time="0.0">
    <ignored/>
  </testcase> <!-- MPI_15_Login_Page_15 -->
  <testcase classname="com.MeghPI.Attendance.tests.MeghLoginTest" name="MPI_13_Login_Page_13" time="0.0">
    <ignored/>
  </testcase> <!-- MPI_13_Login_Page_13 -->
  <testcase classname="com.MeghPI.Attendance.tests.MeghLoginTest" name="MPI_16_Login_Page_16" time="0.0">
    <ignored/>
  </testcase> <!-- MPI_16_Login_Page_16 -->
  <testcase classname="com.MeghPI.Attendance.tests.MeghLoginTest" name="MPI_3_Login_Page_03" time="0.0">
    <ignored/>
  </testcase> <!-- MPI_3_Login_Page_03 -->
  <testcase classname="com.MeghPI.Attendance.tests.MeghLoginTest" name="MPI_8_Login_Page_08" time="0.0">
    <ignored/>
  </testcase> <!-- MPI_8_Login_Page_08 -->
  <testcase classname="com.MeghPI.Attendance.tests.MeghLoginTest" name="MPI_2_Login_Page_02" time="0.0">
    <ignored/>
  </testcase> <!-- MPI_2_Login_Page_02 -->
</testsuite> <!-- Chrome -->
