<?xml version="1.0" encoding="UTF-8"?>
<!-- Generated by org.testng.reporters.JUnitXMLReporter -->
<testsuite ignored="7" hostname="WIN-2P8D2E35PC6" failures="1" tests="1" name="Mobile1" time="2.325" errors="0" timestamp="2025-04-27T16:51:18 IST">
  <testcase classname="browsertest.MeghLoginTest" name="M_01_Minop_Admin_Login" time="0.007">
    <failure type="java.lang.IndexOutOfBoundsException" message="Index 0 out of bounds for length 0">
      <![CDATA[java.lang.IndexOutOfBoundsException: Index 0 out of bounds for length 0
at java.base/jdk.internal.util.Preconditions.outOfBounds(Preconditions.java:100)
at java.base/jdk.internal.util.Preconditions.outOfBoundsCheckIndex(Preconditions.java:106)
at java.base/jdk.internal.util.Preconditions.checkIndex(Preconditions.java:302)
at java.base/java.util.Objects.checkIndex(Objects.java:385)
at java.base/java.util.ArrayList.get(ArrayList.java:427)
at browsertest.MeghLoginTest.M_01_Minop_Admin_Login(MeghLoginTest.java:53)
at java.base/java.util.ArrayList.forEach(ArrayList.java:1596)
... Removed 25 stack frames]]>
    </failure>
  </testcase> <!-- M_01_Minop_Admin_Login -->
  <testcase classname="browsertest.MeghLoginTest" name="M_02_Minop_Lock_Attendance_Day" time="0.0">
    <ignored/>
  </testcase> <!-- M_02_Minop_Lock_Attendance_Day -->
  <testcase classname="browsertest.MeghLoginTest" name="M_04_Minop_Change_Date_Format_DD_MM_YYYY" time="0.0">
    <ignored/>
  </testcase> <!-- M_04_Minop_Change_Date_Format_DD_MM_YYYY -->
  <testcase classname="browsertest.MeghLoginTest" name="M_06_Minop_Change_Date_Format_MM_DD_YYYY" time="0.0">
    <ignored/>
  </testcase> <!-- M_06_Minop_Change_Date_Format_MM_DD_YYYY -->
  <testcase classname="browsertest.MeghLoginTest" name="M_03_Minop_Change_Date_Format_DD_MMM_YYYY" time="0.0">
    <ignored/>
  </testcase> <!-- M_03_Minop_Change_Date_Format_DD_MMM_YYYY -->
  <testcase classname="browsertest.MeghLoginTest" name="M_08_Minop_Change_Date_Format_YYYY_MM_DD" time="0.0">
    <ignored/>
  </testcase> <!-- M_08_Minop_Change_Date_Format_YYYY_MM_DD -->
  <testcase classname="browsertest.MeghLoginTest" name="M_07_Minop_Change_Date_Format_YYYY_MMM_DD" time="0.0">
    <ignored/>
  </testcase> <!-- M_07_Minop_Change_Date_Format_YYYY_MMM_DD -->
  <testcase classname="browsertest.MeghLoginTest" name="M_05_Minop_Change_Date_Format_MMM_DD_YYYY" time="0.0">
    <ignored/>
  </testcase> <!-- M_05_Minop_Change_Date_Format_MMM_DD_YYYY -->
</testsuite> <!-- Mobile1 -->
