<?xml version="1.0" encoding="UTF-8"?>
<testng-results ignored="34" total="35" passed="1" failed="0" skipped="0">
  <reporter-output>
  </reporter-output>
  <suite started-at="2025-09-05T19:02:42 IST" name="Suite" finished-at="2025-09-05T19:03:00 IST" duration-ms="18557">
    <groups>
      <group name="Smoke">
        <method signature="MeghPINormalAttendanceTest.MPI_659_Normal_Attendance_46()[pri:13, instance:com.MeghPI.Attendance.tests.MeghPINormalAttendanceTest@36ebc363]" name="MPI_659_Normal_Attendance_46" class="com.MeghPI.Attendance.tests.MeghPINormalAttendanceTest"/>
      </group> <!-- Smoke -->
    </groups>
    <test started-at="2025-09-05T19:02:42 IST" name="Chrome" finished-at="2025-09-05T19:03:00 IST" duration-ms="18557">
      <class name="com.MeghPI.Attendance.tests.MeghPINormalAttendanceTest">
        <test-method is-config="true" signature="runOnce(int)[pri:0, instance:com.MeghPI.Attendance.tests.MeghPINormalAttendanceTest@36ebc363]" started-at="2025-09-05T19:02:42 IST" name="runOnce" finished-at="2025-09-05T19:02:42 IST" duration-ms="330" status="PASS">
          <params>
            <param index="0">
              <value>
                <![CDATA[21]]>
              </value>
            </param>
          </params>
          <reporter-output>
          </reporter-output>
        </test-method> <!-- runOnce -->
        <test-method is-config="true" signature="launchDriver(int)[pri:0, instance:com.MeghPI.Attendance.tests.MeghPINormalAttendanceTest@36ebc363]" started-at="2025-09-05T19:02:42 IST" name="launchDriver" finished-at="2025-09-05T19:02:42 IST" duration-ms="0" status="PASS">
          <params>
            <param index="0">
              <value>
                <![CDATA[21]]>
              </value>
            </param>
          </params>
          <reporter-output>
          </reporter-output>
        </test-method> <!-- launchDriver -->
        <test-method signature="MPI_659_Normal_Attendance_46()[pri:13, instance:com.MeghPI.Attendance.tests.MeghPINormalAttendanceTest@36ebc363]" started-at="2025-09-05T19:02:42 IST" name="MPI_659_Normal_Attendance_46" finished-at="2025-09-05T19:03:00 IST" duration-ms="18160" status="PASS">
          <reporter-output>
          </reporter-output>
        </test-method> <!-- MPI_659_Normal_Attendance_46 -->
        <test-method is-config="true" signature="Aftermethod()[pri:0, instance:com.MeghPI.Attendance.tests.MeghPINormalAttendanceTest@36ebc363]" started-at="2025-09-05T19:03:00 IST" name="Aftermethod" finished-at="2025-09-05T19:03:00 IST" duration-ms="51" status="PASS">
          <reporter-output>
          </reporter-output>
        </test-method> <!-- Aftermethod -->
        <test-method is-config="true" signature="cleanUp()[pri:0, instance:com.MeghPI.Attendance.tests.MeghPINormalAttendanceTest@36ebc363]" started-at="2025-09-05T19:03:00 IST" name="cleanUp" finished-at="2025-09-05T19:03:00 IST" duration-ms="0" status="PASS">
          <reporter-output>
          </reporter-output>
        </test-method> <!-- cleanUp -->
      </class> <!-- com.MeghPI.Attendance.tests.MeghPINormalAttendanceTest -->
      <class name="utils.GlobalSetup">
        <test-method is-config="true" signature="beforeSuite(java.lang.String,java.lang.String,org.testng.ITestContext)[pri:0, instance:utils.GlobalSetup@a1153bc]" started-at="2025-09-05T19:02:40 IST" name="beforeSuite" finished-at="2025-09-05T19:02:42 IST" duration-ms="1529" status="PASS">
          <params>
            <param index="0">
              <value>
                <![CDATA[Megh]]>
              </value>
            </param>
            <param index="1">
              <value>
                <![CDATA[]]>
              </value>
            </param>
            <param index="2">
              <value>
                <![CDATA[org.testng.TestRunner@4e4af370]]>
              </value>
            </param>
          </params>
          <reporter-output>
          </reporter-output>
        </test-method> <!-- beforeSuite -->
        <test-method is-config="true" signature="globalTeardown(java.lang.String)[pri:0, instance:utils.GlobalSetup@a1153bc]" started-at="2025-09-05T19:03:00 IST" name="globalTeardown" finished-at="2025-09-05T19:03:00 IST" duration-ms="101" status="PASS">
          <params>
            <param index="0">
              <value>
                <![CDATA[N]]>
              </value>
            </param>
          </params>
          <reporter-output>
          </reporter-output>
        </test-method> <!-- globalTeardown -->
      </class> <!-- utils.GlobalSetup -->
    </test> <!-- Chrome -->
  </suite> <!-- Suite -->
</testng-results>
