<?xml version="1.0" encoding="UTF-8"?>
<testng-results ignored="20" total="21" passed="1" failed="0" skipped="0">
  <reporter-output>
  </reporter-output>
  <suite started-at="2025-12-28T07:35:57 IST" name="Suite" finished-at="2025-12-28T07:44:56 IST" duration-ms="538885">
    <groups>
      <group name="AddMaster">
        <method signature="MeghLoginTest.MPI_4_Login_Page_04()[pri:4, instance:com.MeghPI.Attendance.tests.MeghLoginTest@62dae540]" name="MPI_4_Login_Page_04" class="com.MeghPI.Attendance.tests.MeghLoginTest"/>
      </group> <!-- AddMaster -->
      <group name="Smoke">
        <method signature="MeghLoginTest.MPI_4_Login_Page_04()[pri:4, instance:com.MeghPI.Attendance.tests.MeghLoginTest@62dae540]" name="MPI_4_Login_Page_04" class="com.MeghPI.Attendance.tests.MeghLoginTest"/>
      </group> <!-- Smoke -->
    </groups>
    <test started-at="2025-12-28T07:35:57 IST" name="Chrome" finished-at="2025-12-28T07:44:56 IST" duration-ms="538885">
      <class name="utils.GlobalSetup">
        <test-method is-config="true" signature="beforeSuite(java.lang.String,java.lang.String,org.testng.ITestContext)[pri:0, instance:utils.GlobalSetup@33c911a1]" started-at="2025-12-28T07:35:52 IST" name="beforeSuite" finished-at="2025-12-28T07:35:57 IST" duration-ms="4707" status="PASS">
          <params>
            <param index="0">
              <value>
                <![CDATA[Megh]]>
              </value>
            </param>
            <param index="1">
              <value>
                <![CDATA[]]>
              </value>
            </param>
            <param index="2">
              <value>
                <![CDATA[org.testng.TestRunner@627dfd9f]]>
              </value>
            </param>
          </params>
          <reporter-output>
          </reporter-output>
        </test-method> <!-- beforeSuite -->
        <test-method is-config="true" signature="globalTeardown(java.lang.String)[pri:0, instance:utils.GlobalSetup@33c911a1]" started-at="2025-12-28T07:44:56 IST" name="globalTeardown" finished-at="2025-12-28T07:44:56 IST" duration-ms="231" status="PASS">
          <params>
            <param index="0">
              <value>
                <![CDATA[N]]>
              </value>
            </param>
          </params>
          <reporter-output>
          </reporter-output>
        </test-method> <!-- globalTeardown -->
      </class> <!-- utils.GlobalSetup -->
      <class name="com.MeghPI.Attendance.tests.MeghLoginTest">
        <test-method is-config="true" signature="runOnce(int,java.lang.String)[pri:0, instance:com.MeghPI.Attendance.tests.MeghLoginTest@62dae540]" started-at="2025-12-28T07:35:57 IST" name="runOnce" finished-at="2025-12-28T07:35:58 IST" duration-ms="715" status="PASS">
          <params>
            <param index="0">
              <value>
                <![CDATA[21]]>
              </value>
            </param>
            <param index="1">
              <value is-null="true"/>
            </param>
          </params>
          <reporter-output>
          </reporter-output>
        </test-method> <!-- runOnce -->
        <test-method is-config="true" signature="launchDriver(int,java.lang.String)[pri:0, instance:com.MeghPI.Attendance.tests.MeghLoginTest@62dae540]" started-at="2025-12-28T07:35:58 IST" name="launchDriver" finished-at="2025-12-28T07:36:10 IST" duration-ms="12815" status="PASS">
          <params>
            <param index="0">
              <value>
                <![CDATA[21]]>
              </value>
            </param>
            <param index="1">
              <value is-null="true"/>
            </param>
          </params>
          <reporter-output>
          </reporter-output>
        </test-method> <!-- launchDriver -->
        <test-method signature="MPI_4_Login_Page_04()[pri:4, instance:com.MeghPI.Attendance.tests.MeghLoginTest@62dae540]" started-at="2025-12-28T07:36:10 IST" name="MPI_4_Login_Page_04" finished-at="2025-12-28T07:44:52 IST" duration-ms="521714" status="PASS">
          <reporter-output>
          </reporter-output>
        </test-method> <!-- MPI_4_Login_Page_04 -->
        <test-method is-config="true" signature="AfterEachmethod()[pri:0, instance:com.MeghPI.Attendance.tests.MeghLoginTest@62dae540]" started-at="2025-12-28T07:44:52 IST" name="AfterEachmethod" finished-at="2025-12-28T07:44:56 IST" duration-ms="3584" status="PASS">
          <reporter-output>
          </reporter-output>
        </test-method> <!-- AfterEachmethod -->
        <test-method is-config="true" signature="cleanUp()[pri:0, instance:com.MeghPI.Attendance.tests.MeghLoginTest@62dae540]" started-at="2025-12-28T07:44:56 IST" name="cleanUp" finished-at="2025-12-28T07:44:56 IST" duration-ms="0" status="PASS">
          <reporter-output>
          </reporter-output>
        </test-method> <!-- cleanUp -->
      </class> <!-- com.MeghPI.Attendance.tests.MeghLoginTest -->
    </test> <!-- Chrome -->
  </suite> <!-- Suite -->
</testng-results>
