<?xml version="1.0" encoding="UTF-8"?>
<!-- Generated by org.testng.reporters.JUnitReportReporter -->
<testsuite hostname="DMANTRASP10250" failures="0" tests="7" name="meghtest.MeghMasterRoleTest" time="339.570" errors="0" timestamp="2025-07-09T16:35:15 IST" skipped="0">
  <testcase classname="meghtest.MeghMasterRoleTest" name="MPI_250_Role_01" time="75.968"/>
  <system-out/>
  <testcase classname="meghtest.MeghMasterRoleTest" name="MPI_251_Role_02" time="35.800"/>
  <system-out/>
  <testcase classname="meghtest.MeghMasterRoleTest" name="MPI_252_Role_03" time="21.860"/>
  <system-out/>
  <testcase classname="meghtest.MeghMasterRoleTest" name="MPI_258_Role_09" time="51.557"/>
  <system-out/>
  <testcase classname="meghtest.MeghMasterRoleTest" name="MPI_259_Role_10" time="88.077"/>
  <system-out/>
  <testcase classname="meghtest.MeghMasterRoleTest" name="MPI_260_Role_11" time="28.421"/>
  <system-out/>
  <testcase classname="meghtest.MeghMasterRoleTest" name="MPI_263_Role_14" time="37.887"/>
  <system-out/>
</testsuite> <!-- meghtest.MeghMasterRoleTest -->
