<?xml version="1.0" encoding="UTF-8"?>
<!-- Generated by org.testng.reporters.JUnitReportReporter -->
<testsuite hostname="DMANTRASP10250" failures="0" tests="6" name="com.MeghPI.Attendance.tests.MeghMasterTeamtest" time="93.696" errors="0" timestamp="2025-08-20T18:41:23 IST" skipped="5">
  <testcase classname="com.MeghPI.Attendance.tests.MeghMasterTeamtest" name="MPI_229_Team_17" time="93.696"/>
  <system-out/>
  <testcase classname="com.MeghPI.Attendance.tests.MeghMasterTeamtest" name="MPI_226_Team_14">
    <skipped/>
  </testcase> <!-- MPI_226_Team_14 -->
  <system-out/>
  <testcase classname="com.MeghPI.Attendance.tests.MeghMasterTeamtest" name="MPI_213_Team_02">
    <skipped/>
  </testcase> <!-- MPI_213_Team_02 -->
  <system-out/>
  <testcase classname="com.MeghPI.Attendance.tests.MeghMasterTeamtest" name="MPI_212_Team_01">
    <skipped/>
  </testcase> <!-- MPI_212_Team_01 -->
  <system-out/>
  <testcase classname="com.MeghPI.Attendance.tests.MeghMasterTeamtest" name="MPI_228_Team_16">
    <skipped/>
  </testcase> <!-- MPI_228_Team_16 -->
  <system-out/>
  <testcase classname="com.MeghPI.Attendance.tests.MeghMasterTeamtest" name="MPI_227_Team_15">
    <skipped/>
  </testcase> <!-- MPI_227_Team_15 -->
  <system-out/>
</testsuite> <!-- com.MeghPI.Attendance.tests.MeghMasterTeamtest -->
