<?xml version="1.0" encoding="UTF-8"?>
<!-- Generated by org.testng.reporters.JUnitReportReporter -->
<testsuite hostname="DMANTRASP10250" failures="0" tests="5" name="meghtest.MeghShiftTest" time="106.142" errors="0" timestamp="2025-07-14T19:06:11 IST" skipped="3">
  <testcase classname="meghtest.MeghShiftTest" name="MPI_162_MeghPi_Shift_01" time="60.184"/>
  <system-out/>
  <testcase classname="meghtest.MeghShiftTest" name="MPI_537_MeghPi_Shift_13" time="45.958"/>
  <system-out/>
  <testcase classname="meghtest.MeghShiftTest" name="MPI_540_MeghPi_Shift_16">
    <skipped/>
  </testcase> <!-- MPI_540_MeghPi_Shift_16 -->
  <system-out/>
  <testcase classname="meghtest.MeghShiftTest" name="MPI_538_MeghPi_Shift_14">
    <skipped/>
  </testcase> <!-- MPI_538_MeghPi_Shift_14 -->
  <system-out/>
  <testcase classname="meghtest.MeghShiftTest" name="MPI_543_MeghPi_Shift_19">
    <skipped/>
  </testcase> <!-- MPI_543_MeghPi_Shift_19 -->
  <system-out/>
</testsuite> <!-- meghtest.MeghShiftTest -->
