<?xml version="1.0" encoding="UTF-8"?>
<!-- Generated by org.testng.reporters.JUnitReportReporter -->
<testsuite hostname="DMANTRASP10250" failures="0" tests="6" name="com.MeghPI.Attendance.tests.MeghMasterDesignationTest" time="361.102" errors="0" timestamp="2025-09-26T12:24:06 IST" skipped="1">
  <testcase classname="com.MeghPI.Attendance.tests.MeghMasterDesignationTest" name="MPI_232_Designation_01" time="32.204">
    <skipped/>
  </testcase> <!-- MPI_232_Designation_01 -->
  <system-out/>
  <testcase classname="com.MeghPI.Attendance.tests.MeghMasterDesignationTest" name="MPI_233_Designation_02" time="110.021"/>
  <system-out/>
  <testcase classname="com.MeghPI.Attendance.tests.MeghMasterDesignationTest" name="MPI_234_Designation_03" time="30.918"/>
  <system-out/>
  <testcase classname="com.MeghPI.Attendance.tests.MeghMasterDesignationTest" name="MPI_245_Designation_14" time="75.641"/>
  <system-out/>
  <testcase classname="com.MeghPI.Attendance.tests.MeghMasterDesignationTest" name="MPI_246_Designation_15" time="74.679"/>
  <system-out/>
  <testcase classname="com.MeghPI.Attendance.tests.MeghMasterDesignationTest" name="MPI_247_Designation_16" time="37.639"/>
  <system-out/>
</testsuite> <!-- com.MeghPI.Attendance.tests.MeghMasterDesignationTest -->
