<?xml version="1.0" encoding="UTF-8"?>
<!-- Generated by org.testng.reporters.JUnitReportReporter -->
<testsuite hostname="DMANTRASP10250" failures="0" tests="6" name="meghtest.MeghMasterTeamtest" time="38.615" errors="0" timestamp="2025-07-09T15:47:40 IST" skipped="5">
  <testcase classname="meghtest.MeghMasterTeamtest" name="MPI_212_Team_01" time="38.615"/>
  <system-out/>
  <testcase classname="meghtest.MeghMasterTeamtest" name="MPI_226_Team_14">
    <skipped/>
  </testcase> <!-- MPI_226_Team_14 -->
  <system-out/>
  <testcase classname="meghtest.MeghMasterTeamtest" name="MPI_229_Team_17">
    <skipped/>
  </testcase> <!-- MPI_229_Team_17 -->
  <system-out/>
  <testcase classname="meghtest.MeghMasterTeamtest" name="MPI_228_Team_16">
    <skipped/>
  </testcase> <!-- MPI_228_Team_16 -->
  <system-out/>
  <testcase classname="meghtest.MeghMasterTeamtest" name="MPI_227_Team_15">
    <skipped/>
  </testcase> <!-- MPI_227_Team_15 -->
  <system-out/>
  <testcase classname="meghtest.MeghMasterTeamtest" name="MPI_213_Team_02">
    <skipped/>
  </testcase> <!-- MPI_213_Team_02 -->
  <system-out/>
</testsuite> <!-- meghtest.MeghMasterTeamtest -->
