<?xml version="1.0" encoding="UTF-8"?>
<!-- Generated by org.testng.reporters.JUnitReportReporter -->
<testsuite hostname="DMANTRASP10250" failures="0" tests="8" name="meghtest.MeghWeekOffPolicyTest" time="824.312" errors="0" timestamp="2025-07-15T17:34:59 IST" skipped="0">
  <testcase classname="meghtest.MeghWeekOffPolicyTest" name="MPI_576_WeekOff_Policy_01" time="78.929"/>
  <system-out/>
  <testcase classname="meghtest.MeghWeekOffPolicyTest" name="MPI_577_WeekOff_Policy_02" time="54.354"/>
  <system-out/>
  <testcase classname="meghtest.MeghWeekOffPolicyTest" name="MPI_578_WeekOff_Policy_03" time="245.113"/>
  <system-out/>
  <testcase classname="meghtest.MeghWeekOffPolicyTest" name="MPI_579_WeekOff_Policy_04" time="123.931"/>
  <system-out/>
  <testcase classname="meghtest.MeghWeekOffPolicyTest" name="MPI_581_WeekOff_Policy_06" time="81.734"/>
  <system-out/>
  <testcase classname="meghtest.MeghWeekOffPolicyTest" name="MPI_582_WeekOff_Policy_07" time="91.537"/>
  <system-out/>
  <testcase classname="meghtest.MeghWeekOffPolicyTest" name="MPI_584_WeekOff_Policy_09" time="2.933"/>
  <system-out/>
  <testcase classname="meghtest.MeghWeekOffPolicyTest" name="MPI_585_WeekOff_Policy_10" time="145.781"/>
  <system-out/>
</testsuite> <!-- meghtest.MeghWeekOffPolicyTest -->
