<?xml version="1.0" encoding="UTF-8"?>
<!-- Generated by org.testng.reporters.JUnitReportReporter -->
<testsuite hostname="DMANTRASP10250" failures="0" tests="8" name="meghtest.MeghMasterDepartmentMappingTest" time="206.235" errors="0" timestamp="2025-07-11T17:39:24 IST" skipped="6">
  <testcase classname="meghtest.MeghMasterDepartmentMappingTest" name="MPI_514_Department_mapping_06" time="144.126"/>
  <system-out/>
  <testcase classname="meghtest.MeghMasterDepartmentMappingTest" name="MPI_515_Department_mapping_07" time="62.109"/>
  <system-out/>
  <testcase classname="meghtest.MeghMasterDepartmentMappingTest" name="MPI_203_Department_10">
    <skipped/>
  </testcase> <!-- MPI_203_Department_10 -->
  <system-out/>
  <testcase classname="meghtest.MeghMasterDepartmentMappingTest" name="MPI_512_Department_mapping_04">
    <skipped/>
  </testcase> <!-- MPI_512_Department_mapping_04 -->
  <system-out/>
  <testcase classname="meghtest.MeghMasterDepartmentMappingTest" name="MPI_511_Department_mapping_03">
    <skipped/>
  </testcase> <!-- MPI_511_Department_mapping_03 -->
  <system-out/>
  <testcase classname="meghtest.MeghMasterDepartmentMappingTest" name="MPI_513_Department_mapping_05">
    <skipped/>
  </testcase> <!-- MPI_513_Department_mapping_05 -->
  <system-out/>
  <testcase classname="meghtest.MeghMasterDepartmentMappingTest" name="MPI_202_Department_09">
    <skipped/>
  </testcase> <!-- MPI_202_Department_09 -->
  <system-out/>
  <testcase classname="meghtest.MeghMasterDepartmentMappingTest" name="MPI_510_Department_mapping_02">
    <skipped/>
  </testcase> <!-- MPI_510_Department_mapping_02 -->
  <system-out/>
</testsuite> <!-- meghtest.MeghMasterDepartmentMappingTest -->
