<?xml version="1.0" encoding="UTF-8"?>
<!-- Generated by org.testng.reporters.JUnitReportReporter -->
<testsuite hostname="DMANTRASP10250" failures="0" tests="19" name="com.MeghPI.Attendance.tests.MeghPIEmpTotalLeaveTakenReportsTest" time="171.122" errors="0" timestamp="2025-12-15T18:19:42 IST" skipped="18">
  <testcase classname="com.MeghPI.Attendance.tests.MeghPIEmpTotalLeaveTakenReportsTest" name="MPI_1852_EmpWeeklyOffReports_03" time="171.122"/>
  <system-out/>
  <testcase classname="com.MeghPI.Attendance.tests.MeghPIEmpTotalLeaveTakenReportsTest" name="MPI_1848_EmpTotalLeaveTakenRejected_Reports_03">
    <skipped/>
  </testcase> <!-- MPI_1848_EmpTotalLeaveTakenRejected_Reports_03 -->
  <system-out/>
  <testcase classname="com.MeghPI.Attendance.tests.MeghPIEmpTotalLeaveTakenReportsTest" name="MPI_1849_EmpTotalLeaveTakenRejected_Reports_04">
    <skipped/>
  </testcase> <!-- MPI_1849_EmpTotalLeaveTakenRejected_Reports_04 -->
  <system-out/>
  <testcase classname="com.MeghPI.Attendance.tests.MeghPIEmpTotalLeaveTakenReportsTest" name="MPI_1846_EmpTotalLeaveTakenRejected_Reports_01">
    <skipped/>
  </testcase> <!-- MPI_1846_EmpTotalLeaveTakenRejected_Reports_01 -->
  <system-out/>
  <testcase classname="com.MeghPI.Attendance.tests.MeghPIEmpTotalLeaveTakenReportsTest" name="MPI_1847_EmpTotalLeaveTakenRejected_Reports_02">
    <skipped/>
  </testcase> <!-- MPI_1847_EmpTotalLeaveTakenRejected_Reports_02 -->
  <system-out/>
  <testcase classname="com.MeghPI.Attendance.tests.MeghPIEmpTotalLeaveTakenReportsTest" name="MPI_1843_EmpTotalLeaveTakenPending_Reports_02">
    <skipped/>
  </testcase> <!-- MPI_1843_EmpTotalLeaveTakenPending_Reports_02 -->
  <system-out/>
  <testcase classname="com.MeghPI.Attendance.tests.MeghPIEmpTotalLeaveTakenReportsTest" name="MPI_1844_EmpTotalLeaveTakenPending_Reports_03">
    <skipped/>
  </testcase> <!-- MPI_1844_EmpTotalLeaveTakenPending_Reports_03 -->
  <system-out/>
  <testcase classname="com.MeghPI.Attendance.tests.MeghPIEmpTotalLeaveTakenReportsTest" name="MPI_1822_EmpTotalLeaveTakenAllReports_04">
    <skipped/>
  </testcase> <!-- MPI_1822_EmpTotalLeaveTakenAllReports_04 -->
  <system-out/>
  <testcase classname="com.MeghPI.Attendance.tests.MeghPIEmpTotalLeaveTakenReportsTest" name="MPI_1850_EmpWeeklyOffReports_01">
    <skipped/>
  </testcase> <!-- MPI_1850_EmpWeeklyOffReports_01 -->
  <system-out/>
  <testcase classname="com.MeghPI.Attendance.tests.MeghPIEmpTotalLeaveTakenReportsTest" name="MPI_1851_EmpWeeklyOffReports_02">
    <skipped/>
  </testcase> <!-- MPI_1851_EmpWeeklyOffReports_02 -->
  <system-out/>
  <testcase classname="com.MeghPI.Attendance.tests.MeghPIEmpTotalLeaveTakenReportsTest" name="MPI_1842_EmpTotalLeaveTakenPending_Reports_01">
    <skipped/>
  </testcase> <!-- MPI_1842_EmpTotalLeaveTakenPending_Reports_01 -->
  <system-out/>
  <testcase classname="com.MeghPI.Attendance.tests.MeghPIEmpTotalLeaveTakenReportsTest" name="MPI_1819_EmpTotalLeaveTakenAllReports_01">
    <skipped/>
  </testcase> <!-- MPI_1819_EmpTotalLeaveTakenAllReports_01 -->
  <system-out/>
  <testcase classname="com.MeghPI.Attendance.tests.MeghPIEmpTotalLeaveTakenReportsTest" name="MPI_1840_EmpTotalLeaveTakenApproved_Reports_03">
    <skipped/>
  </testcase> <!-- MPI_1840_EmpTotalLeaveTakenApproved_Reports_03 -->
  <system-out/>
  <testcase classname="com.MeghPI.Attendance.tests.MeghPIEmpTotalLeaveTakenReportsTest" name="MPI_1820_EmpTotalLeaveTakenAllReports_02">
    <skipped/>
  </testcase> <!-- MPI_1820_EmpTotalLeaveTakenAllReports_02 -->
  <system-out/>
  <testcase classname="com.MeghPI.Attendance.tests.MeghPIEmpTotalLeaveTakenReportsTest" name="MPI_1845_EmpTotalLeaveTakenPending_Reports_04">
    <skipped/>
  </testcase> <!-- MPI_1845_EmpTotalLeaveTakenPending_Reports_04 -->
  <system-out/>
  <testcase classname="com.MeghPI.Attendance.tests.MeghPIEmpTotalLeaveTakenReportsTest" name="MPI_1839_EmpTotalLeaveTakenApproved_Reports_02">
    <skipped/>
  </testcase> <!-- MPI_1839_EmpTotalLeaveTakenApproved_Reports_02 -->
  <system-out/>
  <testcase classname="com.MeghPI.Attendance.tests.MeghPIEmpTotalLeaveTakenReportsTest" name="MPI_1841_EmpTotalLeaveTakenApproved_Reports_04">
    <skipped/>
  </testcase> <!-- MPI_1841_EmpTotalLeaveTakenApproved_Reports_04 -->
  <system-out/>
  <testcase classname="com.MeghPI.Attendance.tests.MeghPIEmpTotalLeaveTakenReportsTest" name="MPI_1838_EmpTotalLeaveTakenApproved_Reports_01">
    <skipped/>
  </testcase> <!-- MPI_1838_EmpTotalLeaveTakenApproved_Reports_01 -->
  <system-out/>
  <testcase classname="com.MeghPI.Attendance.tests.MeghPIEmpTotalLeaveTakenReportsTest" name="MPI_1821_EmpTotalLeaveTakenAllReports_03">
    <skipped/>
  </testcase> <!-- MPI_1821_EmpTotalLeaveTakenAllReports_03 -->
  <system-out/>
</testsuite> <!-- com.MeghPI.Attendance.tests.MeghPIEmpTotalLeaveTakenReportsTest -->
