<?xml version="1.0" encoding="UTF-8"?>
<!-- Generated by org.testng.reporters.JUnitReportReporter -->
<testsuite hostname="DMANTRASP10250" failures="0" tests="6" name="meghtest.MeghEmployeeTest" time="74.596" errors="0" timestamp="2025-07-16T13:08:20 IST" skipped="5">
  <testcase classname="meghtest.MeghEmployeeTest" name="MPI_150_Directory_AddEmployee_05" time="74.596"/>
  <system-out/>
  <testcase classname="meghtest.MeghEmployeeTest" name="MPI_145_Directory_AddEmployee_01">
    <skipped/>
  </testcase> <!-- MPI_145_Directory_AddEmployee_01 -->
  <system-out/>
  <testcase classname="meghtest.MeghEmployeeTest" name="MPI_159_Directory_AddEmployee_14">
    <skipped/>
  </testcase> <!-- MPI_159_Directory_AddEmployee_14 -->
  <system-out/>
  <testcase classname="meghtest.MeghEmployeeTest" name="MPI_149_Directory_AddEmployee_04">
    <skipped/>
  </testcase> <!-- MPI_149_Directory_AddEmployee_04 -->
  <system-out/>
  <testcase classname="meghtest.MeghEmployeeTest" name="MPI_146_Directory_AddEmployee_02">
    <skipped/>
  </testcase> <!-- MPI_146_Directory_AddEmployee_02 -->
  <system-out/>
  <testcase classname="meghtest.MeghEmployeeTest" name="MPI_148_Directory_AddEmployee_03">
    <skipped/>
  </testcase> <!-- MPI_148_Directory_AddEmployee_03 -->
  <system-out/>
</testsuite> <!-- meghtest.MeghEmployeeTest -->
