<?xml version="1.0" encoding="UTF-8"?>
<!-- Generated by org.testng.reporters.JUnitReportReporter -->
<testsuite hostname="DMANTRASP10250" failures="0" tests="8" name="com.MeghPI.Attendance.tests.MeghPILateArrivalReportsTest" time="229.215" errors="0" timestamp="2025-11-13T12:44:42 IST" skipped="5">
  <testcase classname="com.MeghPI.Attendance.tests.MeghPILateArrivalReportsTest" name="MPI_1238_LateArrivalReport_01" time="72.199"/>
  <system-out/>
  <testcase classname="com.MeghPI.Attendance.tests.MeghPILateArrivalReportsTest" name="MPI_1247_LateArrivalReport_10" time="79.404"/>
  <system-out/>
  <testcase classname="com.MeghPI.Attendance.tests.MeghPILateArrivalReportsTest" name="MPI_1248_LateArrivalReport_11" time="77.612"/>
  <system-out/>
  <testcase classname="com.MeghPI.Attendance.tests.MeghPILateArrivalReportsTest" name="MPI_1244_LateArrivalReport_07">
    <skipped/>
  </testcase> <!-- MPI_1244_LateArrivalReport_07 -->
  <system-out/>
  <testcase classname="com.MeghPI.Attendance.tests.MeghPILateArrivalReportsTest" name="MPI_1241_LateArrivalReport_04">
    <skipped/>
  </testcase> <!-- MPI_1241_LateArrivalReport_04 -->
  <system-out/>
  <testcase classname="com.MeghPI.Attendance.tests.MeghPILateArrivalReportsTest" name="MPI_1239_LateArrivalReport_02">
    <skipped/>
  </testcase> <!-- MPI_1239_LateArrivalReport_02 -->
  <system-out/>
  <testcase classname="com.MeghPI.Attendance.tests.MeghPILateArrivalReportsTest" name="MPI_1243_LateArrivalReport_06">
    <skipped/>
  </testcase> <!-- MPI_1243_LateArrivalReport_06 -->
  <system-out/>
  <testcase classname="com.MeghPI.Attendance.tests.MeghPILateArrivalReportsTest" name="MPI_1242_LateArrivalReport_05">
    <skipped/>
  </testcase> <!-- MPI_1242_LateArrivalReport_05 -->
  <system-out/>
</testsuite> <!-- com.MeghPI.Attendance.tests.MeghPILateArrivalReportsTest -->
