<?xml version="1.0" encoding="UTF-8"?>
<!-- Generated by org.testng.reporters.JUnitReportReporter -->
<testsuite hostname="DMANTRASP10250" failures="0" tests="6" name="meghtest.MeghMasterGradeTest" time="61.517" errors="0" timestamp="2025-07-15T14:57:14 IST" skipped="5">
  <testcase classname="meghtest.MeghMasterGradeTest" name="MPI_289_Grade_01" time="61.517"/>
  <system-out/>
  <testcase classname="meghtest.MeghMasterGradeTest" name="MPI_300_Grade_12">
    <skipped/>
  </testcase> <!-- MPI_300_Grade_12 -->
  <system-out/>
  <testcase classname="meghtest.MeghMasterGradeTest" name="MPI_292_Grade_04">
    <skipped/>
  </testcase> <!-- MPI_292_Grade_04 -->
  <system-out/>
  <testcase classname="meghtest.MeghMasterGradeTest" name="MPI_299_Grade_11">
    <skipped/>
  </testcase> <!-- MPI_299_Grade_11 -->
  <system-out/>
  <testcase classname="meghtest.MeghMasterGradeTest" name="MPI_298_Grade_10">
    <skipped/>
  </testcase> <!-- MPI_298_Grade_10 -->
  <system-out/>
  <testcase classname="meghtest.MeghMasterGradeTest" name="MPI_290_Grade_02">
    <skipped/>
  </testcase> <!-- MPI_290_Grade_02 -->
  <system-out/>
</testsuite> <!-- meghtest.MeghMasterGradeTest -->
