<?xml version="1.0" encoding="UTF-8"?>
<!-- Generated by org.testng.reporters.JUnitReportReporter -->
<testsuite hostname="DMANTRASP10250" failures="0" tests="6" name="com.MeghPI.Attendance.tests.MeghShiftTest" time="82.846" errors="0" timestamp="2025-10-09T13:38:00 IST" skipped="5">
  <testcase classname="com.MeghPI.Attendance.tests.MeghShiftTest" name="MPI_1171_MeghPi_Shift_31" time="82.846"/>
  <system-out/>
  <testcase classname="com.MeghPI.Attendance.tests.MeghShiftTest" name="MPI_543_MeghPi_Shift_19">
    <skipped/>
  </testcase> <!-- MPI_543_MeghPi_Shift_19 -->
  <system-out/>
  <testcase classname="com.MeghPI.Attendance.tests.MeghShiftTest" name="MPI_538_MeghPi_Shift_14">
    <skipped/>
  </testcase> <!-- MPI_538_MeghPi_Shift_14 -->
  <system-out/>
  <testcase classname="com.MeghPI.Attendance.tests.MeghShiftTest" name="MPI_162_MeghPi_Shift_01">
    <skipped/>
  </testcase> <!-- MPI_162_MeghPi_Shift_01 -->
  <system-out/>
  <testcase classname="com.MeghPI.Attendance.tests.MeghShiftTest" name="MPI_537_MeghPi_Shift_13">
    <skipped/>
  </testcase> <!-- MPI_537_MeghPi_Shift_13 -->
  <system-out/>
  <testcase classname="com.MeghPI.Attendance.tests.MeghShiftTest" name="MPI_540_MeghPi_Shift_16">
    <skipped/>
  </testcase> <!-- MPI_540_MeghPi_Shift_16 -->
  <system-out/>
</testsuite> <!-- com.MeghPI.Attendance.tests.MeghShiftTest -->
