<?xml version="1.0" encoding="UTF-8"?>
<!-- Generated by org.testng.reporters.JUnitReportReporter -->
<testsuite hostname="DMANTRASP10250" failures="0" tests="35" name="com.MeghPI.Attendance.tests.MeghPIMSAttendanceTest" time="8.370" errors="0" timestamp="2025-09-03T19:26:35 IST" skipped="29">
  <testcase classname="com.MeghPI.Attendance.tests.MeghPIMSAttendanceTest" name="MPI_686_Normal_Attendance_42" time="2.394"/>
  <system-out/>
  <testcase classname="com.MeghPI.Attendance.tests.MeghPIMSAttendanceTest" name="MPI_666_Normal_Attendance_41" time="0.680"/>
  <system-out/>
  <testcase classname="com.MeghPI.Attendance.tests.MeghPIMSAttendanceTest" name="MPI_671_Normal_Attendance_38" time="0.692"/>
  <system-out/>
  <testcase classname="com.MeghPI.Attendance.tests.MeghPIMSAttendanceTest" name="MPI_672_Normal_Attendance_39" time="1.878"/>
  <system-out/>
  <testcase classname="com.MeghPI.Attendance.tests.MeghPIMSAttendanceTest" name="MPI_673_Normal_Attendance_40" time="1.794"/>
  <system-out/>
  <testcase classname="com.MeghPI.Attendance.tests.MeghPIMSAttendanceTest" name="MPI_729_Normal_Attendance_57" time="0.932"/>
  <system-out/>
  <testcase classname="com.MeghPI.Attendance.tests.MeghPIMSAttendanceTest" name="MPI_659_Normal_Attendance_46">
    <skipped/>
  </testcase> <!-- MPI_659_Normal_Attendance_46 -->
  <system-out/>
  <testcase classname="com.MeghPI.Attendance.tests.MeghPIMSAttendanceTest" name="MPI_657_Normal_Attendance_47">
    <skipped/>
  </testcase> <!-- MPI_657_Normal_Attendance_47 -->
  <system-out/>
  <testcase classname="com.MeghPI.Attendance.tests.MeghPIMSAttendanceTest" name="MPI_731_Normal_Attendance_59">
    <skipped/>
  </testcase> <!-- MPI_731_Normal_Attendance_59 -->
  <system-out/>
  <testcase classname="com.MeghPI.Attendance.tests.MeghPIMSAttendanceTest" name="MPI_644_Normal_Attendance_16">
    <skipped/>
  </testcase> <!-- MPI_644_Normal_Attendance_16 -->
  <system-out/>
  <testcase classname="com.MeghPI.Attendance.tests.MeghPIMSAttendanceTest" name="MPI_683_Normal_Attendance_29">
    <skipped/>
  </testcase> <!-- MPI_683_Normal_Attendance_29 -->
  <system-out/>
  <testcase classname="com.MeghPI.Attendance.tests.MeghPIMSAttendanceTest" name="MPI_698_Normal_Attendance_53">
    <skipped/>
  </testcase> <!-- MPI_698_Normal_Attendance_53 -->
  <system-out/>
  <testcase classname="com.MeghPI.Attendance.tests.MeghPIMSAttendanceTest" name="MPI_655_Normal_Attendance_27">
    <skipped/>
  </testcase> <!-- MPI_655_Normal_Attendance_27 -->
  <system-out/>
  <testcase classname="com.MeghPI.Attendance.tests.MeghPIMSAttendanceTest" name="MPI_668_Normal_Attendance_43">
    <skipped/>
  </testcase> <!-- MPI_668_Normal_Attendance_43 -->
  <system-out/>
  <testcase classname="com.MeghPI.Attendance.tests.MeghPIMSAttendanceTest" name="MPI_647_Normal_Attendance_19">
    <skipped/>
  </testcase> <!-- MPI_647_Normal_Attendance_19 -->
  <system-out/>
  <testcase classname="com.MeghPI.Attendance.tests.MeghPIMSAttendanceTest" name="MPI_728_Normal_Attendance_56">
    <skipped/>
  </testcase> <!-- MPI_728_Normal_Attendance_56 -->
  <system-out/>
  <testcase classname="com.MeghPI.Attendance.tests.MeghPIMSAttendanceTest" name="MPI_860_Normal_Attendance_69">
    <skipped/>
  </testcase> <!-- MPI_860_Normal_Attendance_69 -->
  <system-out/>
  <testcase classname="com.MeghPI.Attendance.tests.MeghPIMSAttendanceTest" name="MPI_685_Normal_Attendance_31">
    <skipped/>
  </testcase> <!-- MPI_685_Normal_Attendance_31 -->
  <system-out/>
  <testcase classname="com.MeghPI.Attendance.tests.MeghPIMSAttendanceTest" name="MPI_656_Normal_Attendance_44">
    <skipped/>
  </testcase> <!-- MPI_656_Normal_Attendance_44 -->
  <system-out/>
  <testcase classname="com.MeghPI.Attendance.tests.MeghPIMSAttendanceTest" name="MPI_632_Normal_Attendance_04">
    <skipped/>
  </testcase> <!-- MPI_632_Normal_Attendance_04 -->
  <system-out/>
  <testcase classname="com.MeghPI.Attendance.tests.MeghPIMSAttendanceTest" name="MPI_697_Normal_Attendance_52">
    <skipped/>
  </testcase> <!-- MPI_697_Normal_Attendance_52 -->
  <system-out/>
  <testcase classname="com.MeghPI.Attendance.tests.MeghPIMSAttendanceTest" name="MPI_638_Normal_Attendance_10">
    <skipped/>
  </testcase> <!-- MPI_638_Normal_Attendance_10 -->
  <system-out/>
  <testcase classname="com.MeghPI.Attendance.tests.MeghPIMSAttendanceTest" name="MPI_637_Normal_Attendance_09">
    <skipped/>
  </testcase> <!-- MPI_637_Normal_Attendance_09 -->
  <system-out/>
  <testcase classname="com.MeghPI.Attendance.tests.MeghPIMSAttendanceTest" name="MPI_730_Normal_Attendance_58">
    <skipped/>
  </testcase> <!-- MPI_730_Normal_Attendance_58 -->
  <system-out/>
  <testcase classname="com.MeghPI.Attendance.tests.MeghPIMSAttendanceTest" name="MPI_727_Normal_Attendance_55">
    <skipped/>
  </testcase> <!-- MPI_727_Normal_Attendance_55 -->
  <system-out/>
  <testcase classname="com.MeghPI.Attendance.tests.MeghPIMSAttendanceTest" name="MPI_630_Normal_Attendance_02">
    <skipped/>
  </testcase> <!-- MPI_630_Normal_Attendance_02 -->
  <system-out/>
  <testcase classname="com.MeghPI.Attendance.tests.MeghPIMSAttendanceTest" name="MPI_442_Normal_Attendance_45">
    <skipped/>
  </testcase> <!-- MPI_442_Normal_Attendance_45 -->
  <system-out/>
  <testcase classname="com.MeghPI.Attendance.tests.MeghPIMSAttendanceTest" name="MPI_641_Normal_Attendance_13">
    <skipped/>
  </testcase> <!-- MPI_641_Normal_Attendance_13 -->
  <system-out/>
  <testcase classname="com.MeghPI.Attendance.tests.MeghPIMSAttendanceTest" name="MPI_440_Normal_Attendance_48">
    <skipped/>
  </testcase> <!-- MPI_440_Normal_Attendance_48 -->
  <system-out/>
  <testcase classname="com.MeghPI.Attendance.tests.MeghPIMSAttendanceTest" name="MPI_861_Normal_Attendance_70">
    <skipped/>
  </testcase> <!-- MPI_861_Normal_Attendance_70 -->
  <system-out/>
  <testcase classname="com.MeghPI.Attendance.tests.MeghPIMSAttendanceTest" name="MPI_684_Normal_Attendance_30">
    <skipped/>
  </testcase> <!-- MPI_684_Normal_Attendance_30 -->
  <system-out/>
  <testcase classname="com.MeghPI.Attendance.tests.MeghPIMSAttendanceTest" name="MPI_646_Normal_Attendance_18">
    <skipped/>
  </testcase> <!-- MPI_646_Normal_Attendance_18 -->
  <system-out/>
  <testcase classname="com.MeghPI.Attendance.tests.MeghPIMSAttendanceTest" name="MPI_678_Normal_Attendance_28">
    <skipped/>
  </testcase> <!-- MPI_678_Normal_Attendance_28 -->
  <system-out/>
  <testcase classname="com.MeghPI.Attendance.tests.MeghPIMSAttendanceTest" name="MPI_652_Normal_Attendance_24">
    <skipped/>
  </testcase> <!-- MPI_652_Normal_Attendance_24 -->
  <system-out/>
  <testcase classname="com.MeghPI.Attendance.tests.MeghPIMSAttendanceTest" name="MPI_724_Normal_Attendance_54">
    <skipped/>
  </testcase> <!-- MPI_724_Normal_Attendance_54 -->
  <system-out/>
</testsuite> <!-- com.MeghPI.Attendance.tests.MeghPIMSAttendanceTest -->
