<?xml version="1.0" encoding="UTF-8"?>
<!-- Generated by org.testng.reporters.JUnitReportReporter -->
<testsuite hostname="DMANTRASP10250" failures="0" tests="16" name="com.MeghPI.Attendance.tests.MeghPIEmpRegularizationRequestReportTest" time="148.625" errors="0" timestamp="2025-12-12T15:21:00 IST" skipped="15">
  <testcase classname="com.MeghPI.Attendance.tests.MeghPIEmpRegularizationRequestReportTest" name="MPI_1797_Emp_RejectedRegularization_Reports_04" time="148.625"/>
  <system-out/>
  <testcase classname="com.MeghPI.Attendance.tests.MeghPIEmpRegularizationRequestReportTest" name="MPI_1782_Emp_Regularization_Reports_04">
    <skipped/>
  </testcase> <!-- MPI_1782_Emp_Regularization_Reports_04 -->
  <system-out/>
  <testcase classname="com.MeghPI.Attendance.tests.MeghPIEmpRegularizationRequestReportTest" name="MPI_1796_Emp_RejectedRegularization_Reports_03">
    <skipped/>
  </testcase> <!-- MPI_1796_Emp_RejectedRegularization_Reports_03 -->
  <system-out/>
  <testcase classname="com.MeghPI.Attendance.tests.MeghPIEmpRegularizationRequestReportTest" name="MPI_1784_Emp_PendingRegularization_Reports_01">
    <skipped/>
  </testcase> <!-- MPI_1784_Emp_PendingRegularization_Reports_01 -->
  <system-out/>
  <testcase classname="com.MeghPI.Attendance.tests.MeghPIEmpRegularizationRequestReportTest" name="MPI_1788_Emp_PendingRegularization_Reports_05">
    <skipped/>
  </testcase> <!-- MPI_1788_Emp_PendingRegularization_Reports_05 -->
  <system-out/>
  <testcase classname="com.MeghPI.Attendance.tests.MeghPIEmpRegularizationRequestReportTest" name="MPI_1780_Emp_Regularization_Reports_02">
    <skipped/>
  </testcase> <!-- MPI_1780_Emp_Regularization_Reports_02 -->
  <system-out/>
  <testcase classname="com.MeghPI.Attendance.tests.MeghPIEmpRegularizationRequestReportTest" name="MPI_1794_Emp_RejectedRegularization_Reports_01">
    <skipped/>
  </testcase> <!-- MPI_1794_Emp_RejectedRegularization_Reports_01 -->
  <system-out/>
  <testcase classname="com.MeghPI.Attendance.tests.MeghPIEmpRegularizationRequestReportTest" name="MPI_1795_Emp_RejectedRegularization_Reports_02">
    <skipped/>
  </testcase> <!-- MPI_1795_Emp_RejectedRegularization_Reports_02 -->
  <system-out/>
  <testcase classname="com.MeghPI.Attendance.tests.MeghPIEmpRegularizationRequestReportTest" name="MPI_1779_Emp_Regularization_Reports_01">
    <skipped/>
  </testcase> <!-- MPI_1779_Emp_Regularization_Reports_01 -->
  <system-out/>
  <testcase classname="com.MeghPI.Attendance.tests.MeghPIEmpRegularizationRequestReportTest" name="MPI_1785_Emp_PendingRegularization_Reports_02">
    <skipped/>
  </testcase> <!-- MPI_1785_Emp_PendingRegularization_Reports_02 -->
  <system-out/>
  <testcase classname="com.MeghPI.Attendance.tests.MeghPIEmpRegularizationRequestReportTest" name="MPI_1783_Emp_Regularization_Reports_05">
    <skipped/>
  </testcase> <!-- MPI_1783_Emp_Regularization_Reports_05 -->
  <system-out/>
  <testcase classname="com.MeghPI.Attendance.tests.MeghPIEmpRegularizationRequestReportTest" name="MPI_1793_Emp_ApprovedRegularization_Reports_04">
    <skipped/>
  </testcase> <!-- MPI_1793_Emp_ApprovedRegularization_Reports_04 -->
  <system-out/>
  <testcase classname="com.MeghPI.Attendance.tests.MeghPIEmpRegularizationRequestReportTest" name="MPI_1790_Emp_ApprovedRegularization_Reports_01">
    <skipped/>
  </testcase> <!-- MPI_1790_Emp_ApprovedRegularization_Reports_01 -->
  <system-out/>
  <testcase classname="com.MeghPI.Attendance.tests.MeghPIEmpRegularizationRequestReportTest" name="MPI_1791_Emp_ApprovedRegularization_Reports_02">
    <skipped/>
  </testcase> <!-- MPI_1791_Emp_ApprovedRegularization_Reports_02 -->
  <system-out/>
  <testcase classname="com.MeghPI.Attendance.tests.MeghPIEmpRegularizationRequestReportTest" name="MPI_1787_Emp_PendingRegularization_Reports_04">
    <skipped/>
  </testcase> <!-- MPI_1787_Emp_PendingRegularization_Reports_04 -->
  <system-out/>
  <testcase classname="com.MeghPI.Attendance.tests.MeghPIEmpRegularizationRequestReportTest" name="MPI_1792_Emp_ApprovedRegularization_Reports_03">
    <skipped/>
  </testcase> <!-- MPI_1792_Emp_ApprovedRegularization_Reports_03 -->
  <system-out/>
</testsuite> <!-- com.MeghPI.Attendance.tests.MeghPIEmpRegularizationRequestReportTest -->
