<?xml version="1.0" encoding="UTF-8"?>
<!-- Generated by org.testng.reporters.JUnitReportReporter -->
<testsuite hostname="DMANTRASP10250" failures="0" tests="46" name="com.MeghPI.Attendance.tests.MeghPIAttendanceReportsTest" time="126.431" errors="0" timestamp="2025-11-13T11:42:09 IST" skipped="45">
  <testcase classname="com.MeghPI.Attendance.tests.MeghPIAttendanceReportsTest" name="MPI_1004_inout_reports_12" time="126.431"/>
  <system-out/>
  <testcase classname="com.MeghPI.Attendance.tests.MeghPIAttendanceReportsTest" name="MPI_938_punch_report_05">
    <skipped/>
  </testcase> <!-- MPI_938_punch_report_05 -->
  <system-out/>
  <testcase classname="com.MeghPI.Attendance.tests.MeghPIAttendanceReportsTest" name="MPI_956_Attendance_report_01">
    <skipped/>
  </testcase> <!-- MPI_956_Attendance_report_01 -->
  <system-out/>
  <testcase classname="com.MeghPI.Attendance.tests.MeghPIAttendanceReportsTest" name="MPI_995_missingpunch_report_07">
    <skipped/>
  </testcase> <!-- MPI_995_missingpunch_report_07 -->
  <system-out/>
  <testcase classname="com.MeghPI.Attendance.tests.MeghPIAttendanceReportsTest" name="MPI_1000_punch_report_12">
    <skipped/>
  </testcase> <!-- MPI_1000_punch_report_12 -->
  <system-out/>
  <testcase classname="com.MeghPI.Attendance.tests.MeghPIAttendanceReportsTest" name="MPI_950_inout_reports_06">
    <skipped/>
  </testcase> <!-- MPI_950_inout_reports_06 -->
  <system-out/>
  <testcase classname="com.MeghPI.Attendance.tests.MeghPIAttendanceReportsTest" name="MPI_989_missingpunch_report_01">
    <skipped/>
  </testcase> <!-- MPI_989_missingpunch_report_01 -->
  <system-out/>
  <testcase classname="com.MeghPI.Attendance.tests.MeghPIAttendanceReportsTest" name="MPI_983_Attendance_report_13">
    <skipped/>
  </testcase> <!-- MPI_983_Attendance_report_13 -->
  <system-out/>
  <testcase classname="com.MeghPI.Attendance.tests.MeghPIAttendanceReportsTest" name="MPI_941_punch_report_08">
    <skipped/>
  </testcase> <!-- MPI_941_punch_report_08 -->
  <system-out/>
  <testcase classname="com.MeghPI.Attendance.tests.MeghPIAttendanceReportsTest" name="MPI_1031_missingpunch_report_14">
    <skipped/>
  </testcase> <!-- MPI_1031_missingpunch_report_14 -->
  <system-out/>
  <testcase classname="com.MeghPI.Attendance.tests.MeghPIAttendanceReportsTest" name="MPI_1036_missingpunch_report_18">
    <skipped/>
  </testcase> <!-- MPI_1036_missingpunch_report_18 -->
  <system-out/>
  <testcase classname="com.MeghPI.Attendance.tests.MeghPIAttendanceReportsTest" name="MPI_1008_Attendance_report_20">
    <skipped/>
  </testcase> <!-- MPI_1008_Attendance_report_20 -->
  <system-out/>
  <testcase classname="com.MeghPI.Attendance.tests.MeghPIAttendanceReportsTest" name="MPI_993_missingpunch_report_05">
    <skipped/>
  </testcase> <!-- MPI_993_missingpunch_report_05 -->
  <system-out/>
  <testcase classname="com.MeghPI.Attendance.tests.MeghPIAttendanceReportsTest" name="MPI_974_Attendance_report_09">
    <skipped/>
  </testcase> <!-- MPI_974_Attendance_report_09 -->
  <system-out/>
  <testcase classname="com.MeghPI.Attendance.tests.MeghPIAttendanceReportsTest" name="MPI_937_punch_report_04">
    <skipped/>
  </testcase> <!-- MPI_937_punch_report_04 -->
  <system-out/>
  <testcase classname="com.MeghPI.Attendance.tests.MeghPIAttendanceReportsTest" name="MPI_1007_Attendance_report_19">
    <skipped/>
  </testcase> <!-- MPI_1007_Attendance_report_19 -->
  <system-out/>
  <testcase classname="com.MeghPI.Attendance.tests.MeghPIAttendanceReportsTest" name="MPI_1005_Attendance_report_17">
    <skipped/>
  </testcase> <!-- MPI_1005_Attendance_report_17 -->
  <system-out/>
  <testcase classname="com.MeghPI.Attendance.tests.MeghPIAttendanceReportsTest" name="MPI_959_Attendance_report_04">
    <skipped/>
  </testcase> <!-- MPI_959_Attendance_report_04 -->
  <system-out/>
  <testcase classname="com.MeghPI.Attendance.tests.MeghPIAttendanceReportsTest" name="MPI_948_inout_reports_04">
    <skipped/>
  </testcase> <!-- MPI_948_inout_reports_04 -->
  <system-out/>
  <testcase classname="com.MeghPI.Attendance.tests.MeghPIAttendanceReportsTest" name="MPI_986_Attendance_report_16">
    <skipped/>
  </testcase> <!-- MPI_986_Attendance_report_16 -->
  <system-out/>
  <testcase classname="com.MeghPI.Attendance.tests.MeghPIAttendanceReportsTest" name="MPI_1029_missingpunch_report_12">
    <skipped/>
  </testcase> <!-- MPI_1029_missingpunch_report_12 -->
  <system-out/>
  <testcase classname="com.MeghPI.Attendance.tests.MeghPIAttendanceReportsTest" name="MPI_971_Attendance_report_07">
    <skipped/>
  </testcase> <!-- MPI_971_Attendance_report_07 -->
  <system-out/>
  <testcase classname="com.MeghPI.Attendance.tests.MeghPIAttendanceReportsTest" name="MPI_940_punch_report_07">
    <skipped/>
  </testcase> <!-- MPI_940_punch_report_07 -->
  <system-out/>
  <testcase classname="com.MeghPI.Attendance.tests.MeghPIAttendanceReportsTest" name="MPI_973_Attendance_report_08">
    <skipped/>
  </testcase> <!-- MPI_973_Attendance_report_08 -->
  <system-out/>
  <testcase classname="com.MeghPI.Attendance.tests.MeghPIAttendanceReportsTest" name="MPI_952_inout_reports_08">
    <skipped/>
  </testcase> <!-- MPI_952_inout_reports_08 -->
  <system-out/>
  <testcase classname="com.MeghPI.Attendance.tests.MeghPIAttendanceReportsTest" name="MPI_996_missingpunch_report_08">
    <skipped/>
  </testcase> <!-- MPI_996_missingpunch_report_08 -->
  <system-out/>
  <testcase classname="com.MeghPI.Attendance.tests.MeghPIAttendanceReportsTest" name="MPI_934_punch_report_01">
    <skipped/>
  </testcase> <!-- MPI_934_punch_report_01 -->
  <system-out/>
  <testcase classname="com.MeghPI.Attendance.tests.MeghPIAttendanceReportsTest" name="MPI_994_missingpunch_report_06">
    <skipped/>
  </testcase> <!-- MPI_994_missingpunch_report_06 -->
  <system-out/>
  <testcase classname="com.MeghPI.Attendance.tests.MeghPIAttendanceReportsTest" name="MPI_945_inout_reports_01">
    <skipped/>
  </testcase> <!-- MPI_945_inout_reports_01 -->
  <system-out/>
  <testcase classname="com.MeghPI.Attendance.tests.MeghPIAttendanceReportsTest" name="MPI_957_Attendance_report_02">
    <skipped/>
  </testcase> <!-- MPI_957_Attendance_report_02 -->
  <system-out/>
  <testcase classname="com.MeghPI.Attendance.tests.MeghPIAttendanceReportsTest" name="MPI_990_missingpunch_report_02">
    <skipped/>
  </testcase> <!-- MPI_990_missingpunch_report_02 -->
  <system-out/>
  <testcase classname="com.MeghPI.Attendance.tests.MeghPIAttendanceReportsTest" name="MPI_1030_missingpunch_report_13">
    <skipped/>
  </testcase> <!-- MPI_1030_missingpunch_report_13 -->
  <system-out/>
  <testcase classname="com.MeghPI.Attendance.tests.MeghPIAttendanceReportsTest" name="MPI_1038_missingpunch_report_20">
    <skipped/>
  </testcase> <!-- MPI_1038_missingpunch_report_20 -->
  <system-out/>
  <testcase classname="com.MeghPI.Attendance.tests.MeghPIAttendanceReportsTest" name="MPI_984_Attendance_report_14">
    <skipped/>
  </testcase> <!-- MPI_984_Attendance_report_14 -->
  <system-out/>
  <testcase classname="com.MeghPI.Attendance.tests.MeghPIAttendanceReportsTest" name="MPI_1037_missingpunch_report_19">
    <skipped/>
  </testcase> <!-- MPI_1037_missingpunch_report_19 -->
  <system-out/>
  <testcase classname="com.MeghPI.Attendance.tests.MeghPIAttendanceReportsTest" name="MPI_949_inout_reports_05">
    <skipped/>
  </testcase> <!-- MPI_949_inout_reports_05 -->
  <system-out/>
  <testcase classname="com.MeghPI.Attendance.tests.MeghPIAttendanceReportsTest" name="MPI_939_punch_report_06">
    <skipped/>
  </testcase> <!-- MPI_939_punch_report_06 -->
  <system-out/>
  <testcase classname="com.MeghPI.Attendance.tests.MeghPIAttendanceReportsTest" name="MPI_992_missingpunch_report_04">
    <skipped/>
  </testcase> <!-- MPI_992_missingpunch_report_04 -->
  <system-out/>
  <testcase classname="com.MeghPI.Attendance.tests.MeghPIAttendanceReportsTest" name="MPI_985_Attendance_report_15">
    <skipped/>
  </testcase> <!-- MPI_985_Attendance_report_15 -->
  <system-out/>
  <testcase classname="com.MeghPI.Attendance.tests.MeghPIAttendanceReportsTest" name="MPI_946_inout_reports_02">
    <skipped/>
  </testcase> <!-- MPI_946_inout_reports_02 -->
  <system-out/>
  <testcase classname="com.MeghPI.Attendance.tests.MeghPIAttendanceReportsTest" name="MPI_970_Attendance_report_06">
    <skipped/>
  </testcase> <!-- MPI_970_Attendance_report_06 -->
  <system-out/>
  <testcase classname="com.MeghPI.Attendance.tests.MeghPIAttendanceReportsTest" name="MPI_1006_Attendance_report_18">
    <skipped/>
  </testcase> <!-- MPI_1006_Attendance_report_18 -->
  <system-out/>
  <testcase classname="com.MeghPI.Attendance.tests.MeghPIAttendanceReportsTest" name="MPI_967_Attendance_report_05">
    <skipped/>
  </testcase> <!-- MPI_967_Attendance_report_05 -->
  <system-out/>
  <testcase classname="com.MeghPI.Attendance.tests.MeghPIAttendanceReportsTest" name="MPI_951_inout_reports_07">
    <skipped/>
  </testcase> <!-- MPI_951_inout_reports_07 -->
  <system-out/>
  <testcase classname="com.MeghPI.Attendance.tests.MeghPIAttendanceReportsTest" name="MPI_1034_missingpunch_report_17">
    <skipped/>
  </testcase> <!-- MPI_1034_missingpunch_report_17 -->
  <system-out/>
  <testcase classname="com.MeghPI.Attendance.tests.MeghPIAttendanceReportsTest" name="MPI_935_punch_report_02">
    <skipped/>
  </testcase> <!-- MPI_935_punch_report_02 -->
  <system-out/>
</testsuite> <!-- com.MeghPI.Attendance.tests.MeghPIAttendanceReportsTest -->
