<?xml version="1.0" encoding="UTF-8"?>
<!-- Generated by org.testng.reporters.JUnitReportReporter -->
<testsuite hostname="DMANTRASP10250" failures="2" tests="13" name="com.MeghPI.Attendance.tests.MeghMasterOfficeTest" time="319.520" errors="1" timestamp="2025-10-09T13:40:12 IST" skipped="10">
  <testcase classname="com.MeghPI.Attendance.tests.MeghMasterOfficeTest" name="Aftermethod" time="0.037">
    <error message="invalid session id
Build info: version: &#039;4.36.0&#039;, revision: &#039;6d115cfd87&#039;
System info: os.name: &#039;Windows 10&#039;, os.arch: &#039;amd64&#039;, os.version: &#039;10.0&#039;, java.version: &#039;17.0.11&#039;
Driver info: org.openqa.selenium.chrome.ChromeDriver
Command: [97045161445b67fd3d0c3be5b3e04cff, executeScript {args=[], script=var toast = document.createElement(&#039;div&#039;);toast.innerText = `Total Pass : 0 Total Fail : 2  Total TC : 2`;toast.style.position = &#039;fixed&#039;;toast.style.top = &#039;50%&#039;;toast.style.left = &#039;50%&#039;;toast.style.transform = &#039;translate(-50%, -50%)&#039;;toast.style.backgroundColor = &#039;#17a2b8&#039;;toast.style.color = &#039;white&#039;;toast.style.padding = &#039;20px 30px&#039;;toast.style.borderRadius = &#039;8px&#039;;toast.style.boxShadow = &#039;0 0 15px rgba(0,0,0,0.3)&#039;;toast.style.zIndex = &#039;9999&#039;;toast.style.fontFamily = &#039;Arial, sans-serif&#039;;toast.style.fontSize = &#039;16px&#039;;toast.style.textAlign = &#039;center&#039;;toast.style.opacity = &#039;1&#039;;toast.style.transition = &#039;opacity 0.5s ease&#039;;document.body.appendChild(toast);setTimeout(function() { toast.style.opacity = &#039;0&#039;; }, 3500);setTimeout(function() { toast.remove(); }, 4000);}]
Capabilities {acceptInsecureCerts: true, browserName: chrome, browserVersion: 140.0.7339.210, chrome: {chromedriverVersion: 140.0.7339.207 (17230b545fd..., userDataDir: C:\Users\Pramod.C\AppData\L...}, fedcm:accounts: true, goog:chromeOptions: {debuggerAddress: localhost:50271}, networkConnectionEnabled: false, pageLoadStrategy: none, platformName: windows, proxy: Proxy(), se:cdp: ws://localhost:50271/devtoo..., se:cdpVersion: 140.0.7339.210, setWindowRect: true, strictFileInteractability: false, timeouts: {implicit: 0, pageLoad: 300000, script: 30000}, unhandledPromptBehavior: dismiss and notify, webauthn:extension:credBlob: true, webauthn:extension:largeBlob: true, webauthn:extension:minPinLength: true, webauthn:extension:prf: true, webauthn:virtualAuthenticators: true}
Session ID: 97045161445b67fd3d0c3be5b3e04cff" type="org.openqa.selenium.NoSuchSessionException">
      <![CDATA[org.openqa.selenium.NoSuchSessionException: invalid session id
Build info: version: '4.36.0', revision: '6d115cfd87'
System info: os.name: 'Windows 10', os.arch: 'amd64', os.version: '10.0', java.version: '17.0.11'
Driver info: org.openqa.selenium.chrome.ChromeDriver
Command: [97045161445b67fd3d0c3be5b3e04cff, executeScript {args=[], script=var toast = document.createElement('div');toast.innerText = `Total Pass : 0 Total Fail : 2  Total TC : 2`;toast.style.position = 'fixed';toast.style.top = '50%';toast.style.left = '50%';toast.style.transform = 'translate(-50%, -50%)';toast.style.backgroundColor = '#17a2b8';toast.style.color = 'white';toast.style.padding = '20px 30px';toast.style.borderRadius = '8px';toast.style.boxShadow = '0 0 15px rgba(0,0,0,0.3)';toast.style.zIndex = '9999';toast.style.fontFamily = 'Arial, sans-serif';toast.style.fontSize = '16px';toast.style.textAlign = 'center';toast.style.opacity = '1';toast.style.transition = 'opacity 0.5s ease';document.body.appendChild(toast);setTimeout(function() { toast.style.opacity = '0'; }, 3500);setTimeout(function() { toast.remove(); }, 4000);}]
Capabilities {acceptInsecureCerts: true, browserName: chrome, browserVersion: 140.0.7339.210, chrome: {chromedriverVersion: 140.0.7339.207 (17230b545fd..., userDataDir: C:\Users\Pramod.C\AppData\L...}, fedcm:accounts: true, goog:chromeOptions: {debuggerAddress: localhost:50271}, networkConnectionEnabled: false, pageLoadStrategy: none, platformName: windows, proxy: Proxy(), se:cdp: ws://localhost:50271/devtoo..., se:cdpVersion: 140.0.7339.210, setWindowRect: true, strictFileInteractability: false, timeouts: {implicit: 0, pageLoad: 300000, script: 30000}, unhandledPromptBehavior: dismiss and notify, webauthn:extension:credBlob: true, webauthn:extension:largeBlob: true, webauthn:extension:minPinLength: true, webauthn:extension:prf: true, webauthn:virtualAuthenticators: true}
Session ID: 97045161445b67fd3d0c3be5b3e04cff
at jdk.internal.reflect.GeneratedConstructorAccessor50.newInstance(Unknown Source)
at java.base/jdk.internal.reflect.DelegatingConstructorAccessorImpl.newInstance(DelegatingConstructorAccessorImpl.java:45)
at java.base/java.lang.reflect.Constructor.newInstanceWithCaller(Constructor.java:499)
at java.base/java.lang.reflect.Constructor.newInstance(Constructor.java:480)
at org.openqa.selenium.remote.ErrorCodec.decode(ErrorCodec.java:167)
at org.openqa.selenium.remote.codec.w3c.W3CHttpResponseCodec.decode(W3CHttpResponseCodec.java:138)
at org.openqa.selenium.remote.codec.w3c.W3CHttpResponseCodec.decode(W3CHttpResponseCodec.java:50)
at org.openqa.selenium.remote.HttpCommandExecutor.execute(HttpCommandExecutor.java:215)
at org.openqa.selenium.remote.service.DriverCommandExecutor.invokeExecute(DriverCommandExecutor.java:216)
at org.openqa.selenium.remote.service.DriverCommandExecutor.execute(DriverCommandExecutor.java:174)
at org.openqa.selenium.remote.RemoteWebDriver.execute(RemoteWebDriver.java:557)
at org.openqa.selenium.remote.RemoteWebDriver.executeScript(RemoteWebDriver.java:488)
at utils.Utils.showToastMessage(Utils.java:748)
at base.LogResults.onlyLog(LogResults.java:452)
at com.MeghPI.Attendance.tests.MeghMasterOfficeTest.Aftermethod(MeghMasterOfficeTest.java:1477)
at java.base/jdk.internal.reflect.NativeMethodAccessorImpl.invoke0(Native Method)
at java.base/jdk.internal.reflect.NativeMethodAccessorImpl.invoke(NativeMethodAccessorImpl.java:77)
at java.base/jdk.internal.reflect.DelegatingMethodAccessorImpl.invoke(DelegatingMethodAccessorImpl.java:43)
at java.base/java.lang.reflect.Method.invoke(Method.java:568)
at org.testng.internal.MethodInvocationHelper.invokeMethod(MethodInvocationHelper.java:133)
at org.testng.internal.MethodInvocationHelper.invokeMethodConsideringTimeout(MethodInvocationHelper.java:62)
at org.testng.internal.ConfigInvoker.invokeConfigurationMethod(ConfigInvoker.java:385)
at org.testng.internal.ConfigInvoker.invokeConfigurations(ConfigInvoker.java:321)
at org.testng.internal.TestInvoker.runConfigMethods(TestInvoker.java:700)
at org.testng.internal.TestInvoker.runAfterGroupsConfigurations(TestInvoker.java:676)
at org.testng.internal.TestInvoker.invokeMethod(TestInvoker.java:660)
at org.testng.internal.TestInvoker.invokeTestMethod(TestInvoker.java:173)
at org.testng.internal.MethodRunner.runInSequence(MethodRunner.java:46)
at org.testng.internal.TestInvoker$MethodInvocationAgent.invoke(TestInvoker.java:824)
at org.testng.internal.TestInvoker.invokeTestMethods(TestInvoker.java:146)
at org.testng.internal.TestMethodWorker.invokeTestMethods(TestMethodWorker.java:146)
at org.testng.internal.TestMethodWorker.run(TestMethodWorker.java:128)
at java.base/java.util.ArrayList.forEach(ArrayList.java:1511)
at org.testng.TestRunner.privateRun(TestRunner.java:794)
at org.testng.TestRunner.run(TestRunner.java:596)
at org.testng.SuiteRunner.runTest(SuiteRunner.java:377)
at org.testng.SuiteRunner.runSequentially(SuiteRunner.java:371)
at org.testng.SuiteRunner.privateRun(SuiteRunner.java:332)
at org.testng.SuiteRunner.run(SuiteRunner.java:276)
at org.testng.SuiteRunnerWorker.runSuite(SuiteRunnerWorker.java:53)
at org.testng.SuiteRunnerWorker.run(SuiteRunnerWorker.java:96)
at org.testng.TestNG.runSuitesSequentially(TestNG.java:1212)
at org.testng.TestNG.runSuitesLocally(TestNG.java:1134)
at org.testng.TestNG.runSuites(TestNG.java:1063)
at org.testng.TestNG.run(TestNG.java:1031)
at org.testng.remote.AbstractRemoteTestNG.run(AbstractRemoteTestNG.java:115)
at org.testng.remote.RemoteTestNG.initAndRun(RemoteTestNG.java:293)
at org.testng.remote.RemoteTestNG.main(RemoteTestNG.java:91)
]]>
    </error>
  </testcase> <!-- Aftermethod -->
  <system-out/>
  <testcase classname="com.MeghPI.Attendance.tests.MeghMasterOfficeTest" name="MPI_161_Office_01" time="218.988">
    <failure message="Aborting error count reached configured value: 5" type="java.lang.AssertionError">
      <![CDATA[java.lang.AssertionError: Aborting error count reached configured value: 5
at base.LogResults.createLogs(LogResults.java:208)
at com.MeghPI.Attendance.tests.MeghLoginTest.verifyCompanyLogin(MeghLoginTest.java:1291)
at com.MeghPI.Attendance.tests.MeghMasterOfficeTest.MPI_161_Office_01(MeghMasterOfficeTest.java:87)
at java.base/jdk.internal.reflect.NativeMethodAccessorImpl.invoke0(Native Method)
at java.base/jdk.internal.reflect.NativeMethodAccessorImpl.invoke(NativeMethodAccessorImpl.java:77)
at java.base/jdk.internal.reflect.DelegatingMethodAccessorImpl.invoke(DelegatingMethodAccessorImpl.java:43)
at java.base/java.lang.reflect.Method.invoke(Method.java:568)
at org.testng.internal.MethodInvocationHelper.invokeMethod(MethodInvocationHelper.java:133)
at org.testng.internal.TestInvoker.invokeMethod(TestInvoker.java:598)
at org.testng.internal.TestInvoker.invokeTestMethod(TestInvoker.java:173)
at org.testng.internal.MethodRunner.runInSequence(MethodRunner.java:46)
at org.testng.internal.TestInvoker$MethodInvocationAgent.invoke(TestInvoker.java:824)
at org.testng.internal.TestInvoker.invokeTestMethods(TestInvoker.java:146)
at org.testng.internal.TestMethodWorker.invokeTestMethods(TestMethodWorker.java:146)
at org.testng.internal.TestMethodWorker.run(TestMethodWorker.java:128)
at java.base/java.util.ArrayList.forEach(ArrayList.java:1511)
at org.testng.TestRunner.privateRun(TestRunner.java:794)
at org.testng.TestRunner.run(TestRunner.java:596)
at org.testng.SuiteRunner.runTest(SuiteRunner.java:377)
at org.testng.SuiteRunner.runSequentially(SuiteRunner.java:371)
at org.testng.SuiteRunner.privateRun(SuiteRunner.java:332)
at org.testng.SuiteRunner.run(SuiteRunner.java:276)
at org.testng.SuiteRunnerWorker.runSuite(SuiteRunnerWorker.java:53)
at org.testng.SuiteRunnerWorker.run(SuiteRunnerWorker.java:96)
at org.testng.TestNG.runSuitesSequentially(TestNG.java:1212)
at org.testng.TestNG.runSuitesLocally(TestNG.java:1134)
at org.testng.TestNG.runSuites(TestNG.java:1063)
at org.testng.TestNG.run(TestNG.java:1031)
at org.testng.remote.AbstractRemoteTestNG.run(AbstractRemoteTestNG.java:115)
at org.testng.remote.RemoteTestNG.initAndRun(RemoteTestNG.java:293)
at org.testng.remote.RemoteTestNG.main(RemoteTestNG.java:91)
]]>
    </failure>
  </testcase> <!-- MPI_161_Office_01 -->
  <system-out/>
  <testcase classname="com.MeghPI.Attendance.tests.MeghMasterOfficeTest" name="MPI_180_Office_02" time="99.384">
    <failure message="Aborting error count reached configured value: 5" type="java.lang.AssertionError">
      <![CDATA[java.lang.AssertionError: Aborting error count reached configured value: 5
at base.LogResults.createLogs(LogResults.java:208)
at com.MeghPI.Attendance.tests.MeghMasterOfficeTest.MPI_180_Office_02(MeghMasterOfficeTest.java:209)
at java.base/jdk.internal.reflect.NativeMethodAccessorImpl.invoke0(Native Method)
at java.base/jdk.internal.reflect.NativeMethodAccessorImpl.invoke(NativeMethodAccessorImpl.java:77)
at java.base/jdk.internal.reflect.DelegatingMethodAccessorImpl.invoke(DelegatingMethodAccessorImpl.java:43)
at java.base/java.lang.reflect.Method.invoke(Method.java:568)
at org.testng.internal.MethodInvocationHelper.invokeMethod(MethodInvocationHelper.java:133)
at org.testng.internal.TestInvoker.invokeMethod(TestInvoker.java:598)
at org.testng.internal.TestInvoker.invokeTestMethod(TestInvoker.java:173)
at org.testng.internal.MethodRunner.runInSequence(MethodRunner.java:46)
at org.testng.internal.TestInvoker$MethodInvocationAgent.invoke(TestInvoker.java:824)
at org.testng.internal.TestInvoker.invokeTestMethods(TestInvoker.java:146)
at org.testng.internal.TestMethodWorker.invokeTestMethods(TestMethodWorker.java:146)
at org.testng.internal.TestMethodWorker.run(TestMethodWorker.java:128)
at java.base/java.util.ArrayList.forEach(ArrayList.java:1511)
at org.testng.TestRunner.privateRun(TestRunner.java:794)
at org.testng.TestRunner.run(TestRunner.java:596)
at org.testng.SuiteRunner.runTest(SuiteRunner.java:377)
at org.testng.SuiteRunner.runSequentially(SuiteRunner.java:371)
at org.testng.SuiteRunner.privateRun(SuiteRunner.java:332)
at org.testng.SuiteRunner.run(SuiteRunner.java:276)
at org.testng.SuiteRunnerWorker.runSuite(SuiteRunnerWorker.java:53)
at org.testng.SuiteRunnerWorker.run(SuiteRunnerWorker.java:96)
at org.testng.TestNG.runSuitesSequentially(TestNG.java:1212)
at org.testng.TestNG.runSuitesLocally(TestNG.java:1134)
at org.testng.TestNG.runSuites(TestNG.java:1063)
at org.testng.TestNG.run(TestNG.java:1031)
at org.testng.remote.AbstractRemoteTestNG.run(AbstractRemoteTestNG.java:115)
at org.testng.remote.RemoteTestNG.initAndRun(RemoteTestNG.java:293)
at org.testng.remote.RemoteTestNG.main(RemoteTestNG.java:91)
]]>
    </failure>
  </testcase> <!-- MPI_180_Office_02 -->
  <system-out/>
  <testcase classname="com.MeghPI.Attendance.tests.MeghMasterOfficeTest" name="MPI_181_Office_03" time="0.009">
    <skipped/>
  </testcase> <!-- MPI_181_Office_03 -->
  <system-out/>
  <testcase classname="com.MeghPI.Attendance.tests.MeghMasterOfficeTest" name="MPI_182_Office_04" time="0.009">
    <skipped/>
  </testcase> <!-- MPI_182_Office_04 -->
  <system-out/>
  <testcase classname="com.MeghPI.Attendance.tests.MeghMasterOfficeTest" name="MPI_186_Office_08" time="0.006">
    <skipped/>
  </testcase> <!-- MPI_186_Office_08 -->
  <system-out/>
  <testcase classname="com.MeghPI.Attendance.tests.MeghMasterOfficeTest" name="MPI_184_Office_06" time="0.008">
    <skipped/>
  </testcase> <!-- MPI_184_Office_06 -->
  <system-out/>
  <testcase classname="com.MeghPI.Attendance.tests.MeghMasterOfficeTest" name="MPI_187_Office_09" time="0.006">
    <skipped/>
  </testcase> <!-- MPI_187_Office_09 -->
  <system-out/>
  <testcase classname="com.MeghPI.Attendance.tests.MeghMasterOfficeTest" name="MPI_196_Office_10" time="0.006">
    <skipped/>
  </testcase> <!-- MPI_196_Office_10 -->
  <system-out/>
  <testcase classname="com.MeghPI.Attendance.tests.MeghMasterOfficeTest" name="MPI_197_Office_11" time="1.060">
    <skipped/>
  </testcase> <!-- MPI_197_Office_11 -->
  <system-out/>
  <testcase classname="com.MeghPI.Attendance.tests.MeghMasterOfficeTest" name="MPI_198_Office_12" time="0.007">
    <skipped/>
  </testcase> <!-- MPI_198_Office_12 -->
  <system-out/>
  <testcase classname="com.MeghPI.Attendance.tests.MeghMasterOfficeTest" name="MPI_200_Office_14" time="0.000">
    <skipped/>
  </testcase> <!-- MPI_200_Office_14 -->
  <system-out/>
  <testcase classname="com.MeghPI.Attendance.tests.MeghMasterOfficeTest" name="MPI_201_Office_15" time="0.000">
    <skipped/>
  </testcase> <!-- MPI_201_Office_15 -->
  <system-out/>
</testsuite> <!-- com.MeghPI.Attendance.tests.MeghMasterOfficeTest -->
