<?xml version="1.0" encoding="UTF-8"?>
<!-- Generated by org.testng.reporters.JUnitReportReporter -->
<testsuite hostname="DMANTRASP10250" failures="0" tests="9" name="com.MeghPI.Attendance.tests.MeghPIWeekOffReportTest" time="110.879" errors="0" timestamp="2025-10-17T17:00:15 IST" skipped="8">
  <testcase classname="com.MeghPI.Attendance.tests.MeghPIWeekOffReportTest" name="MPI_1346_WeekOff_Reports_12" time="110.879"/>
  <system-out/>
  <testcase classname="com.MeghPI.Attendance.tests.MeghPIWeekOffReportTest" name="MPI_1345_WeekOff_Reports_11">
    <skipped/>
  </testcase> <!-- MPI_1345_WeekOff_Reports_11 -->
  <system-out/>
  <testcase classname="com.MeghPI.Attendance.tests.MeghPIWeekOffReportTest" name="MPI_1339_WeekOff_Reports_05">
    <skipped/>
  </testcase> <!-- MPI_1339_WeekOff_Reports_05 -->
  <system-out/>
  <testcase classname="com.MeghPI.Attendance.tests.MeghPIWeekOffReportTest" name="MPI_1338_WeekOff_Reports_04">
    <skipped/>
  </testcase> <!-- MPI_1338_WeekOff_Reports_04 -->
  <system-out/>
  <testcase classname="com.MeghPI.Attendance.tests.MeghPIWeekOffReportTest" name="MPI_1340_WeekOff_Reports_06">
    <skipped/>
  </testcase> <!-- MPI_1340_WeekOff_Reports_06 -->
  <system-out/>
  <testcase classname="com.MeghPI.Attendance.tests.MeghPIWeekOffReportTest" name="MPI_1341_WeekOff_Reports_07">
    <skipped/>
  </testcase> <!-- MPI_1341_WeekOff_Reports_07 -->
  <system-out/>
  <testcase classname="com.MeghPI.Attendance.tests.MeghPIWeekOffReportTest" name="MPI_1336_WeekOff_Reports_02">
    <skipped/>
  </testcase> <!-- MPI_1336_WeekOff_Reports_02 -->
  <system-out/>
  <testcase classname="com.MeghPI.Attendance.tests.MeghPIWeekOffReportTest" name="MPI_1342_WeekOff_Reports_08">
    <skipped/>
  </testcase> <!-- MPI_1342_WeekOff_Reports_08 -->
  <system-out/>
  <testcase classname="com.MeghPI.Attendance.tests.MeghPIWeekOffReportTest" name="MPI_1335_WeekOff_Reports_01">
    <skipped/>
  </testcase> <!-- MPI_1335_WeekOff_Reports_01 -->
  <system-out/>
</testsuite> <!-- com.MeghPI.Attendance.tests.MeghPIWeekOffReportTest -->
