<?xml version="1.0" encoding="UTF-8"?>
<!-- Generated by org.testng.reporters.JUnitReportReporter -->
<testsuite hostname="DMANTRASP10250" failures="0" tests="35" name="com.MeghPI.Attendance.tests.MeghPIRegularizationReportTest" time="94.146" errors="0" timestamp="2025-10-08T16:46:15 IST" skipped="34">
  <testcase classname="com.MeghPI.Attendance.tests.MeghPIRegularizationReportTest" name="MPI_1123_All_Reports_08" time="94.146"/>
  <system-out/>
  <testcase classname="com.MeghPI.Attendance.tests.MeghPIRegularizationReportTest" name="MPI_1129_All_Reports_14">
    <skipped/>
  </testcase> <!-- MPI_1129_All_Reports_14 -->
  <system-out/>
  <testcase classname="com.MeghPI.Attendance.tests.MeghPIRegularizationReportTest" name="MPI_1145_Rejected_reports_05">
    <skipped/>
  </testcase> <!-- MPI_1145_Rejected_reports_05 -->
  <system-out/>
  <testcase classname="com.MeghPI.Attendance.tests.MeghPIRegularizationReportTest" name="MPI_1137_Approved_reports_08">
    <skipped/>
  </testcase> <!-- MPI_1137_Approved_reports_08 -->
  <system-out/>
  <testcase classname="com.MeghPI.Attendance.tests.MeghPIRegularizationReportTest" name="MPI_1159_Pending_reports_08">
    <skipped/>
  </testcase> <!-- MPI_1159_Pending_reports_08 -->
  <system-out/>
  <testcase classname="com.MeghPI.Attendance.tests.MeghPIRegularizationReportTest" name="MPI_1122_All_Reports_07">
    <skipped/>
  </testcase> <!-- MPI_1122_All_Reports_07 -->
  <system-out/>
  <testcase classname="com.MeghPI.Attendance.tests.MeghPIRegularizationReportTest" name="MPI_1142_Rejected_reports_02">
    <skipped/>
  </testcase> <!-- MPI_1142_Rejected_reports_02 -->
  <system-out/>
  <testcase classname="com.MeghPI.Attendance.tests.MeghPIRegularizationReportTest" name="MPI_1118_All_Reports_04">
    <skipped/>
  </testcase> <!-- MPI_1118_All_Reports_04 -->
  <system-out/>
  <testcase classname="com.MeghPI.Attendance.tests.MeghPIRegularizationReportTest" name="MPI_1134_Approved_reports_05">
    <skipped/>
  </testcase> <!-- MPI_1134_Approved_reports_05 -->
  <system-out/>
  <testcase classname="com.MeghPI.Attendance.tests.MeghPIRegularizationReportTest" name="MPI_1144_Rejected_reports_04">
    <skipped/>
  </testcase> <!-- MPI_1144_Rejected_reports_04 -->
  <system-out/>
  <testcase classname="com.MeghPI.Attendance.tests.MeghPIRegularizationReportTest" name="MPI_1153_Pending_reports_02">
    <skipped/>
  </testcase> <!-- MPI_1153_Pending_reports_02 -->
  <system-out/>
  <testcase classname="com.MeghPI.Attendance.tests.MeghPIRegularizationReportTest" name="MPI_1151_Rejected_reports_11">
    <skipped/>
  </testcase> <!-- MPI_1151_Rejected_reports_11 -->
  <system-out/>
  <testcase classname="com.MeghPI.Attendance.tests.MeghPIRegularizationReportTest" name="MPI_1152_Pending_reports_01">
    <skipped/>
  </testcase> <!-- MPI_1152_Pending_reports_01 -->
  <system-out/>
  <testcase classname="com.MeghPI.Attendance.tests.MeghPIRegularizationReportTest" name="MPI_1135_Approved_reports_06">
    <skipped/>
  </testcase> <!-- MPI_1135_Approved_reports_06 -->
  <system-out/>
  <testcase classname="com.MeghPI.Attendance.tests.MeghPIRegularizationReportTest" name="MPI_1148_Rejected_reports_08">
    <skipped/>
  </testcase> <!-- MPI_1148_Rejected_reports_08 -->
  <system-out/>
  <testcase classname="com.MeghPI.Attendance.tests.MeghPIRegularizationReportTest" name="MPI_1121_All_Reports_06">
    <skipped/>
  </testcase> <!-- MPI_1121_All_Reports_06 -->
  <system-out/>
  <testcase classname="com.MeghPI.Attendance.tests.MeghPIRegularizationReportTest" name="MPI_1128_All_Reports_13">
    <skipped/>
  </testcase> <!-- MPI_1128_All_Reports_13 -->
  <system-out/>
  <testcase classname="com.MeghPI.Attendance.tests.MeghPIRegularizationReportTest" name="MPI_1158_Pending_reports_07">
    <skipped/>
  </testcase> <!-- MPI_1158_Pending_reports_07 -->
  <system-out/>
  <testcase classname="com.MeghPI.Attendance.tests.MeghPIRegularizationReportTest" name="MPI_1130_Approved_reports_01">
    <skipped/>
  </testcase> <!-- MPI_1130_Approved_reports_01 -->
  <system-out/>
  <testcase classname="com.MeghPI.Attendance.tests.MeghPIRegularizationReportTest" name="MPI_1157_Pending_reports_06">
    <skipped/>
  </testcase> <!-- MPI_1157_Pending_reports_06 -->
  <system-out/>
  <testcase classname="com.MeghPI.Attendance.tests.MeghPIRegularizationReportTest" name="MPI_1156_Pending_reports_05">
    <skipped/>
  </testcase> <!-- MPI_1156_Pending_reports_05 -->
  <system-out/>
  <testcase classname="com.MeghPI.Attendance.tests.MeghPIRegularizationReportTest" name="MPI_1141_Rejected_reports_01">
    <skipped/>
  </testcase> <!-- MPI_1141_Rejected_reports_01 -->
  <system-out/>
  <testcase classname="com.MeghPI.Attendance.tests.MeghPIRegularizationReportTest" name="MPI_1155_Pending_reports_04">
    <skipped/>
  </testcase> <!-- MPI_1155_Pending_reports_04 -->
  <system-out/>
  <testcase classname="com.MeghPI.Attendance.tests.MeghPIRegularizationReportTest" name="MPI_1140_Approved_reports_11">
    <skipped/>
  </testcase> <!-- MPI_1140_Approved_reports_11 -->
  <system-out/>
  <testcase classname="com.MeghPI.Attendance.tests.MeghPIRegularizationReportTest" name="MPI_1116_All_Reports_02">
    <skipped/>
  </testcase> <!-- MPI_1116_All_Reports_02 -->
  <system-out/>
  <testcase classname="com.MeghPI.Attendance.tests.MeghPIRegularizationReportTest" name="MPI_1127_All_Reports_12">
    <skipped/>
  </testcase> <!-- MPI_1127_All_Reports_12 -->
  <system-out/>
  <testcase classname="com.MeghPI.Attendance.tests.MeghPIRegularizationReportTest" name="MPI_1146_Rejected_reports_06">
    <skipped/>
  </testcase> <!-- MPI_1146_Rejected_reports_06 -->
  <system-out/>
  <testcase classname="com.MeghPI.Attendance.tests.MeghPIRegularizationReportTest" name="MPI_1133_Approved_reports_04">
    <skipped/>
  </testcase> <!-- MPI_1133_Approved_reports_04 -->
  <system-out/>
  <testcase classname="com.MeghPI.Attendance.tests.MeghPIRegularizationReportTest" name="MPI_1162_Pending_reports_11">
    <skipped/>
  </testcase> <!-- MPI_1162_Pending_reports_11 -->
  <system-out/>
  <testcase classname="com.MeghPI.Attendance.tests.MeghPIRegularizationReportTest" name="MPI_1126_All_Reports_11">
    <skipped/>
  </testcase> <!-- MPI_1126_All_Reports_11 -->
  <system-out/>
  <testcase classname="com.MeghPI.Attendance.tests.MeghPIRegularizationReportTest" name="MPI_1115_All_Reports_01">
    <skipped/>
  </testcase> <!-- MPI_1115_All_Reports_01 -->
  <system-out/>
  <testcase classname="com.MeghPI.Attendance.tests.MeghPIRegularizationReportTest" name="MPI_1147_Rejected_reports_07">
    <skipped/>
  </testcase> <!-- MPI_1147_Rejected_reports_07 -->
  <system-out/>
  <testcase classname="com.MeghPI.Attendance.tests.MeghPIRegularizationReportTest" name="MPI_1136_Approved_reports_07">
    <skipped/>
  </testcase> <!-- MPI_1136_Approved_reports_07 -->
  <system-out/>
  <testcase classname="com.MeghPI.Attendance.tests.MeghPIRegularizationReportTest" name="MPI_1119_All_Reports_05">
    <skipped/>
  </testcase> <!-- MPI_1119_All_Reports_05 -->
  <system-out/>
  <testcase classname="com.MeghPI.Attendance.tests.MeghPIRegularizationReportTest" name="MPI_1131_Approved_reports_02">
    <skipped/>
  </testcase> <!-- MPI_1131_Approved_reports_02 -->
  <system-out/>
</testsuite> <!-- com.MeghPI.Attendance.tests.MeghPIRegularizationReportTest -->
