<?xml version="1.0" encoding="UTF-8"?>
<!-- Generated by org.testng.reporters.JUnitReportReporter -->
<testsuite hostname="DMANTRASP10250" failures="1" tests="10" name="com.MeghPI.Attendance.tests.MeghLeavePolicyTest" time="153.868" errors="0" timestamp="2025-11-26T10:53:16 IST" skipped="9">
  <testcase classname="com.MeghPI.Attendance.tests.MeghLeavePolicyTest" name="MPI_847_Leave_Policy_37" time="153.868">
    <failure type="java.lang.AssertionError">
      <![CDATA[java.lang.AssertionError
at org.junit.Assert.fail(Assert.java:92)
at org.junit.Assert.fail(Assert.java:100)
at base.LogResults.createLogs(LogResults.java:215)
at com.MeghPI.Attendance.tests.MeghLeavePolicyTest.MPI_847_Leave_Policy_37(MeghLeavePolicyTest.java:3473)
at java.base/jdk.internal.reflect.NativeMethodAccessorImpl.invoke0(Native Method)
at java.base/jdk.internal.reflect.NativeMethodAccessorImpl.invoke(NativeMethodAccessorImpl.java:77)
at java.base/jdk.internal.reflect.DelegatingMethodAccessorImpl.invoke(DelegatingMethodAccessorImpl.java:43)
at java.base/java.lang.reflect.Method.invoke(Method.java:568)
at org.testng.internal.MethodInvocationHelper.invokeMethod(MethodInvocationHelper.java:133)
at org.testng.internal.TestInvoker.invokeMethod(TestInvoker.java:598)
at org.testng.internal.TestInvoker.invokeTestMethod(TestInvoker.java:173)
at org.testng.internal.MethodRunner.runInSequence(MethodRunner.java:46)
at org.testng.internal.TestInvoker$MethodInvocationAgent.invoke(TestInvoker.java:824)
at org.testng.internal.TestInvoker.invokeTestMethods(TestInvoker.java:146)
at org.testng.internal.TestMethodWorker.invokeTestMethods(TestMethodWorker.java:146)
at org.testng.internal.TestMethodWorker.run(TestMethodWorker.java:128)
at java.base/java.util.ArrayList.forEach(ArrayList.java:1511)
at org.testng.TestRunner.privateRun(TestRunner.java:794)
at org.testng.TestRunner.run(TestRunner.java:596)
at org.testng.SuiteRunner.runTest(SuiteRunner.java:377)
at org.testng.SuiteRunner.runSequentially(SuiteRunner.java:371)
at org.testng.SuiteRunner.privateRun(SuiteRunner.java:332)
at org.testng.SuiteRunner.run(SuiteRunner.java:276)
at org.testng.SuiteRunnerWorker.runSuite(SuiteRunnerWorker.java:53)
at org.testng.SuiteRunnerWorker.run(SuiteRunnerWorker.java:96)
at org.testng.TestNG.runSuitesSequentially(TestNG.java:1212)
at org.testng.TestNG.runSuitesLocally(TestNG.java:1134)
at org.testng.TestNG.runSuites(TestNG.java:1063)
at org.testng.TestNG.run(TestNG.java:1031)
at org.testng.remote.AbstractRemoteTestNG.run(AbstractRemoteTestNG.java:115)
at org.testng.remote.RemoteTestNG.initAndRun(RemoteTestNG.java:293)
at org.testng.remote.RemoteTestNG.main(RemoteTestNG.java:91)
]]>
    </failure>
  </testcase> <!-- MPI_847_Leave_Policy_37 -->
  <system-out/>
  <testcase classname="com.MeghPI.Attendance.tests.MeghLeavePolicyTest" name="MPI_561_Leave_Policy_18">
    <skipped/>
  </testcase> <!-- MPI_561_Leave_Policy_18 -->
  <system-out/>
  <testcase classname="com.MeghPI.Attendance.tests.MeghLeavePolicyTest" name="MPI_549_Leave_Policy_06">
    <skipped/>
  </testcase> <!-- MPI_549_Leave_Policy_06 -->
  <system-out/>
  <testcase classname="com.MeghPI.Attendance.tests.MeghLeavePolicyTest" name="MPI_546_Leave_Policy_03">
    <skipped/>
  </testcase> <!-- MPI_546_Leave_Policy_03 -->
  <system-out/>
  <testcase classname="com.MeghPI.Attendance.tests.MeghLeavePolicyTest" name="MPI_545_Leave_Policy_02">
    <skipped/>
  </testcase> <!-- MPI_545_Leave_Policy_02 -->
  <system-out/>
  <testcase classname="com.MeghPI.Attendance.tests.MeghLeavePolicyTest" name="MPI_548_Leave_Policy_05">
    <skipped/>
  </testcase> <!-- MPI_548_Leave_Policy_05 -->
  <system-out/>
  <testcase classname="com.MeghPI.Attendance.tests.MeghLeavePolicyTest" name="MPI_547_Leave_Policy_04">
    <skipped/>
  </testcase> <!-- MPI_547_Leave_Policy_04 -->
  <system-out/>
  <testcase classname="com.MeghPI.Attendance.tests.MeghLeavePolicyTest" name="MPI_544_Leave_Policy_01">
    <skipped/>
  </testcase> <!-- MPI_544_Leave_Policy_01 -->
  <system-out/>
  <testcase classname="com.MeghPI.Attendance.tests.MeghLeavePolicyTest" name="MPI_558_Leave_Policy_15">
    <skipped/>
  </testcase> <!-- MPI_558_Leave_Policy_15 -->
  <system-out/>
  <testcase classname="com.MeghPI.Attendance.tests.MeghLeavePolicyTest" name="MPI_556_Leave_Policy_13">
    <skipped/>
  </testcase> <!-- MPI_556_Leave_Policy_13 -->
  <system-out/>
</testsuite> <!-- com.MeghPI.Attendance.tests.MeghLeavePolicyTest -->
