<?xml version="1.0" encoding="UTF-8"?>
<!-- Generated by org.testng.reporters.JUnitReportReporter -->
<testsuite hostname="DMANTRASP10250" failures="0" tests="35" name="com.MeghPI.Attendance.tests.MeghPINSAttendanceTest" time="32.425" errors="0" timestamp="2025-09-04T12:54:37 IST" skipped="0">
  <testcase classname="com.MeghPI.Attendance.tests.MeghPINSAttendanceTest" name="MPI_630_Normal_Attendance_02" time="2.131"/>
  <system-out/>
  <testcase classname="com.MeghPI.Attendance.tests.MeghPINSAttendanceTest" name="MPI_632_Normal_Attendance_04" time="0.897"/>
  <system-out/>
  <testcase classname="com.MeghPI.Attendance.tests.MeghPINSAttendanceTest" name="MPI_637_Normal_Attendance_09" time="0.890"/>
  <system-out/>
  <testcase classname="com.MeghPI.Attendance.tests.MeghPINSAttendanceTest" name="MPI_638_Normal_Attendance_10" time="0.776"/>
  <system-out/>
  <testcase classname="com.MeghPI.Attendance.tests.MeghPINSAttendanceTest" name="MPI_641_Normal_Attendance_13" time="0.876"/>
  <system-out/>
  <testcase classname="com.MeghPI.Attendance.tests.MeghPINSAttendanceTest" name="MPI_644_Normal_Attendance_16" time="0.865"/>
  <system-out/>
  <testcase classname="com.MeghPI.Attendance.tests.MeghPINSAttendanceTest" name="MPI_646_Normal_Attendance_18" time="0.814"/>
  <system-out/>
  <testcase classname="com.MeghPI.Attendance.tests.MeghPINSAttendanceTest" name="MPI_647_Normal_Attendance_19" time="0.868"/>
  <system-out/>
  <testcase classname="com.MeghPI.Attendance.tests.MeghPINSAttendanceTest" name="MPI_652_Normal_Attendance_24" time="0.852"/>
  <system-out/>
  <testcase classname="com.MeghPI.Attendance.tests.MeghPINSAttendanceTest" name="MPI_655_Normal_Attendance_27" time="0.476"/>
  <system-out/>
  <testcase classname="com.MeghPI.Attendance.tests.MeghPINSAttendanceTest" name="MPI_440_Normal_Attendance_48" time="0.825"/>
  <system-out/>
  <testcase classname="com.MeghPI.Attendance.tests.MeghPINSAttendanceTest" name="MPI_657_Normal_Attendance_47" time="0.835"/>
  <system-out/>
  <testcase classname="com.MeghPI.Attendance.tests.MeghPINSAttendanceTest" name="MPI_659_Normal_Attendance_46" time="0.847"/>
  <system-out/>
  <testcase classname="com.MeghPI.Attendance.tests.MeghPINSAttendanceTest" name="MPI_442_Normal_Attendance_45" time="1.253"/>
  <system-out/>
  <testcase classname="com.MeghPI.Attendance.tests.MeghPINSAttendanceTest" name="MPI_683_Normal_Attendance_29" time="0.806"/>
  <system-out/>
  <testcase classname="com.MeghPI.Attendance.tests.MeghPINSAttendanceTest" name="MPI_684_Normal_Attendance_30" time="0.883"/>
  <system-out/>
  <testcase classname="com.MeghPI.Attendance.tests.MeghPINSAttendanceTest" name="MPI_656_Normal_Attendance_44" time="0.877"/>
  <system-out/>
  <testcase classname="com.MeghPI.Attendance.tests.MeghPINSAttendanceTest" name="MPI_668_Normal_Attendance_43" time="1.276"/>
  <system-out/>
  <testcase classname="com.MeghPI.Attendance.tests.MeghPINSAttendanceTest" name="MPI_685_Normal_Attendance_31" time="1.235"/>
  <system-out/>
  <testcase classname="com.MeghPI.Attendance.tests.MeghPINSAttendanceTest" name="MPI_686_Normal_Attendance_42" time="0.466"/>
  <system-out/>
  <testcase classname="com.MeghPI.Attendance.tests.MeghPINSAttendanceTest" name="MPI_666_Normal_Attendance_41" time="0.458"/>
  <system-out/>
  <testcase classname="com.MeghPI.Attendance.tests.MeghPINSAttendanceTest" name="MPI_678_Normal_Attendance_28" time="0.419"/>
  <system-out/>
  <testcase classname="com.MeghPI.Attendance.tests.MeghPINSAttendanceTest" name="MPI_697_Normal_Attendance_52" time="0.828"/>
  <system-out/>
  <testcase classname="com.MeghPI.Attendance.tests.MeghPINSAttendanceTest" name="MPI_698_Normal_Attendance_53" time="0.834"/>
  <system-out/>
  <testcase classname="com.MeghPI.Attendance.tests.MeghPINSAttendanceTest" name="MPI_724_Normal_Attendance_54" time="0.818"/>
  <system-out/>
  <testcase classname="com.MeghPI.Attendance.tests.MeghPINSAttendanceTest" name="MPI_727_Normal_Attendance_55" time="0.836"/>
  <system-out/>
  <testcase classname="com.MeghPI.Attendance.tests.MeghPINSAttendanceTest" name="MPI_671_Normal_Attendance_38" time="0.458"/>
  <system-out/>
  <testcase classname="com.MeghPI.Attendance.tests.MeghPINSAttendanceTest" name="MPI_672_Normal_Attendance_39" time="1.281"/>
  <system-out/>
  <testcase classname="com.MeghPI.Attendance.tests.MeghPINSAttendanceTest" name="MPI_673_Normal_Attendance_40" time="1.345"/>
  <system-out/>
  <testcase classname="com.MeghPI.Attendance.tests.MeghPINSAttendanceTest" name="MPI_728_Normal_Attendance_56" time="1.288"/>
  <system-out/>
  <testcase classname="com.MeghPI.Attendance.tests.MeghPINSAttendanceTest" name="MPI_729_Normal_Attendance_57" time="0.462"/>
  <system-out/>
  <testcase classname="com.MeghPI.Attendance.tests.MeghPINSAttendanceTest" name="MPI_730_Normal_Attendance_58" time="0.873"/>
  <system-out/>
  <testcase classname="com.MeghPI.Attendance.tests.MeghPINSAttendanceTest" name="MPI_731_Normal_Attendance_59" time="1.315"/>
  <system-out/>
  <testcase classname="com.MeghPI.Attendance.tests.MeghPINSAttendanceTest" name="MPI_860_Normal_Attendance_69" time="0.810"/>
  <system-out/>
  <testcase classname="com.MeghPI.Attendance.tests.MeghPINSAttendanceTest" name="MPI_861_Normal_Attendance_70" time="1.652"/>
  <system-out/>
</testsuite> <!-- com.MeghPI.Attendance.tests.MeghPINSAttendanceTest -->
