<?xml version="1.0" encoding="UTF-8"?>
<!-- Generated by org.testng.reporters.JUnitReportReporter -->
<testsuite hostname="DMANTRASP10250" failures="0" tests="15" name="com.MeghPI.Attendance.Android.tests.MeghPIAttendAndroidLeaveTest" time="61.065" errors="1" timestamp="2025-11-18T14:44:17 IST" skipped="14">
  <testcase classname="com.MeghPI.Attendance.Android.tests.MeghPIAttendAndroidLeaveTest" name="MPI_1526_Android_Leave_15" time="61.065">
    <error/>
  </testcase> <!-- MPI_1526_Android_Leave_15 -->
  <system-out/>
  <testcase classname="com.MeghPI.Attendance.Android.tests.MeghPIAttendAndroidLeaveTest" name="MPI_1519_Android_Leave_13">
    <skipped/>
  </testcase> <!-- MPI_1519_Android_Leave_13 -->
  <system-out/>
  <testcase classname="com.MeghPI.Attendance.Android.tests.MeghPIAttendAndroidLeaveTest" name="MPI_1515_Android_Leave_09">
    <skipped/>
  </testcase> <!-- MPI_1515_Android_Leave_09 -->
  <system-out/>
  <testcase classname="com.MeghPI.Attendance.Android.tests.MeghPIAttendAndroidLeaveTest" name="MPI_1508_Android_Leave_03">
    <skipped/>
  </testcase> <!-- MPI_1508_Android_Leave_03 -->
  <system-out/>
  <testcase classname="com.MeghPI.Attendance.Android.tests.MeghPIAttendAndroidLeaveTest" name="MPI_1506_Android_Leave_01">
    <skipped/>
  </testcase> <!-- MPI_1506_Android_Leave_01 -->
  <system-out/>
  <testcase classname="com.MeghPI.Attendance.Android.tests.MeghPIAttendAndroidLeaveTest" name="MPI_1511_Android_Leave_06">
    <skipped/>
  </testcase> <!-- MPI_1511_Android_Leave_06 -->
  <system-out/>
  <testcase classname="com.MeghPI.Attendance.Android.tests.MeghPIAttendAndroidLeaveTest" name="MPI_1517_Android_Leave_11">
    <skipped/>
  </testcase> <!-- MPI_1517_Android_Leave_11 -->
  <system-out/>
  <testcase classname="com.MeghPI.Attendance.Android.tests.MeghPIAttendAndroidLeaveTest" name="MPI_1509_Android_Leave_04">
    <skipped/>
  </testcase> <!-- MPI_1509_Android_Leave_04 -->
  <system-out/>
  <testcase classname="com.MeghPI.Attendance.Android.tests.MeghPIAttendAndroidLeaveTest" name="MPI_1507_Android_Leave_02">
    <skipped/>
  </testcase> <!-- MPI_1507_Android_Leave_02 -->
  <system-out/>
  <testcase classname="com.MeghPI.Attendance.Android.tests.MeghPIAttendAndroidLeaveTest" name="MPI_1520_Android_Leave_14">
    <skipped/>
  </testcase> <!-- MPI_1520_Android_Leave_14 -->
  <system-out/>
  <testcase classname="com.MeghPI.Attendance.Android.tests.MeghPIAttendAndroidLeaveTest" name="MPI_1518_Android_Leave_12">
    <skipped/>
  </testcase> <!-- MPI_1518_Android_Leave_12 -->
  <system-out/>
  <testcase classname="com.MeghPI.Attendance.Android.tests.MeghPIAttendAndroidLeaveTest" name="MPI_1513_Android_Leave_08">
    <skipped/>
  </testcase> <!-- MPI_1513_Android_Leave_08 -->
  <system-out/>
  <testcase classname="com.MeghPI.Attendance.Android.tests.MeghPIAttendAndroidLeaveTest" name="MPI_1512_Android_Leave_07">
    <skipped/>
  </testcase> <!-- MPI_1512_Android_Leave_07 -->
  <system-out/>
  <testcase classname="com.MeghPI.Attendance.Android.tests.MeghPIAttendAndroidLeaveTest" name="MPI_1510_Android_Leave_05">
    <skipped/>
  </testcase> <!-- MPI_1510_Android_Leave_05 -->
  <system-out/>
  <testcase classname="com.MeghPI.Attendance.Android.tests.MeghPIAttendAndroidLeaveTest" name="MPI_1516_Android_Leave_10">
    <skipped/>
  </testcase> <!-- MPI_1516_Android_Leave_10 -->
  <system-out/>
</testsuite> <!-- com.MeghPI.Attendance.Android.tests.MeghPIAttendAndroidLeaveTest -->
