<?xml version="1.0" encoding="UTF-8"?>
<!-- Generated by org.testng.reporters.JUnitReportReporter -->
<testsuite hostname="DMANTRASP10250" failures="0" tests="12" name="com.MeghPI.Attendance.Android.tests.MeghPIAttendAndroidWeekOffTest" time="4.491" errors="1" timestamp="2025-12-17T12:47:09 IST" skipped="11">
  <testcase classname="com.MeghPI.Attendance.Android.tests.MeghPIAttendAndroidWeekOffTest" name="launchDriver" time="4.491">
    <error message="Cannot invoke &quot;io.appium.java_client.HasSettings.setSetting(String, Object)&quot; because &quot;this.driver&quot; is null" type="java.lang.NullPointerException">
      <![CDATA[java.lang.NullPointerException: Cannot invoke "io.appium.java_client.HasSettings.setSetting(String, Object)" because "this.driver" is null
at com.MeghPI.Attendance.Android.tests.MeghPIAttendAndroidWeekOffTest.launchDriver(MeghPIAttendAndroidWeekOffTest.java:45)
at java.base/jdk.internal.reflect.NativeMethodAccessorImpl.invoke0(Native Method)
at java.base/jdk.internal.reflect.NativeMethodAccessorImpl.invoke(NativeMethodAccessorImpl.java:77)
at java.base/jdk.internal.reflect.DelegatingMethodAccessorImpl.invoke(DelegatingMethodAccessorImpl.java:43)
at java.base/java.lang.reflect.Method.invoke(Method.java:568)
at org.testng.internal.MethodInvocationHelper.invokeMethod(MethodInvocationHelper.java:133)
at org.testng.internal.MethodInvocationHelper.invokeMethodConsideringTimeout(MethodInvocationHelper.java:62)
at org.testng.internal.ConfigInvoker.invokeConfigurationMethod(ConfigInvoker.java:385)
at org.testng.internal.ConfigInvoker.invokeConfigurations(ConfigInvoker.java:321)
at org.testng.internal.TestInvoker.runConfigMethods(TestInvoker.java:700)
at org.testng.internal.TestInvoker.invokeMethod(TestInvoker.java:527)
at org.testng.internal.TestInvoker.invokeTestMethod(TestInvoker.java:173)
at org.testng.internal.MethodRunner.runInSequence(MethodRunner.java:46)
at org.testng.internal.TestInvoker$MethodInvocationAgent.invoke(TestInvoker.java:824)
at org.testng.internal.TestInvoker.invokeTestMethods(TestInvoker.java:146)
at org.testng.internal.TestMethodWorker.invokeTestMethods(TestMethodWorker.java:146)
at org.testng.internal.TestMethodWorker.run(TestMethodWorker.java:128)
at java.base/java.util.ArrayList.forEach(ArrayList.java:1511)
at org.testng.TestRunner.privateRun(TestRunner.java:794)
at org.testng.TestRunner.run(TestRunner.java:596)
at org.testng.SuiteRunner.runTest(SuiteRunner.java:377)
at org.testng.SuiteRunner.runSequentially(SuiteRunner.java:371)
at org.testng.SuiteRunner.privateRun(SuiteRunner.java:332)
at org.testng.SuiteRunner.run(SuiteRunner.java:276)
at org.testng.SuiteRunnerWorker.runSuite(SuiteRunnerWorker.java:53)
at org.testng.SuiteRunnerWorker.run(SuiteRunnerWorker.java:96)
at org.testng.TestNG.runSuitesSequentially(TestNG.java:1212)
at org.testng.TestNG.runSuitesLocally(TestNG.java:1134)
at org.testng.TestNG.runSuites(TestNG.java:1063)
at org.testng.TestNG.run(TestNG.java:1031)
at org.testng.remote.AbstractRemoteTestNG.run(AbstractRemoteTestNG.java:115)
at org.testng.remote.RemoteTestNG.initAndRun(RemoteTestNG.java:293)
at org.testng.remote.RemoteTestNG.main(RemoteTestNG.java:91)
]]>
    </error>
  </testcase> <!-- launchDriver -->
  <system-out/>
  <testcase classname="com.MeghPI.Attendance.Android.tests.MeghPIAttendAndroidWeekOffTest" name="MPI_1499_Mobile_WeekOff_055" time="0.000">
    <skipped/>
  </testcase> <!-- MPI_1499_Mobile_WeekOff_055 -->
  <system-out/>
  <testcase classname="com.MeghPI.Attendance.Android.tests.MeghPIAttendAndroidWeekOffTest" name="MPI_1495_Mobile_WeekOff_01">
    <skipped/>
  </testcase> <!-- MPI_1495_Mobile_WeekOff_01 -->
  <system-out/>
  <testcase classname="com.MeghPI.Attendance.Android.tests.MeghPIAttendAndroidWeekOffTest" name="MPI_1496_Mobile_WeekOff_02">
    <skipped/>
  </testcase> <!-- MPI_1496_Mobile_WeekOff_02 -->
  <system-out/>
  <testcase classname="com.MeghPI.Attendance.Android.tests.MeghPIAttendAndroidWeekOffTest" name="MPI_1505_Mobile_WeekOff_10">
    <skipped/>
  </testcase> <!-- MPI_1505_Mobile_WeekOff_10 -->
  <system-out/>
  <testcase classname="com.MeghPI.Attendance.Android.tests.MeghPIAttendAndroidWeekOffTest" name="MPI_1502_Mobile_WeekOff_07">
    <skipped/>
  </testcase> <!-- MPI_1502_Mobile_WeekOff_07 -->
  <system-out/>
  <testcase classname="com.MeghPI.Attendance.Android.tests.MeghPIAttendAndroidWeekOffTest" name="MPI_1500_Mobile_WeekOff_06">
    <skipped/>
  </testcase> <!-- MPI_1500_Mobile_WeekOff_06 -->
  <system-out/>
  <testcase classname="com.MeghPI.Attendance.Android.tests.MeghPIAttendAndroidWeekOffTest" name="MPI_1498_Mobile_WeekOff_04">
    <skipped/>
  </testcase> <!-- MPI_1498_Mobile_WeekOff_04 -->
  <system-out/>
  <testcase classname="com.MeghPI.Attendance.Android.tests.MeghPIAttendAndroidWeekOffTest" name="MPI_1504_Mobile_WeekOff_09">
    <skipped/>
  </testcase> <!-- MPI_1504_Mobile_WeekOff_09 -->
  <system-out/>
  <testcase classname="com.MeghPI.Attendance.Android.tests.MeghPIAttendAndroidWeekOffTest" name="MPI_1499_Mobile_WeekOff_05">
    <skipped/>
  </testcase> <!-- MPI_1499_Mobile_WeekOff_05 -->
  <system-out/>
  <testcase classname="com.MeghPI.Attendance.Android.tests.MeghPIAttendAndroidWeekOffTest" name="MPI_1503_Mobile_WeekOff_08">
    <skipped/>
  </testcase> <!-- MPI_1503_Mobile_WeekOff_08 -->
  <system-out/>
  <testcase classname="com.MeghPI.Attendance.Android.tests.MeghPIAttendAndroidWeekOffTest" name="MPI_1497_Mobile_WeekOff_03">
    <skipped/>
  </testcase> <!-- MPI_1497_Mobile_WeekOff_03 -->
  <system-out/>
</testsuite> <!-- com.MeghPI.Attendance.Android.tests.MeghPIAttendAndroidWeekOffTest -->
