<?xml version="1.0" encoding="UTF-8"?>
<!-- Generated by org.testng.reporters.JUnitReportReporter -->
<testsuite hostname="DMANTRASP10250" failures="0" tests="9" name="com.MeghPI.Attendance.tests.MeghLeavePolicyTest" time="5.317" errors="0" timestamp="2025-08-21T13:04:35 IST" skipped="9">
  <testcase classname="com.MeghPI.Attendance.tests.MeghLeavePolicyTest" name="MPI_847_Leave_Policy_37" time="5.317">
    <skipped/>
  </testcase> <!-- MPI_847_Leave_Policy_37 -->
  <system-out/>
  <testcase classname="com.MeghPI.Attendance.tests.MeghLeavePolicyTest" name="MPI_549_Leave_Policy_06">
    <skipped/>
  </testcase> <!-- MPI_549_Leave_Policy_06 -->
  <system-out/>
  <testcase classname="com.MeghPI.Attendance.tests.MeghLeavePolicyTest" name="MPI_561_Leave_Policy_18">
    <skipped/>
  </testcase> <!-- MPI_561_Leave_Policy_18 -->
  <system-out/>
  <testcase classname="com.MeghPI.Attendance.tests.MeghLeavePolicyTest" name="MPI_546_Leave_Policy_03">
    <skipped/>
  </testcase> <!-- MPI_546_Leave_Policy_03 -->
  <system-out/>
  <testcase classname="com.MeghPI.Attendance.tests.MeghLeavePolicyTest" name="MPI_545_Leave_Policy_02">
    <skipped/>
  </testcase> <!-- MPI_545_Leave_Policy_02 -->
  <system-out/>
  <testcase classname="com.MeghPI.Attendance.tests.MeghLeavePolicyTest" name="MPI_547_Leave_Policy_04">
    <skipped/>
  </testcase> <!-- MPI_547_Leave_Policy_04 -->
  <system-out/>
  <testcase classname="com.MeghPI.Attendance.tests.MeghLeavePolicyTest" name="MPI_548_Leave_Policy_05">
    <skipped/>
  </testcase> <!-- MPI_548_Leave_Policy_05 -->
  <system-out/>
  <testcase classname="com.MeghPI.Attendance.tests.MeghLeavePolicyTest" name="MPI_544_Leave_Policy_01">
    <skipped/>
  </testcase> <!-- MPI_544_Leave_Policy_01 -->
  <system-out/>
  <testcase classname="com.MeghPI.Attendance.tests.MeghLeavePolicyTest" name="MPI_556_Leave_Policy_13">
    <skipped/>
  </testcase> <!-- MPI_556_Leave_Policy_13 -->
  <system-out/>
</testsuite> <!-- com.MeghPI.Attendance.tests.MeghLeavePolicyTest -->
