<?xml version="1.0" encoding="UTF-8"?>
<!-- Generated by org.testng.reporters.JUnitReportReporter -->
<testsuite hostname="DMANTRASP10250" failures="0" tests="18" name="com.MeghPI.Attendance.tests.MeghPIWeekOffRequestTest" time="93.005" errors="0" timestamp="2025-12-02T15:39:17 IST" skipped="17">
  <testcase classname="com.MeghPI.Attendance.tests.MeghPIWeekOffRequestTest" name="MPI_1655_WeekoffRequest_Tab_17" time="93.005"/>
  <system-out/>
  <testcase classname="com.MeghPI.Attendance.tests.MeghPIWeekOffRequestTest" name="MPI_1651_WeekoffRequest_Tab_13">
    <skipped/>
  </testcase> <!-- MPI_1651_WeekoffRequest_Tab_13 -->
  <system-out/>
  <testcase classname="com.MeghPI.Attendance.tests.MeghPIWeekOffRequestTest" name="MPI_1653_WeekoffRequest_Tab_15">
    <skipped/>
  </testcase> <!-- MPI_1653_WeekoffRequest_Tab_15 -->
  <system-out/>
  <testcase classname="com.MeghPI.Attendance.tests.MeghPIWeekOffRequestTest" name="MPI_1641_WeekoffRequest_Tab_03">
    <skipped/>
  </testcase> <!-- MPI_1641_WeekoffRequest_Tab_03 -->
  <system-out/>
  <testcase classname="com.MeghPI.Attendance.tests.MeghPIWeekOffRequestTest" name="MPI_1649_WeekoffRequest_Tab_11">
    <skipped/>
  </testcase> <!-- MPI_1649_WeekoffRequest_Tab_11 -->
  <system-out/>
  <testcase classname="com.MeghPI.Attendance.tests.MeghPIWeekOffRequestTest" name="MPI_1643_WeekoffRequest_Tab_05">
    <skipped/>
  </testcase> <!-- MPI_1643_WeekoffRequest_Tab_05 -->
  <system-out/>
  <testcase classname="com.MeghPI.Attendance.tests.MeghPIWeekOffRequestTest" name="MPI_1645_WeekoffRequest_Tab_07">
    <skipped/>
  </testcase> <!-- MPI_1645_WeekoffRequest_Tab_07 -->
  <system-out/>
  <testcase classname="com.MeghPI.Attendance.tests.MeghPIWeekOffRequestTest" name="MPI_1640_WeekoffRequest_Tab_02">
    <skipped/>
  </testcase> <!-- MPI_1640_WeekoffRequest_Tab_02 -->
  <system-out/>
  <testcase classname="com.MeghPI.Attendance.tests.MeghPIWeekOffRequestTest" name="MPI_577_WeekOff_Policy_02">
    <skipped/>
  </testcase> <!-- MPI_577_WeekOff_Policy_02 -->
  <system-out/>
  <testcase classname="com.MeghPI.Attendance.tests.MeghPIWeekOffRequestTest" name="MPI_1650_WeekoffRequest_Tab_12">
    <skipped/>
  </testcase> <!-- MPI_1650_WeekoffRequest_Tab_12 -->
  <system-out/>
  <testcase classname="com.MeghPI.Attendance.tests.MeghPIWeekOffRequestTest" name="MPI_1642_WeekoffRequest_Tab_04">
    <skipped/>
  </testcase> <!-- MPI_1642_WeekoffRequest_Tab_04 -->
  <system-out/>
  <testcase classname="com.MeghPI.Attendance.tests.MeghPIWeekOffRequestTest" name="MPI_1652_WeekoffRequest_Tab_14">
    <skipped/>
  </testcase> <!-- MPI_1652_WeekoffRequest_Tab_14 -->
  <system-out/>
  <testcase classname="com.MeghPI.Attendance.tests.MeghPIWeekOffRequestTest" name="MPI_1646_WeekoffRequest_Tab_08">
    <skipped/>
  </testcase> <!-- MPI_1646_WeekoffRequest_Tab_08 -->
  <system-out/>
  <testcase classname="com.MeghPI.Attendance.tests.MeghPIWeekOffRequestTest" name="MPI_1639_WeekoffRequest_Tab_01">
    <skipped/>
  </testcase> <!-- MPI_1639_WeekoffRequest_Tab_01 -->
  <system-out/>
  <testcase classname="com.MeghPI.Attendance.tests.MeghPIWeekOffRequestTest" name="MPI_1647_WeekoffRequest_Tab_09">
    <skipped/>
  </testcase> <!-- MPI_1647_WeekoffRequest_Tab_09 -->
  <system-out/>
  <testcase classname="com.MeghPI.Attendance.tests.MeghPIWeekOffRequestTest" name="MPI_1648_WeekoffRequest_Tab_10">
    <skipped/>
  </testcase> <!-- MPI_1648_WeekoffRequest_Tab_10 -->
  <system-out/>
  <testcase classname="com.MeghPI.Attendance.tests.MeghPIWeekOffRequestTest" name="MPI_1644_WeekoffRequest_Tab_06">
    <skipped/>
  </testcase> <!-- MPI_1644_WeekoffRequest_Tab_06 -->
  <system-out/>
  <testcase classname="com.MeghPI.Attendance.tests.MeghPIWeekOffRequestTest" name="MPI_1654_WeekoffRequest_Tab_16">
    <skipped/>
  </testcase> <!-- MPI_1654_WeekoffRequest_Tab_16 -->
  <system-out/>
</testsuite> <!-- com.MeghPI.Attendance.tests.MeghPIWeekOffRequestTest -->
