<?xml version="1.0" encoding="UTF-8"?>
<!-- Generated by org.testng.reporters.JUnitReportReporter -->
<testsuite hostname="DMANTRASP10250" failures="0" tests="10" name="com.MeghPI.Attendance.tests.MeghLeaveTest" time="61.406" errors="0" timestamp="2025-08-25T18:53:09 IST" skipped="9">
  <testcase classname="com.MeghPI.Attendance.tests.MeghLeaveTest" name="MPI_856_Leave_31" time="61.406"/>
  <system-out/>
  <testcase classname="com.MeghPI.Attendance.tests.MeghLeaveTest" name="MPI_599_Leave_01">
    <skipped/>
  </testcase> <!-- MPI_599_Leave_01 -->
  <system-out/>
  <testcase classname="com.MeghPI.Attendance.tests.MeghLeaveTest" name="MPI_851_Leave_27">
    <skipped/>
  </testcase> <!-- MPI_851_Leave_27 -->
  <system-out/>
  <testcase classname="com.MeghPI.Attendance.tests.MeghLeaveTest" name="MPI_603_Leave_05">
    <skipped/>
  </testcase> <!-- MPI_603_Leave_05 -->
  <system-out/>
  <testcase classname="com.MeghPI.Attendance.tests.MeghLeaveTest" name="MPI_854_Leave_30">
    <skipped/>
  </testcase> <!-- MPI_854_Leave_30 -->
  <system-out/>
  <testcase classname="com.MeghPI.Attendance.tests.MeghLeaveTest" name="MPI_618_Leave_20">
    <skipped/>
  </testcase> <!-- MPI_618_Leave_20 -->
  <system-out/>
  <testcase classname="com.MeghPI.Attendance.tests.MeghLeaveTest" name="MPI_852_Leave_28">
    <skipped/>
  </testcase> <!-- MPI_852_Leave_28 -->
  <system-out/>
  <testcase classname="com.MeghPI.Attendance.tests.MeghLeaveTest" name="MPI_612_Leave_14">
    <skipped/>
  </testcase> <!-- MPI_612_Leave_14 -->
  <system-out/>
  <testcase classname="com.MeghPI.Attendance.tests.MeghLeaveTest" name="MPI_621_Leave_23">
    <skipped/>
  </testcase> <!-- MPI_621_Leave_23 -->
  <system-out/>
  <testcase classname="com.MeghPI.Attendance.tests.MeghLeaveTest" name="MPI_625_Leave_26">
    <skipped/>
  </testcase> <!-- MPI_625_Leave_26 -->
  <system-out/>
</testsuite> <!-- com.MeghPI.Attendance.tests.MeghLeaveTest -->
