<?xml version="1.0" encoding="UTF-8"?>
<!-- Generated by org.testng.reporters.JUnitReportReporter -->
<testsuite hostname="DMANTRASP10250" failures="0" tests="7" name="meghtest.MeghMasterLeaveTypeTest" time="72.542" errors="0" timestamp="2025-07-10T15:27:05 IST" skipped="6">
  <testcase classname="meghtest.MeghMasterLeaveTypeTest" name="MPI_343_LeaveType_01" time="72.542"/>
  <system-out/>
  <testcase classname="meghtest.MeghMasterLeaveTypeTest" name="MPI_355_LeaveType_13">
    <skipped/>
  </testcase> <!-- MPI_355_LeaveType_13 -->
  <system-out/>
  <testcase classname="meghtest.MeghMasterLeaveTypeTest" name="MPI_354_LeaveType_12">
    <skipped/>
  </testcase> <!-- MPI_354_LeaveType_12 -->
  <system-out/>
  <testcase classname="meghtest.MeghMasterLeaveTypeTest" name="MPI_345_LeaveType_03">
    <skipped/>
  </testcase> <!-- MPI_345_LeaveType_03 -->
  <system-out/>
  <testcase classname="meghtest.MeghMasterLeaveTypeTest" name="MPI_344_LeaveType_02">
    <skipped/>
  </testcase> <!-- MPI_344_LeaveType_02 -->
  <system-out/>
  <testcase classname="meghtest.MeghMasterLeaveTypeTest" name="MPI_352_LeaveType_10">
    <skipped/>
  </testcase> <!-- MPI_352_LeaveType_10 -->
  <system-out/>
  <testcase classname="meghtest.MeghMasterLeaveTypeTest" name="MPI_356_LeaveType_14">
    <skipped/>
  </testcase> <!-- MPI_356_LeaveType_14 -->
  <system-out/>
</testsuite> <!-- meghtest.MeghMasterLeaveTypeTest -->
