<?xml version="1.0" encoding="UTF-8"?>
<!-- Generated by org.testng.reporters.JUnitReportReporter -->
<testsuite hostname="DMANTRASP10250" failures="0" tests="10" name="com.MeghPI.Attendance.Android.tests.MeghPIAttendAndroidRegularizationTest" time="4.731" errors="1" timestamp="2025-12-05T19:18:59 IST" skipped="9">
  <testcase classname="com.MeghPI.Attendance.Android.tests.MeghPIAttendAndroidRegularizationTest" name="launchDriver" time="4.499">
    <error message="Cannot invoke &quot;io.appium.java_client.HasSettings.setSetting(String, Object)&quot; because &quot;this.driver&quot; is null" type="java.lang.NullPointerException">
      <![CDATA[java.lang.NullPointerException: Cannot invoke "io.appium.java_client.HasSettings.setSetting(String, Object)" because "this.driver" is null
at com.MeghPI.Attendance.Android.tests.MeghPIAttendAndroidRegularizationTest.launchDriver(MeghPIAttendAndroidRegularizationTest.java:44)
at java.base/jdk.internal.reflect.NativeMethodAccessorImpl.invoke0(Native Method)
at java.base/jdk.internal.reflect.NativeMethodAccessorImpl.invoke(NativeMethodAccessorImpl.java:77)
at java.base/jdk.internal.reflect.DelegatingMethodAccessorImpl.invoke(DelegatingMethodAccessorImpl.java:43)
at java.base/java.lang.reflect.Method.invoke(Method.java:568)
at org.testng.internal.MethodInvocationHelper.invokeMethod(MethodInvocationHelper.java:133)
at org.testng.internal.MethodInvocationHelper.invokeMethodConsideringTimeout(MethodInvocationHelper.java:62)
at org.testng.internal.ConfigInvoker.invokeConfigurationMethod(ConfigInvoker.java:385)
at org.testng.internal.ConfigInvoker.invokeConfigurations(ConfigInvoker.java:321)
at org.testng.internal.TestInvoker.runConfigMethods(TestInvoker.java:700)
at org.testng.internal.TestInvoker.invokeMethod(TestInvoker.java:527)
at org.testng.internal.TestInvoker.invokeTestMethod(TestInvoker.java:173)
at org.testng.internal.MethodRunner.runInSequence(MethodRunner.java:46)
at org.testng.internal.TestInvoker$MethodInvocationAgent.invoke(TestInvoker.java:824)
at org.testng.internal.TestInvoker.invokeTestMethods(TestInvoker.java:146)
at org.testng.internal.TestMethodWorker.invokeTestMethods(TestMethodWorker.java:146)
at org.testng.internal.TestMethodWorker.run(TestMethodWorker.java:128)
at java.base/java.util.ArrayList.forEach(ArrayList.java:1511)
at org.testng.TestRunner.privateRun(TestRunner.java:794)
at org.testng.TestRunner.run(TestRunner.java:596)
at org.testng.SuiteRunner.runTest(SuiteRunner.java:377)
at org.testng.SuiteRunner.runSequentially(SuiteRunner.java:371)
at org.testng.SuiteRunner.privateRun(SuiteRunner.java:332)
at org.testng.SuiteRunner.run(SuiteRunner.java:276)
at org.testng.SuiteRunnerWorker.runSuite(SuiteRunnerWorker.java:53)
at org.testng.SuiteRunnerWorker.run(SuiteRunnerWorker.java:96)
at org.testng.TestNG.runSuitesSequentially(TestNG.java:1212)
at org.testng.TestNG.runSuitesLocally(TestNG.java:1134)
at org.testng.TestNG.runSuites(TestNG.java:1063)
at org.testng.TestNG.run(TestNG.java:1031)
at org.testng.remote.AbstractRemoteTestNG.run(AbstractRemoteTestNG.java:115)
at org.testng.remote.RemoteTestNG.initAndRun(RemoteTestNG.java:293)
at org.testng.remote.RemoteTestNG.main(RemoteTestNG.java:91)
]]>
    </error>
  </testcase> <!-- launchDriver -->
  <system-out/>
  <testcase classname="com.MeghPI.Attendance.Android.tests.MeghPIAttendAndroidRegularizationTest" name="MPI_1450_Mobile_Regularization_01" time="0.004">
    <skipped/>
  </testcase> <!-- MPI_1450_Mobile_Regularization_01 -->
  <system-out/>
  <testcase classname="com.MeghPI.Attendance.Android.tests.MeghPIAttendAndroidRegularizationTest" name="MPI_1452_Mobile_Regularization_02" time="0.006">
    <skipped/>
  </testcase> <!-- MPI_1452_Mobile_Regularization_02 -->
  <system-out/>
  <testcase classname="com.MeghPI.Attendance.Android.tests.MeghPIAttendAndroidRegularizationTest" name="MPI_1453_Mobile_Regularization_03" time="0.007">
    <skipped/>
  </testcase> <!-- MPI_1453_Mobile_Regularization_03 -->
  <system-out/>
  <testcase classname="com.MeghPI.Attendance.Android.tests.MeghPIAttendAndroidRegularizationTest" name="MPI_1454_Mobile_Regularization_04" time="0.197">
    <skipped/>
  </testcase> <!-- MPI_1454_Mobile_Regularization_04 -->
  <system-out/>
  <testcase classname="com.MeghPI.Attendance.Android.tests.MeghPIAttendAndroidRegularizationTest" name="MPI_1456_Mobile_Regularization_05" time="0.004">
    <skipped/>
  </testcase> <!-- MPI_1456_Mobile_Regularization_05 -->
  <system-out/>
  <testcase classname="com.MeghPI.Attendance.Android.tests.MeghPIAttendAndroidRegularizationTest" name="MPI_1461_Mobile_Regularization_08" time="0.004">
    <skipped/>
  </testcase> <!-- MPI_1461_Mobile_Regularization_08 -->
  <system-out/>
  <testcase classname="com.MeghPI.Attendance.Android.tests.MeghPIAttendAndroidRegularizationTest" name="MPI_1462_Mobile_Regularization_09" time="0.005">
    <skipped/>
  </testcase> <!-- MPI_1462_Mobile_Regularization_09 -->
  <system-out/>
  <testcase classname="com.MeghPI.Attendance.Android.tests.MeghPIAttendAndroidRegularizationTest" name="MPI_1463_Mobile_Regularization_10" time="0.005">
    <skipped/>
  </testcase> <!-- MPI_1463_Mobile_Regularization_10 -->
  <system-out/>
  <testcase classname="com.MeghPI.Attendance.Android.tests.MeghPIAttendAndroidRegularizationTest" name="MPI_1494_Mobile_Regularization_11" time="0.000">
    <skipped/>
  </testcase> <!-- MPI_1494_Mobile_Regularization_11 -->
  <system-out/>
</testsuite> <!-- com.MeghPI.Attendance.Android.tests.MeghPIAttendAndroidRegularizationTest -->
