<?xml version="1.0" encoding="UTF-8"?>
<!-- Generated by org.testng.reporters.JUnitReportReporter -->
<testsuite hostname="DMANTRASP10250" failures="0" tests="1" name="com.MeghPI.Attendance.tests.MeghPIDeviceTest" time="73.688" errors="1" timestamp="2025-11-11T11:04:19 IST" skipped="0">
  <testcase classname="com.MeghPI.Attendance.tests.MeghPIDeviceTest" name="MPI_392_Devicelist_01" time="73.688">
    <error/>
  </testcase> <!-- MPI_392_Devicelist_01 -->
  <system-out/>
</testsuite> <!-- com.MeghPI.Attendance.tests.MeghPIDeviceTest -->
