<?xml version="1.0" encoding="UTF-8"?>
<!-- Generated by org.testng.reporters.JUnitReportReporter -->
<testsuite hostname="DMANTRASP10250" failures="0" tests="10" name="com.MeghPI.Attendance.tests.MeghShiftPolicyTest" time="166.483" errors="0" timestamp="2025-10-16T14:39:19 IST" skipped="8">
  <testcase classname="com.MeghPI.Attendance.tests.MeghShiftPolicyTest" name="MPI_850_Shift_policy_22" time="34.526"/>
  <system-out/>
  <testcase classname="com.MeghPI.Attendance.tests.MeghShiftPolicyTest" name="MPI_479_Shift_Policy_02" time="131.957"/>
  <system-out/>
  <testcase classname="com.MeghPI.Attendance.tests.MeghShiftPolicyTest" name="MPI_478_Shift_Policy_01">
    <skipped/>
  </testcase> <!-- MPI_478_Shift_Policy_01 -->
  <system-out/>
  <testcase classname="com.MeghPI.Attendance.tests.MeghShiftPolicyTest" name="MPI_487_Shift_Policy_10">
    <skipped/>
  </testcase> <!-- MPI_487_Shift_Policy_10 -->
  <system-out/>
  <testcase classname="com.MeghPI.Attendance.tests.MeghShiftPolicyTest" name="MPI_483_Shift_Policy_06">
    <skipped/>
  </testcase> <!-- MPI_483_Shift_Policy_06 -->
  <system-out/>
  <testcase classname="com.MeghPI.Attendance.tests.MeghShiftPolicyTest" name="MPI_486_Shift_Policy_09">
    <skipped/>
  </testcase> <!-- MPI_486_Shift_Policy_09 -->
  <system-out/>
  <testcase classname="com.MeghPI.Attendance.tests.MeghShiftPolicyTest" name="MPI_480_Shift_Policy_03">
    <skipped/>
  </testcase> <!-- MPI_480_Shift_Policy_03 -->
  <system-out/>
  <testcase classname="com.MeghPI.Attendance.tests.MeghShiftPolicyTest" name="MPI_489_Shift_Policy_12">
    <skipped/>
  </testcase> <!-- MPI_489_Shift_Policy_12 -->
  <system-out/>
  <testcase classname="com.MeghPI.Attendance.tests.MeghShiftPolicyTest" name="MPI_481_Shift_Policy_04">
    <skipped/>
  </testcase> <!-- MPI_481_Shift_Policy_04 -->
  <system-out/>
  <testcase classname="com.MeghPI.Attendance.tests.MeghShiftPolicyTest" name="MPI_491_Shift_Policy_14">
    <skipped/>
  </testcase> <!-- MPI_491_Shift_Policy_14 -->
  <system-out/>
</testsuite> <!-- com.MeghPI.Attendance.tests.MeghShiftPolicyTest -->
