<?xml version="1.0" encoding="UTF-8"?>
<!-- Generated by org.testng.reporters.JUnitReportReporter -->
<testsuite hostname="DMANTRASP10250" failures="0" tests="46" name="com.MeghPI.Attendance.tests.MeghPITimeLogReportsTest" time="126.117" errors="1" timestamp="2025-12-18T18:47:51 IST" skipped="45">
  <testcase classname="com.MeghPI.Attendance.tests.MeghPITimeLogReportsTest" name="MPI_1050_Punch_statistics_12" time="126.117">
    <error/>
  </testcase> <!-- MPI_1050_Punch_statistics_12 -->
  <system-out/>
  <testcase classname="com.MeghPI.Attendance.tests.MeghPITimeLogReportsTest" name="MPI_1068_LateOut_05">
    <skipped/>
  </testcase> <!-- MPI_1068_LateOut_05 -->
  <system-out/>
  <testcase classname="com.MeghPI.Attendance.tests.MeghPITimeLogReportsTest" name="MPI_1076_EarlyIn_01">
    <skipped/>
  </testcase> <!-- MPI_1076_EarlyIn_01 -->
  <system-out/>
  <testcase classname="com.MeghPI.Attendance.tests.MeghPITimeLogReportsTest" name="MPI_1094_Earlyout_07">
    <skipped/>
  </testcase> <!-- MPI_1094_Earlyout_07 -->
  <system-out/>
  <testcase classname="com.MeghPI.Attendance.tests.MeghPITimeLogReportsTest" name="MPI_1058_LateIn_07">
    <skipped/>
  </testcase> <!-- MPI_1058_LateIn_07 -->
  <system-out/>
  <testcase classname="com.MeghPI.Attendance.tests.MeghPITimeLogReportsTest" name="MPI_1044_Punch_statistics_06">
    <skipped/>
  </testcase> <!-- MPI_1044_Punch_statistics_06 -->
  <system-out/>
  <testcase classname="com.MeghPI.Attendance.tests.MeghPITimeLogReportsTest" name="MPI_1064_LateOut_01">
    <skipped/>
  </testcase> <!-- MPI_1064_LateOut_01 -->
  <system-out/>
  <testcase classname="com.MeghPI.Attendance.tests.MeghPITimeLogReportsTest" name="MPI_1089_EarlyOut_02">
    <skipped/>
  </testcase> <!-- MPI_1089_EarlyOut_02 -->
  <system-out/>
  <testcase classname="com.MeghPI.Attendance.tests.MeghPITimeLogReportsTest" name="MPI_1079_EarlyIn_04">
    <skipped/>
  </testcase> <!-- MPI_1079_EarlyIn_04 -->
  <system-out/>
  <testcase classname="com.MeghPI.Attendance.tests.MeghPITimeLogReportsTest" name="MPI_1087_EarlyIn_12">
    <skipped/>
  </testcase> <!-- MPI_1087_EarlyIn_12 -->
  <system-out/>
  <testcase classname="com.MeghPI.Attendance.tests.MeghPITimeLogReportsTest" name="MPI_1082_EarlyIn_07">
    <skipped/>
  </testcase> <!-- MPI_1082_EarlyIn_07 -->
  <system-out/>
  <testcase classname="com.MeghPI.Attendance.tests.MeghPITimeLogReportsTest" name="MPI_1051_Punch_statistics_13">
    <skipped/>
  </testcase> <!-- MPI_1051_Punch_statistics_13 -->
  <system-out/>
  <testcase classname="com.MeghPI.Attendance.tests.MeghPITimeLogReportsTest" name="MPI_1069_LateOut_06">
    <skipped/>
  </testcase> <!-- MPI_1069_LateOut_06 -->
  <system-out/>
  <testcase classname="com.MeghPI.Attendance.tests.MeghPITimeLogReportsTest" name="MPI_1056_LateIn_05">
    <skipped/>
  </testcase> <!-- MPI_1056_LateIn_05 -->
  <system-out/>
  <testcase classname="com.MeghPI.Attendance.tests.MeghPITimeLogReportsTest" name="MPI_1063_LateIn_12">
    <skipped/>
  </testcase> <!-- MPI_1063_LateIn_12 -->
  <system-out/>
  <testcase classname="com.MeghPI.Attendance.tests.MeghPITimeLogReportsTest" name="MPI_1071_LateOut_08">
    <skipped/>
  </testcase> <!-- MPI_1071_LateOut_08 -->
  <system-out/>
  <testcase classname="com.MeghPI.Attendance.tests.MeghPITimeLogReportsTest" name="MPI_1077_EarlyIn_02">
    <skipped/>
  </testcase> <!-- MPI_1077_EarlyIn_02 -->
  <system-out/>
  <testcase classname="com.MeghPI.Attendance.tests.MeghPITimeLogReportsTest" name="MPI_1088_EarlyOut_01">
    <skipped/>
  </testcase> <!-- MPI_1088_EarlyOut_01 -->
  <system-out/>
  <testcase classname="com.MeghPI.Attendance.tests.MeghPITimeLogReportsTest" name="MPI_1042_Punch_statistics_04">
    <skipped/>
  </testcase> <!-- MPI_1042_Punch_statistics_04 -->
  <system-out/>
  <testcase classname="com.MeghPI.Attendance.tests.MeghPITimeLogReportsTest" name="MPI_1053_LateIn_02">
    <skipped/>
  </testcase> <!-- MPI_1053_LateIn_02 -->
  <system-out/>
  <testcase classname="com.MeghPI.Attendance.tests.MeghPITimeLogReportsTest" name="MPI_1065_LateOut_02">
    <skipped/>
  </testcase> <!-- MPI_1065_LateOut_02 -->
  <system-out/>
  <testcase classname="com.MeghPI.Attendance.tests.MeghPITimeLogReportsTest" name="MPI_1083_EarlyIn_08">
    <skipped/>
  </testcase> <!-- MPI_1083_EarlyIn_08 -->
  <system-out/>
  <testcase classname="com.MeghPI.Attendance.tests.MeghPITimeLogReportsTest" name="MPI_1095_EarlyOut_08">
    <skipped/>
  </testcase> <!-- MPI_1095_EarlyOut_08 -->
  <system-out/>
  <testcase classname="com.MeghPI.Attendance.tests.MeghPITimeLogReportsTest" name="MPI_1080_EarlyIn_05">
    <skipped/>
  </testcase> <!-- MPI_1080_EarlyIn_05 -->
  <system-out/>
  <testcase classname="com.MeghPI.Attendance.tests.MeghPITimeLogReportsTest" name="MPI_1039_Punch_statistics_01">
    <skipped/>
  </testcase> <!-- MPI_1039_Punch_statistics_01 -->
  <system-out/>
  <testcase classname="com.MeghPI.Attendance.tests.MeghPITimeLogReportsTest" name="MPI_1049_Punch_statistics_11">
    <skipped/>
  </testcase> <!-- MPI_1049_Punch_statistics_11 -->
  <system-out/>
  <testcase classname="com.MeghPI.Attendance.tests.MeghPITimeLogReportsTest" name="MPI_1045_Punch_statistics_07">
    <skipped/>
  </testcase> <!-- MPI_1045_Punch_statistics_07 -->
  <system-out/>
  <testcase classname="com.MeghPI.Attendance.tests.MeghPITimeLogReportsTest" name="MPI_1059_LateIn_08">
    <skipped/>
  </testcase> <!-- MPI_1059_LateIn_08 -->
  <system-out/>
  <testcase classname="com.MeghPI.Attendance.tests.MeghPITimeLogReportsTest" name="MPI_1098_EarlyOut_11">
    <skipped/>
  </testcase> <!-- MPI_1098_EarlyOut_11 -->
  <system-out/>
  <testcase classname="com.MeghPI.Attendance.tests.MeghPITimeLogReportsTest" name="MPI_1074_LateOut_11">
    <skipped/>
  </testcase> <!-- MPI_1074_LateOut_11 -->
  <system-out/>
  <testcase classname="com.MeghPI.Attendance.tests.MeghPITimeLogReportsTest" name="MPI_1040_Punch_statistics_02">
    <skipped/>
  </testcase> <!-- MPI_1040_Punch_statistics_02 -->
  <system-out/>
  <testcase classname="com.MeghPI.Attendance.tests.MeghPITimeLogReportsTest" name="MPI_1062_LateIn_11">
    <skipped/>
  </testcase> <!-- MPI_1062_LateIn_11 -->
  <system-out/>
  <testcase classname="com.MeghPI.Attendance.tests.MeghPITimeLogReportsTest" name="MPI_1057_LateIn_06">
    <skipped/>
  </testcase> <!-- MPI_1057_LateIn_06 -->
  <system-out/>
  <testcase classname="com.MeghPI.Attendance.tests.MeghPITimeLogReportsTest" name="MPI_1043_Punch_statistics_05">
    <skipped/>
  </testcase> <!-- MPI_1043_Punch_statistics_05 -->
  <system-out/>
  <testcase classname="com.MeghPI.Attendance.tests.MeghPITimeLogReportsTest" name="MPI_1055_LateIn_04">
    <skipped/>
  </testcase> <!-- MPI_1055_LateIn_04 -->
  <system-out/>
  <testcase classname="com.MeghPI.Attendance.tests.MeghPITimeLogReportsTest" name="MPI_1067_LateOut_04">
    <skipped/>
  </testcase> <!-- MPI_1067_LateOut_04 -->
  <system-out/>
  <testcase classname="com.MeghPI.Attendance.tests.MeghPITimeLogReportsTest" name="MPI_1099_EarlyOut_12">
    <skipped/>
  </testcase> <!-- MPI_1099_EarlyOut_12 -->
  <system-out/>
  <testcase classname="com.MeghPI.Attendance.tests.MeghPITimeLogReportsTest" name="MPI_1093_EarlyOut_06">
    <skipped/>
  </testcase> <!-- MPI_1093_EarlyOut_06 -->
  <system-out/>
  <testcase classname="com.MeghPI.Attendance.tests.MeghPITimeLogReportsTest" name="MPI_1086_EarlyIn_11">
    <skipped/>
  </testcase> <!-- MPI_1086_EarlyIn_11 -->
  <system-out/>
  <testcase classname="com.MeghPI.Attendance.tests.MeghPITimeLogReportsTest" name="MPI_1091_EarlyOut_04">
    <skipped/>
  </testcase> <!-- MPI_1091_EarlyOut_04 -->
  <system-out/>
  <testcase classname="com.MeghPI.Attendance.tests.MeghPITimeLogReportsTest" name="MPI_1070_LateOut_07">
    <skipped/>
  </testcase> <!-- MPI_1070_LateOut_07 -->
  <system-out/>
  <testcase classname="com.MeghPI.Attendance.tests.MeghPITimeLogReportsTest" name="MPI_1046_Punch_statistics_08">
    <skipped/>
  </testcase> <!-- MPI_1046_Punch_statistics_08 -->
  <system-out/>
  <testcase classname="com.MeghPI.Attendance.tests.MeghPITimeLogReportsTest" name="MPI_1081_EarlyIn_06">
    <skipped/>
  </testcase> <!-- MPI_1081_EarlyIn_06 -->
  <system-out/>
  <testcase classname="com.MeghPI.Attendance.tests.MeghPITimeLogReportsTest" name="MPI_1075_LateOut_12">
    <skipped/>
  </testcase> <!-- MPI_1075_LateOut_12 -->
  <system-out/>
  <testcase classname="com.MeghPI.Attendance.tests.MeghPITimeLogReportsTest" name="MPI_1052_LateIn_01">
    <skipped/>
  </testcase> <!-- MPI_1052_LateIn_01 -->
  <system-out/>
  <testcase classname="com.MeghPI.Attendance.tests.MeghPITimeLogReportsTest" name="MPI_1092_EarlyOut_05">
    <skipped/>
  </testcase> <!-- MPI_1092_EarlyOut_05 -->
  <system-out/>
</testsuite> <!-- com.MeghPI.Attendance.tests.MeghPITimeLogReportsTest -->
