<?xml version="1.0" encoding="UTF-8"?>
<!-- Generated by org.testng.reporters.JUnitReportReporter -->
<testsuite hostname="DMANTRASP10250" failures="0" tests="8" name="meghtest.MeghMasterTeamMappingTest" time="204.348" errors="0" timestamp="2025-07-15T14:57:14 IST" skipped="7">
  <testcase classname="meghtest.MeghMasterTeamMappingTest" name="MPI_518_TeamMapping_01" time="204.348"/>
  <system-out/>
  <testcase classname="meghtest.MeghMasterTeamMappingTest" name="MPI_529_TeamMapping_12">
    <skipped/>
  </testcase> <!-- MPI_529_TeamMapping_12 -->
  <system-out/>
  <testcase classname="meghtest.MeghMasterTeamMappingTest" name="MPI_533_TeamMapping_15">
    <skipped/>
  </testcase> <!-- MPI_533_TeamMapping_15 -->
  <system-out/>
  <testcase classname="meghtest.MeghMasterTeamMappingTest" name="MPI_528_TeamMapping_11">
    <skipped/>
  </testcase> <!-- MPI_528_TeamMapping_11 -->
  <system-out/>
  <testcase classname="meghtest.MeghMasterTeamMappingTest" name="MPI_524_TeamMapping_07">
    <skipped/>
  </testcase> <!-- MPI_524_TeamMapping_07 -->
  <system-out/>
  <testcase classname="meghtest.MeghMasterTeamMappingTest" name="MPI_521_TeamMapping_04">
    <skipped/>
  </testcase> <!-- MPI_521_TeamMapping_04 -->
  <system-out/>
  <testcase classname="meghtest.MeghMasterTeamMappingTest" name="MPI_535_TeamMapping_16">
    <skipped/>
  </testcase> <!-- MPI_535_TeamMapping_16 -->
  <system-out/>
  <testcase classname="meghtest.MeghMasterTeamMappingTest" name="MPI_522_TeamMapping_05">
    <skipped/>
  </testcase> <!-- MPI_522_TeamMapping_05 -->
  <system-out/>
</testsuite> <!-- meghtest.MeghMasterTeamMappingTest -->
