<?xml version="1.0" encoding="UTF-8"?>
<!-- Generated by org.testng.reporters.JUnitReportReporter -->
<testsuite hostname="DMANTRASP10250" failures="0" tests="11" name="meghtest.MeghAttendancePolicyTest" time="41.882" errors="0" timestamp="2025-07-14T13:59:08 IST" skipped="10">
  <testcase classname="meghtest.MeghAttendancePolicyTest" name="MPI_435_Attendance_Policy_02" time="41.882"/>
  <system-out/>
  <testcase classname="meghtest.MeghAttendancePolicyTest" name="MPI_499_Attendance_Policy_49">
    <skipped/>
  </testcase> <!-- MPI_499_Attendance_Policy_49 -->
  <system-out/>
  <testcase classname="meghtest.MeghAttendancePolicyTest" name="MPI_434_Attendance_Policy_01">
    <skipped/>
  </testcase> <!-- MPI_434_Attendance_Policy_01 -->
  <system-out/>
  <testcase classname="meghtest.MeghAttendancePolicyTest" name="MPI_494_Attendance_Policy_44">
    <skipped/>
  </testcase> <!-- MPI_494_Attendance_Policy_44 -->
  <system-out/>
  <testcase classname="meghtest.MeghAttendancePolicyTest" name="MPI_503_Attendance_Policy_52">
    <skipped/>
  </testcase> <!-- MPI_503_Attendance_Policy_52 -->
  <system-out/>
  <testcase classname="meghtest.MeghAttendancePolicyTest" name="MPI_454_Attendance_Policy_21">
    <skipped/>
  </testcase> <!-- MPI_454_Attendance_Policy_21 -->
  <system-out/>
  <testcase classname="meghtest.MeghAttendancePolicyTest" name="MPI_457_Attendance_Policy_24">
    <skipped/>
  </testcase> <!-- MPI_457_Attendance_Policy_24 -->
  <system-out/>
  <testcase classname="meghtest.MeghAttendancePolicyTest" name="MPI_498_Attendance_Policy_48">
    <skipped/>
  </testcase> <!-- MPI_498_Attendance_Policy_48 -->
  <system-out/>
  <testcase classname="meghtest.MeghAttendancePolicyTest" name="MPI_436_Attendance_Policy_03">
    <skipped/>
  </testcase> <!-- MPI_436_Attendance_Policy_03 -->
  <system-out/>
  <testcase classname="meghtest.MeghAttendancePolicyTest" name="MPI_502_Attendance_Policy_51">
    <skipped/>
  </testcase> <!-- MPI_502_Attendance_Policy_51 -->
  <system-out/>
  <testcase classname="meghtest.MeghAttendancePolicyTest" name="MPI_496_Attendance_Policy_46">
    <skipped/>
  </testcase> <!-- MPI_496_Attendance_Policy_46 -->
  <system-out/>
</testsuite> <!-- meghtest.MeghAttendancePolicyTest -->
