<?xml version="1.0" encoding="UTF-8"?>
<!-- Generated by org.testng.reporters.JUnitReportReporter -->
<testsuite hostname="DMANTRASP10250" failures="0" tests="19" name="com.MeghPI.Attendance.tests.MeghLeaveTest" time="88.562" errors="1" timestamp="2025-12-09T19:37:35 IST" skipped="18">
  <testcase classname="com.MeghPI.Attendance.tests.MeghLeaveTest" name="MPI_606_Leave_08" time="88.562">
    <error/>
  </testcase> <!-- MPI_606_Leave_08 -->
  <system-out/>
  <testcase classname="com.MeghPI.Attendance.tests.MeghLeaveTest" name="MPI_599_Leave_01">
    <skipped/>
  </testcase> <!-- MPI_599_Leave_01 -->
  <system-out/>
  <testcase classname="com.MeghPI.Attendance.tests.MeghLeaveTest" name="MPI_1692_Leave_32">
    <skipped/>
  </testcase> <!-- MPI_1692_Leave_32 -->
  <system-out/>
  <testcase classname="com.MeghPI.Attendance.tests.MeghLeaveTest" name="MPI_851_Leave_27">
    <skipped/>
  </testcase> <!-- MPI_851_Leave_27 -->
  <system-out/>
  <testcase classname="com.MeghPI.Attendance.tests.MeghLeaveTest" name="MPI_618_Leave_20">
    <skipped/>
  </testcase> <!-- MPI_618_Leave_20 -->
  <system-out/>
  <testcase classname="com.MeghPI.Attendance.tests.MeghLeaveTest" name="MPI_856_Leave_31">
    <skipped/>
  </testcase> <!-- MPI_856_Leave_31 -->
  <system-out/>
  <testcase classname="com.MeghPI.Attendance.tests.MeghLeaveTest" name="MPI_1702_Leave_39">
    <skipped/>
  </testcase> <!-- MPI_1702_Leave_39 -->
  <system-out/>
  <testcase classname="com.MeghPI.Attendance.tests.MeghLeaveTest" name="MPI_612_Leave_14">
    <skipped/>
  </testcase> <!-- MPI_612_Leave_14 -->
  <system-out/>
  <testcase classname="com.MeghPI.Attendance.tests.MeghLeaveTest" name="MPI_621_Leave_23">
    <skipped/>
  </testcase> <!-- MPI_621_Leave_23 -->
  <system-out/>
  <testcase classname="com.MeghPI.Attendance.tests.MeghLeaveTest" name="MPI_1697_Leave_35">
    <skipped/>
  </testcase> <!-- MPI_1697_Leave_35 -->
  <system-out/>
  <testcase classname="com.MeghPI.Attendance.tests.MeghLeaveTest" name="MPI_625_Leave_26">
    <skipped/>
  </testcase> <!-- MPI_625_Leave_26 -->
  <system-out/>
  <testcase classname="com.MeghPI.Attendance.tests.MeghLeaveTest" name="MPI_1696_Leave_34">
    <skipped/>
  </testcase> <!-- MPI_1696_Leave_34 -->
  <system-out/>
  <testcase classname="com.MeghPI.Attendance.tests.MeghLeaveTest" name="MPI_600_Leave_02">
    <skipped/>
  </testcase> <!-- MPI_600_Leave_02 -->
  <system-out/>
  <testcase classname="com.MeghPI.Attendance.tests.MeghLeaveTest" name="MPI_603_Leave_05">
    <skipped/>
  </testcase> <!-- MPI_603_Leave_05 -->
  <system-out/>
  <testcase classname="com.MeghPI.Attendance.tests.MeghLeaveTest" name="MPI_854_Leave_30">
    <skipped/>
  </testcase> <!-- MPI_854_Leave_30 -->
  <system-out/>
  <testcase classname="com.MeghPI.Attendance.tests.MeghLeaveTest" name="MPI_620_Leave_22">
    <skipped/>
  </testcase> <!-- MPI_620_Leave_22 -->
  <system-out/>
  <testcase classname="com.MeghPI.Attendance.tests.MeghLeaveTest" name="MPI_852_Leave_28">
    <skipped/>
  </testcase> <!-- MPI_852_Leave_28 -->
  <system-out/>
  <testcase classname="com.MeghPI.Attendance.tests.MeghLeaveTest" name="MPI_1695_Leave_33">
    <skipped/>
  </testcase> <!-- MPI_1695_Leave_33 -->
  <system-out/>
  <testcase classname="com.MeghPI.Attendance.tests.MeghLeaveTest" name="MPI_619_Leave_21">
    <skipped/>
  </testcase> <!-- MPI_619_Leave_21 -->
  <system-out/>
</testsuite> <!-- com.MeghPI.Attendance.tests.MeghLeaveTest -->
