<?xml version="1.0" encoding="UTF-8"?>
<!-- Generated by org.testng.reporters.JUnitReportReporter -->
<testsuite hostname="DMANTRASP10250" failures="0" tests="6" name="com.MeghPI.Attendance.tests.MeghMasterDesignationTest" time="98.537" errors="0" timestamp="2025-08-18T14:38:57 IST" skipped="5">
  <testcase classname="com.MeghPI.Attendance.tests.MeghMasterDesignationTest" name="MPI_232_Designation_01" time="98.537"/>
  <system-out/>
  <testcase classname="com.MeghPI.Attendance.tests.MeghMasterDesignationTest" name="MPI_234_Designation_03">
    <skipped/>
  </testcase> <!-- MPI_234_Designation_03 -->
  <system-out/>
  <testcase classname="com.MeghPI.Attendance.tests.MeghMasterDesignationTest" name="MPI_233_Designation_02">
    <skipped/>
  </testcase> <!-- MPI_233_Designation_02 -->
  <system-out/>
  <testcase classname="com.MeghPI.Attendance.tests.MeghMasterDesignationTest" name="MPI_247_Designation_16">
    <skipped/>
  </testcase> <!-- MPI_247_Designation_16 -->
  <system-out/>
  <testcase classname="com.MeghPI.Attendance.tests.MeghMasterDesignationTest" name="MPI_245_Designation_14">
    <skipped/>
  </testcase> <!-- MPI_245_Designation_14 -->
  <system-out/>
  <testcase classname="com.MeghPI.Attendance.tests.MeghMasterDesignationTest" name="MPI_246_Designation_15">
    <skipped/>
  </testcase> <!-- MPI_246_Designation_15 -->
  <system-out/>
</testsuite> <!-- com.MeghPI.Attendance.tests.MeghMasterDesignationTest -->
