<?xml version="1.0" encoding="UTF-8"?>
<!-- Generated by org.testng.reporters.JUnitReportReporter -->
<testsuite hostname="DMANTRASP10250" failures="0" tests="12" name="meghtest.MeghMasterOfficeTest" time="32.781" errors="0" timestamp="2025-07-15T15:42:22 IST" skipped="11">
  <testcase classname="meghtest.MeghMasterOfficeTest" name="MPI_161_Office_01" time="32.781"/>
  <system-out/>
  <testcase classname="meghtest.MeghMasterOfficeTest" name="MPI_197_Office_11">
    <skipped/>
  </testcase> <!-- MPI_197_Office_11 -->
  <system-out/>
  <testcase classname="meghtest.MeghMasterOfficeTest" name="MPI_201_Office_15">
    <skipped/>
  </testcase> <!-- MPI_201_Office_15 -->
  <system-out/>
  <testcase classname="meghtest.MeghMasterOfficeTest" name="MPI_181_Office_03">
    <skipped/>
  </testcase> <!-- MPI_181_Office_03 -->
  <system-out/>
  <testcase classname="meghtest.MeghMasterOfficeTest" name="MPI_187_Office_09">
    <skipped/>
  </testcase> <!-- MPI_187_Office_09 -->
  <system-out/>
  <testcase classname="meghtest.MeghMasterOfficeTest" name="MPI_184_Office_06">
    <skipped/>
  </testcase> <!-- MPI_184_Office_06 -->
  <system-out/>
  <testcase classname="meghtest.MeghMasterOfficeTest" name="MPI_186_Office_08">
    <skipped/>
  </testcase> <!-- MPI_186_Office_08 -->
  <system-out/>
  <testcase classname="meghtest.MeghMasterOfficeTest" name="MPI_196_Office_10">
    <skipped/>
  </testcase> <!-- MPI_196_Office_10 -->
  <system-out/>
  <testcase classname="meghtest.MeghMasterOfficeTest" name="MPI_200_Office_14">
    <skipped/>
  </testcase> <!-- MPI_200_Office_14 -->
  <system-out/>
  <testcase classname="meghtest.MeghMasterOfficeTest" name="MPI_182_Office_04">
    <skipped/>
  </testcase> <!-- MPI_182_Office_04 -->
  <system-out/>
  <testcase classname="meghtest.MeghMasterOfficeTest" name="MPI_180_Office_02">
    <skipped/>
  </testcase> <!-- MPI_180_Office_02 -->
  <system-out/>
  <testcase classname="meghtest.MeghMasterOfficeTest" name="MPI_198_Office_12">
    <skipped/>
  </testcase> <!-- MPI_198_Office_12 -->
  <system-out/>
</testsuite> <!-- meghtest.MeghMasterOfficeTest -->
