<?xml version="1.0" encoding="UTF-8"?>
<!-- Generated by org.testng.reporters.JUnitReportReporter -->
<testsuite hostname="DMANTRASP10250" failures="0" tests="7" name="com.MeghPI.Attendance.Android.tests.MeghPIAttendAndroidOverTimeTest" time="72.970" errors="0" timestamp="2025-11-13T10:58:59 IST" skipped="6">
  <testcase classname="com.MeghPI.Attendance.Android.tests.MeghPIAttendAndroidOverTimeTest" name="MPI_1479_Mobile_OverTime_Tab_07" time="72.970"/>
  <system-out/>
  <testcase classname="com.MeghPI.Attendance.Android.tests.MeghPIAttendAndroidOverTimeTest" name="MPI_1472_Mobile_OverTime_Tab_04">
    <skipped/>
  </testcase> <!-- MPI_1472_Mobile_OverTime_Tab_04 -->
  <system-out/>
  <testcase classname="com.MeghPI.Attendance.Android.tests.MeghPIAttendAndroidOverTimeTest" name="MPI_1470_Mobile_OverTime_Tab_02">
    <skipped/>
  </testcase> <!-- MPI_1470_Mobile_OverTime_Tab_02 -->
  <system-out/>
  <testcase classname="com.MeghPI.Attendance.Android.tests.MeghPIAttendAndroidOverTimeTest" name="MPI_1471_Mobile_OverTime_Tab_03">
    <skipped/>
  </testcase> <!-- MPI_1471_Mobile_OverTime_Tab_03 -->
  <system-out/>
  <testcase classname="com.MeghPI.Attendance.Android.tests.MeghPIAttendAndroidOverTimeTest" name="MPI_1477_Mobile_OverTime_Tab_05">
    <skipped/>
  </testcase> <!-- MPI_1477_Mobile_OverTime_Tab_05 -->
  <system-out/>
  <testcase classname="com.MeghPI.Attendance.Android.tests.MeghPIAttendAndroidOverTimeTest" name="MPI_1478_Mobile_OverTime_Tab_06">
    <skipped/>
  </testcase> <!-- MPI_1478_Mobile_OverTime_Tab_06 -->
  <system-out/>
  <testcase classname="com.MeghPI.Attendance.Android.tests.MeghPIAttendAndroidOverTimeTest" name="MPI_1469_Mobile_OverTime_Tab_01">
    <skipped/>
  </testcase> <!-- MPI_1469_Mobile_OverTime_Tab_01 -->
  <system-out/>
</testsuite> <!-- com.MeghPI.Attendance.Android.tests.MeghPIAttendAndroidOverTimeTest -->
