<?xml version="1.0" encoding="UTF-8"?>
<!-- Generated by org.testng.reporters.JUnitReportReporter -->
<testsuite hostname="DMANTRASP10250" failures="0" tests="8" name="com.MeghPI.Attendance.Android.tests.MeghPIAttendAndroidShiftTest" time="57.159" errors="1" timestamp="2025-12-16T18:35:58 IST" skipped="7">
  <testcase classname="com.MeghPI.Attendance.Android.tests.MeghPIAttendAndroidShiftTest" name="MPI_1535_Android_Shift_07" time="57.159">
    <error/>
  </testcase> <!-- MPI_1535_Android_Shift_07 -->
  <system-out/>
  <testcase classname="com.MeghPI.Attendance.Android.tests.MeghPIAttendAndroidShiftTest" name="MPI_1533_Android_Shift_05">
    <skipped/>
  </testcase> <!-- MPI_1533_Android_Shift_05 -->
  <system-out/>
  <testcase classname="com.MeghPI.Attendance.Android.tests.MeghPIAttendAndroidShiftTest" name="MPI_1534_Android_Shift_06">
    <skipped/>
  </testcase> <!-- MPI_1534_Android_Shift_06 -->
  <system-out/>
  <testcase classname="com.MeghPI.Attendance.Android.tests.MeghPIAttendAndroidShiftTest" name="MPI_1540_Android_Shift_09">
    <skipped/>
  </testcase> <!-- MPI_1540_Android_Shift_09 -->
  <system-out/>
  <testcase classname="com.MeghPI.Attendance.Android.tests.MeghPIAttendAndroidShiftTest" name="MPI_1531_Android_Shift_03">
    <skipped/>
  </testcase> <!-- MPI_1531_Android_Shift_03 -->
  <system-out/>
  <testcase classname="com.MeghPI.Attendance.Android.tests.MeghPIAttendAndroidShiftTest" name="MPI_1532_Android_Shift_04">
    <skipped/>
  </testcase> <!-- MPI_1532_Android_Shift_04 -->
  <system-out/>
  <testcase classname="com.MeghPI.Attendance.Android.tests.MeghPIAttendAndroidShiftTest" name="MPI_1541_Android_Shift_10">
    <skipped/>
  </testcase> <!-- MPI_1541_Android_Shift_10 -->
  <system-out/>
  <testcase classname="com.MeghPI.Attendance.Android.tests.MeghPIAttendAndroidShiftTest" name="MPI_1529_Android_Shift_01">
    <skipped/>
  </testcase> <!-- MPI_1529_Android_Shift_01 -->
  <system-out/>
</testsuite> <!-- com.MeghPI.Attendance.Android.tests.MeghPIAttendAndroidShiftTest -->
