<?xml version="1.0" encoding="UTF-8"?>
<!-- Generated by org.testng.reporters.JUnitReportReporter -->
<testsuite hostname="DMANTRASP10250" failures="0" tests="17" name="com.MeghPI.Attendance.tests.MeghPIRegularizationRequestTest" time="133.779" errors="0" timestamp="2025-12-05T18:04:40 IST" skipped="16">
  <testcase classname="com.MeghPI.Attendance.tests.MeghPIRegularizationRequestTest" name="MPI_1605_RegularizationRequest_25" time="133.779"/>
  <system-out/>
  <testcase classname="com.MeghPI.Attendance.tests.MeghPIRegularizationRequestTest" name="MPI_1573_RegularizationRequest_24">
    <skipped/>
  </testcase> <!-- MPI_1573_RegularizationRequest_24 -->
  <system-out/>
  <testcase classname="com.MeghPI.Attendance.tests.MeghPIRegularizationRequestTest" name="MPI_763_RegularizationRequest_16">
    <skipped/>
  </testcase> <!-- MPI_763_RegularizationRequest_16 -->
  <system-out/>
  <testcase classname="com.MeghPI.Attendance.tests.MeghPIRegularizationRequestTest" name="MPI_755_RegularizationRequest_08">
    <skipped/>
  </testcase> <!-- MPI_755_RegularizationRequest_08 -->
  <system-out/>
  <testcase classname="com.MeghPI.Attendance.tests.MeghPIRegularizationRequestTest" name="MPI_750_RegularizationRequest_03">
    <skipped/>
  </testcase> <!-- MPI_750_RegularizationRequest_03 -->
  <system-out/>
  <testcase classname="com.MeghPI.Attendance.tests.MeghPIRegularizationRequestTest" name="MPI_1572_RegularizationRequest_23">
    <skipped/>
  </testcase> <!-- MPI_1572_RegularizationRequest_23 -->
  <system-out/>
  <testcase classname="com.MeghPI.Attendance.tests.MeghPIRegularizationRequestTest" name="MPI_749_RegularizationRequest_02">
    <skipped/>
  </testcase> <!-- MPI_749_RegularizationRequest_02 -->
  <system-out/>
  <testcase classname="com.MeghPI.Attendance.tests.MeghPIRegularizationRequestTest" name="MPI_762_RegularizationRequest_15">
    <skipped/>
  </testcase> <!-- MPI_762_RegularizationRequest_15 -->
  <system-out/>
  <testcase classname="com.MeghPI.Attendance.tests.MeghPIRegularizationRequestTest" name="MPI_766_RegularizationRequest_19">
    <skipped/>
  </testcase> <!-- MPI_766_RegularizationRequest_19 -->
  <system-out/>
  <testcase classname="com.MeghPI.Attendance.tests.MeghPIRegularizationRequestTest" name="MPI_1571_RegularizationRequest_22">
    <skipped/>
  </testcase> <!-- MPI_1571_RegularizationRequest_22 -->
  <system-out/>
  <testcase classname="com.MeghPI.Attendance.tests.MeghPIRegularizationRequestTest" name="MPI_761_RegularizationRequest_14">
    <skipped/>
  </testcase> <!-- MPI_761_RegularizationRequest_14 -->
  <system-out/>
  <testcase classname="com.MeghPI.Attendance.tests.MeghPIRegularizationRequestTest" name="MPI_748_RegularizationRequest_01">
    <skipped/>
  </testcase> <!-- MPI_748_RegularizationRequest_01 -->
  <system-out/>
  <testcase classname="com.MeghPI.Attendance.tests.MeghPIRegularizationRequestTest" name="MPI_1606_RegularizationRequest_26">
    <skipped/>
  </testcase> <!-- MPI_1606_RegularizationRequest_26 -->
  <system-out/>
  <testcase classname="com.MeghPI.Attendance.tests.MeghPIRegularizationRequestTest" name="MPI_765_RegularizationRequest_18">
    <skipped/>
  </testcase> <!-- MPI_765_RegularizationRequest_18 -->
  <system-out/>
  <testcase classname="com.MeghPI.Attendance.tests.MeghPIRegularizationRequestTest" name="MPI_759_RegularizationRequest_12">
    <skipped/>
  </testcase> <!-- MPI_759_RegularizationRequest_12 -->
  <system-out/>
  <testcase classname="com.MeghPI.Attendance.tests.MeghPIRegularizationRequestTest" name="MPI_764_RegularizationRequest_17">
    <skipped/>
  </testcase> <!-- MPI_764_RegularizationRequest_17 -->
  <system-out/>
  <testcase classname="com.MeghPI.Attendance.tests.MeghPIRegularizationRequestTest" name="MPI_1570_RegularizationRequest_21">
    <skipped/>
  </testcase> <!-- MPI_1570_RegularizationRequest_21 -->
  <system-out/>
</testsuite> <!-- com.MeghPI.Attendance.tests.MeghPIRegularizationRequestTest -->
