<?xml version="1.0" encoding="UTF-8"?>
<!-- Generated by org.testng.reporters.JUnitReportReporter -->
<testsuite hostname="DMANTRASP10250" failures="0" tests="9" name="browsertest.MeghDepartmentTest" time="56.143" errors="0" timestamp="2025-05-09T15:15:00 IST" skipped="7">
  <testcase classname="browsertest.MeghDepartmentTest" name="MPI_203_Department_10" time="29.060"/>
  <system-out/>
  <testcase classname="browsertest.MeghDepartmentTest" name="MPI_202_Department_09" time="27.083"/>
  <system-out/>
  <testcase classname="browsertest.MeghDepartmentTest" name="MPI_191_Department_04">
    <skipped/>
  </testcase> <!-- MPI_191_Department_04 -->
  <system-out/>
  <testcase classname="browsertest.MeghDepartmentTest" name="MPI_188_Department_01">
    <skipped/>
  </testcase> <!-- MPI_188_Department_01 -->
  <system-out/>
  <testcase classname="browsertest.MeghDepartmentTest" name="MPI_192_Department_05">
    <skipped/>
  </testcase> <!-- MPI_192_Department_05 -->
  <system-out/>
  <testcase classname="browsertest.MeghDepartmentTest" name="MPI_190_Department_03">
    <skipped/>
  </testcase> <!-- MPI_190_Department_03 -->
  <system-out/>
  <testcase classname="browsertest.MeghDepartmentTest" name="MPI_189_Department_02">
    <skipped/>
  </testcase> <!-- MPI_189_Department_02 -->
  <system-out/>
  <testcase classname="browsertest.MeghDepartmentTest" name="MPI_195_Department_08">
    <skipped/>
  </testcase> <!-- MPI_195_Department_08 -->
  <system-out/>
  <testcase classname="browsertest.MeghDepartmentTest" name="MPI_194_Department_07">
    <skipped/>
  </testcase> <!-- MPI_194_Department_07 -->
  <system-out/>
</testsuite> <!-- browsertest.MeghDepartmentTest -->
