<?xml version="1.0" encoding="UTF-8"?>
<!-- Generated by org.testng.reporters.JUnitReportReporter -->
<testsuite hostname="DMANTRASP10250" failures="0" tests="28" name="com.MeghPI.Attendance.tests.MeghPIEmpAttendanceReportsTest" time="86.518" errors="0" timestamp="2025-12-11T13:46:02 IST" skipped="27">
  <testcase classname="com.MeghPI.Attendance.tests.MeghPIEmpAttendanceReportsTest" name="MPI_1747_MissingPunch_Reports_07" time="86.518"/>
  <system-out/>
  <testcase classname="com.MeghPI.Attendance.tests.MeghPIEmpAttendanceReportsTest" name="MPI_1717_punch_Reports_05">
    <skipped/>
  </testcase> <!-- MPI_1717_punch_Reports_05 -->
  <system-out/>
  <testcase classname="com.MeghPI.Attendance.tests.MeghPIEmpAttendanceReportsTest" name="MPI_1732_Attendance_Reports_09">
    <skipped/>
  </testcase> <!-- MPI_1732_Attendance_Reports_09 -->
  <system-out/>
  <testcase classname="com.MeghPI.Attendance.tests.MeghPIEmpAttendanceReportsTest" name="MPI_1742_MissingPunch_Reports_02">
    <skipped/>
  </testcase> <!-- MPI_1742_MissingPunch_Reports_02 -->
  <system-out/>
  <testcase classname="com.MeghPI.Attendance.tests.MeghPIEmpAttendanceReportsTest" name="MPI_1724_Attendance_Reports_01">
    <skipped/>
  </testcase> <!-- MPI_1724_Attendance_Reports_01 -->
  <system-out/>
  <testcase classname="com.MeghPI.Attendance.tests.MeghPIEmpAttendanceReportsTest" name="MPI_1729_Attendance_Reports_06">
    <skipped/>
  </testcase> <!-- MPI_1729_Attendance_Reports_06 -->
  <system-out/>
  <testcase classname="com.MeghPI.Attendance.tests.MeghPIEmpAttendanceReportsTest" name="MPI_1734_Attendance_Reports_11">
    <skipped/>
  </testcase> <!-- MPI_1734_Attendance_Reports_11 -->
  <system-out/>
  <testcase classname="com.MeghPI.Attendance.tests.MeghPIEmpAttendanceReportsTest" name="MPI_1746_MissingPunch_Reports_06">
    <skipped/>
  </testcase> <!-- MPI_1746_MissingPunch_Reports_06 -->
  <system-out/>
  <testcase classname="com.MeghPI.Attendance.tests.MeghPIEmpAttendanceReportsTest" name="MPI_1738_Attendance_Reports_15">
    <skipped/>
  </testcase> <!-- MPI_1738_Attendance_Reports_15 -->
  <system-out/>
  <testcase classname="com.MeghPI.Attendance.tests.MeghPIEmpAttendanceReportsTest" name="MPI_1722_In_Out_Reports_04">
    <skipped/>
  </testcase> <!-- MPI_1722_In_Out_Reports_04 -->
  <system-out/>
  <testcase classname="com.MeghPI.Attendance.tests.MeghPIEmpAttendanceReportsTest" name="MPI_1737_Attendance_Reports_14">
    <skipped/>
  </testcase> <!-- MPI_1737_Attendance_Reports_14 -->
  <system-out/>
  <testcase classname="com.MeghPI.Attendance.tests.MeghPIEmpAttendanceReportsTest" name="MPI_1731_Attendance_Reports_08">
    <skipped/>
  </testcase> <!-- MPI_1731_Attendance_Reports_08 -->
  <system-out/>
  <testcase classname="com.MeghPI.Attendance.tests.MeghPIEmpAttendanceReportsTest" name="MPI_1745_MissingPunch_Reports_05">
    <skipped/>
  </testcase> <!-- MPI_1745_MissingPunch_Reports_05 -->
  <system-out/>
  <testcase classname="com.MeghPI.Attendance.tests.MeghPIEmpAttendanceReportsTest" name="MPI_1727_Attendance_Reports_04">
    <skipped/>
  </testcase> <!-- MPI_1727_Attendance_Reports_04 -->
  <system-out/>
  <testcase classname="com.MeghPI.Attendance.tests.MeghPIEmpAttendanceReportsTest" name="MPI_1723_In_Out_Reports_05">
    <skipped/>
  </testcase> <!-- MPI_1723_In_Out_Reports_05 -->
  <system-out/>
  <testcase classname="com.MeghPI.Attendance.tests.MeghPIEmpAttendanceReportsTest" name="MPI_1719_In_Out_Reports_01">
    <skipped/>
  </testcase> <!-- MPI_1719_In_Out_Reports_01 -->
  <system-out/>
  <testcase classname="com.MeghPI.Attendance.tests.MeghPIEmpAttendanceReportsTest" name="MPI_1733_Attendance_Reports_10">
    <skipped/>
  </testcase> <!-- MPI_1733_Attendance_Reports_10 -->
  <system-out/>
  <testcase classname="com.MeghPI.Attendance.tests.MeghPIEmpAttendanceReportsTest" name="MPI_1736_Attendance_Reports_13">
    <skipped/>
  </testcase> <!-- MPI_1736_Attendance_Reports_13 -->
  <system-out/>
  <testcase classname="com.MeghPI.Attendance.tests.MeghPIEmpAttendanceReportsTest" name="MPI_1718_Punch_Reports_06">
    <skipped/>
  </testcase> <!-- MPI_1718_Punch_Reports_06 -->
  <system-out/>
  <testcase classname="com.MeghPI.Attendance.tests.MeghPIEmpAttendanceReportsTest" name="MPI_1741_MissingPunch_Reports_01">
    <skipped/>
  </testcase> <!-- MPI_1741_MissingPunch_Reports_01 -->
  <system-out/>
  <testcase classname="com.MeghPI.Attendance.tests.MeghPIEmpAttendanceReportsTest" name="MPI_1744_MissingPunch_Reports_04">
    <skipped/>
  </testcase> <!-- MPI_1744_MissingPunch_Reports_04 -->
  <system-out/>
  <testcase classname="com.MeghPI.Attendance.tests.MeghPIEmpAttendanceReportsTest" name="MPI_1713_Punch_Reports_01">
    <skipped/>
  </testcase> <!-- MPI_1713_Punch_Reports_01 -->
  <system-out/>
  <testcase classname="com.MeghPI.Attendance.tests.MeghPIEmpAttendanceReportsTest" name="MPI_1728_Attendance_Reports_05">
    <skipped/>
  </testcase> <!-- MPI_1728_Attendance_Reports_05 -->
  <system-out/>
  <testcase classname="com.MeghPI.Attendance.tests.MeghPIEmpAttendanceReportsTest" name="MPI_1725_Attendance_Reports_02">
    <skipped/>
  </testcase> <!-- MPI_1725_Attendance_Reports_02 -->
  <system-out/>
  <testcase classname="com.MeghPI.Attendance.tests.MeghPIEmpAttendanceReportsTest" name="MPI_1716_Punch_Reports_04">
    <skipped/>
  </testcase> <!-- MPI_1716_Punch_Reports_04 -->
  <system-out/>
  <testcase classname="com.MeghPI.Attendance.tests.MeghPIEmpAttendanceReportsTest" name="MPI_1735_Attendance_Reports_12">
    <skipped/>
  </testcase> <!-- MPI_1735_Attendance_Reports_12 -->
  <system-out/>
  <testcase classname="com.MeghPI.Attendance.tests.MeghPIEmpAttendanceReportsTest" name="MPI_1720_In_Out_Reports_02">
    <skipped/>
  </testcase> <!-- MPI_1720_In_Out_Reports_02 -->
  <system-out/>
  <testcase classname="com.MeghPI.Attendance.tests.MeghPIEmpAttendanceReportsTest" name="MPI_1714_punch_Reports_02">
    <skipped/>
  </testcase> <!-- MPI_1714_punch_Reports_02 -->
  <system-out/>
</testsuite> <!-- com.MeghPI.Attendance.tests.MeghPIEmpAttendanceReportsTest -->
