<?xml version="1.0" encoding="UTF-8"?>
<!-- Generated by org.testng.reporters.JUnitReportReporter -->
<testsuite hostname="DMANTRASP10250" failures="0" tests="6" name="browsertest.MeghEmployeeTest" time="195.989" errors="0" timestamp="2025-05-09T12:56:56 IST" skipped="0">
  <testcase classname="browsertest.MeghEmployeeTest" name="MPI_145_Directory_AddEmployee_01" time="22.804"/>
  <system-out/>
  <testcase classname="browsertest.MeghEmployeeTest" name="MPI_146_Directory_AddEmployee_02" time="29.894"/>
  <system-out/>
  <testcase classname="browsertest.MeghEmployeeTest" name="MPI_148_Directory_AddEmployee_03" time="31.036"/>
  <system-out/>
  <testcase classname="browsertest.MeghEmployeeTest" name="MPI_149_Directory_AddEmployee_04" time="25.332"/>
  <system-out/>
  <testcase classname="browsertest.MeghEmployeeTest" name="MPI_150_Directory_AddEmployee_05" time="36.603"/>
  <system-out/>
  <testcase classname="browsertest.MeghEmployeeTest" name="MPI_159_Directory_AddEmployee_14" time="50.320"/>
  <system-out/>
</testsuite> <!-- browsertest.MeghEmployeeTest -->
