<?xml version="1.0" encoding="UTF-8"?>
<!-- Generated by org.testng.reporters.JUnitReportReporter -->
<testsuite hostname="DMANTRASP10250" failures="0" tests="69" name="com.MeghPI.Attendance.tests.MeghPIPolicyAttendanceTest" time="522.846" errors="14" timestamp="2025-10-08T14:48:10 IST" skipped="0">
  <testcase classname="com.MeghPI.Attendance.tests.MeghPIPolicyAttendanceTest" name="MPI_879_Normal_Attendance_71" time="2.795"/>
  <system-out/>
  <testcase classname="com.MeghPI.Attendance.tests.MeghPIPolicyAttendanceTest" name="MPI_879_Normal_Attendance_71" time="0.534"/>
  <system-out/>
  <testcase classname="com.MeghPI.Attendance.tests.MeghPIPolicyAttendanceTest" name="MPI_441_Attendance_Policy_08" time="12.892"/>
  <system-out/>
  <testcase classname="com.MeghPI.Attendance.tests.MeghPIPolicyAttendanceTest" name="MPI_441_Attendance_Policy_08" time="13.138"/>
  <system-out/>
  <testcase classname="com.MeghPI.Attendance.tests.MeghPIPolicyAttendanceTest" name="MPI_658_Attendance_Policy_58" time="6.927"/>
  <system-out/>
  <testcase classname="com.MeghPI.Attendance.tests.MeghPIPolicyAttendanceTest" name="MPI_660_Attendance_Policy_60" time="6.917"/>
  <system-out/>
  <testcase classname="com.MeghPI.Attendance.tests.MeghPIPolicyAttendanceTest" name="MPI_445_Attendance_Policy_12" time="6.951"/>
  <system-out/>
  <testcase classname="com.MeghPI.Attendance.tests.MeghPIPolicyAttendanceTest" name="MPI_451_Attendance_Policy_18" time="14.028"/>
  <system-out/>
  <testcase classname="com.MeghPI.Attendance.tests.MeghPIPolicyAttendanceTest" name="MPI_452_Attendance_Policy_19" time="6.479"/>
  <system-out/>
  <testcase classname="com.MeghPI.Attendance.tests.MeghPIPolicyAttendanceTest" name="MPI_453_Attendance_Policy_20" time="7.763"/>
  <system-out/>
  <testcase classname="com.MeghPI.Attendance.tests.MeghPIPolicyAttendanceTest" name="MPI_450_Attendance_Policy_17" time="6.885"/>
  <system-out/>
  <testcase classname="com.MeghPI.Attendance.tests.MeghPIPolicyAttendanceTest" name="MPI_661_Attendance_Policy_61" time="6.833"/>
  <system-out/>
  <testcase classname="com.MeghPI.Attendance.tests.MeghPIPolicyAttendanceTest" name="MPI_455_Attendance_Policy_22" time="6.829">
    <error/>
  </testcase> <!-- MPI_455_Attendance_Policy_22 -->
  <system-out/>
  <testcase classname="com.MeghPI.Attendance.tests.MeghPIPolicyAttendanceTest" name="MPI_456_Attendance_Policy_23" time="6.865">
    <error/>
  </testcase> <!-- MPI_456_Attendance_Policy_23 -->
  <system-out/>
  <testcase classname="com.MeghPI.Attendance.tests.MeghPIPolicyAttendanceTest" name="MPI_459_Attendance_Policy_26" time="20.634">
    <error/>
  </testcase> <!-- MPI_459_Attendance_Policy_26 -->
  <system-out/>
  <testcase classname="com.MeghPI.Attendance.tests.MeghPIPolicyAttendanceTest" name="MPI_460_Attendance_Policy_27" time="20.625">
    <error/>
  </testcase> <!-- MPI_460_Attendance_Policy_27 -->
  <system-out/>
  <testcase classname="com.MeghPI.Attendance.tests.MeghPIPolicyAttendanceTest" name="MPI_464_Attendance_Policy_30" time="6.861"/>
  <system-out/>
  <testcase classname="com.MeghPI.Attendance.tests.MeghPIPolicyAttendanceTest" name="MPI_465_Attendance_Policy_31" time="6.900"/>
  <system-out/>
  <testcase classname="com.MeghPI.Attendance.tests.MeghPIPolicyAttendanceTest" name="MPI_466_Attendance_Policy_32" time="7.719"/>
  <system-out/>
  <testcase classname="com.MeghPI.Attendance.tests.MeghPIPolicyAttendanceTest" name="MPI_467_Attendance_Policy_33" time="6.862"/>
  <system-out/>
  <testcase classname="com.MeghPI.Attendance.tests.MeghPIPolicyAttendanceTest" name="MPI_468_Attendance_Policy_34" time="6.840"/>
  <system-out/>
  <testcase classname="com.MeghPI.Attendance.tests.MeghPIPolicyAttendanceTest" name="MPI_469_Attendance_Policy_35" time="6.895"/>
  <system-out/>
  <testcase classname="com.MeghPI.Attendance.tests.MeghPIPolicyAttendanceTest" name="MPI_470_Attendance_Policy_36" time="6.871">
    <error/>
  </testcase> <!-- MPI_470_Attendance_Policy_36 -->
  <system-out/>
  <testcase classname="com.MeghPI.Attendance.tests.MeghPIPolicyAttendanceTest" name="MPI_876_Attendance_Policy_72" time="6.878">
    <error/>
  </testcase> <!-- MPI_876_Attendance_Policy_72 -->
  <system-out/>
  <testcase classname="com.MeghPI.Attendance.tests.MeghPIPolicyAttendanceTest" name="MPI_878_Attendance_Policy_73" time="6.865"/>
  <system-out/>
  <testcase classname="com.MeghPI.Attendance.tests.MeghPIPolicyAttendanceTest" name="MPI_878_Attendance_Policy_74" time="6.895"/>
  <system-out/>
  <testcase classname="com.MeghPI.Attendance.tests.MeghPIPolicyAttendanceTest" name="MPI_472_Attendance_Policy_38" time="6.892">
    <error/>
  </testcase> <!-- MPI_472_Attendance_Policy_38 -->
  <system-out/>
  <testcase classname="com.MeghPI.Attendance.tests.MeghPIPolicyAttendanceTest" name="MPI_475_Attendance_Policy_41" time="6.949">
    <error/>
  </testcase> <!-- MPI_475_Attendance_Policy_41 -->
  <system-out/>
  <testcase classname="com.MeghPI.Attendance.tests.MeghPIPolicyAttendanceTest" name="MPI_473_Attendance_Policy_39" time="6.854">
    <error/>
  </testcase> <!-- MPI_473_Attendance_Policy_39 -->
  <system-out/>
  <testcase classname="com.MeghPI.Attendance.tests.MeghPIPolicyAttendanceTest" name="MPI_880_Attendance_Policy_75" time="7.434">
    <error/>
  </testcase> <!-- MPI_880_Attendance_Policy_75 -->
  <system-out/>
  <testcase classname="com.MeghPI.Attendance.tests.MeghPIPolicyAttendanceTest" name="MPI_662_Attendance_Policy_62" time="6.967">
    <error/>
  </testcase> <!-- MPI_662_Attendance_Policy_62 -->
  <system-out/>
  <testcase classname="com.MeghPI.Attendance.tests.MeghPIPolicyAttendanceTest" name="MPI_663_Attendance_Policy_63" time="6.887">
    <error/>
  </testcase> <!-- MPI_663_Attendance_Policy_63 -->
  <system-out/>
  <testcase classname="com.MeghPI.Attendance.tests.MeghPIPolicyAttendanceTest" name="MPI_667_Leave_Policy_34" time="6.695"/>
  <system-out/>
  <testcase classname="com.MeghPI.Attendance.tests.MeghPIPolicyAttendanceTest" name="MPI_674_Shift_policy_19" time="7.720"/>
  <system-out/>
  <testcase classname="com.MeghPI.Attendance.tests.MeghPIPolicyAttendanceTest" name="MPI_675_Attendance_Policy_67" time="6.890"/>
  <system-out/>
  <testcase classname="com.MeghPI.Attendance.tests.MeghPIPolicyAttendanceTest" name="MPI_164_MeghPi_Shift_03" time="6.883"/>
  <system-out/>
  <testcase classname="com.MeghPI.Attendance.tests.MeghPIPolicyAttendanceTest" name="MPI_708_MeghPi_Shift_21" time="6.849"/>
  <system-out/>
  <testcase classname="com.MeghPI.Attendance.tests.MeghPIPolicyAttendanceTest" name="MPI_175_MeghPi_Shift_07" time="6.822"/>
  <system-out/>
  <testcase classname="com.MeghPI.Attendance.tests.MeghPIPolicyAttendanceTest" name="MPI_714_MeghPi_Shift_23" time="6.838">
    <error/>
  </testcase> <!-- MPI_714_MeghPi_Shift_23 -->
  <system-out/>
  <testcase classname="com.MeghPI.Attendance.tests.MeghPIPolicyAttendanceTest" name="MPI_715_MeghPi_Shift_24" time="6.830"/>
  <system-out/>
  <testcase classname="com.MeghPI.Attendance.tests.MeghPIPolicyAttendanceTest" name="MPI_716_MeghPi_Shift_25" time="7.106"/>
  <system-out/>
  <testcase classname="com.MeghPI.Attendance.tests.MeghPIPolicyAttendanceTest" name="MPI_717_MeghPi_Shift_26" time="6.844"/>
  <system-out/>
  <testcase classname="com.MeghPI.Attendance.tests.MeghPIPolicyAttendanceTest" name="MPI_718_MeghPi_Shift_27" time="7.699"/>
  <system-out/>
  <testcase classname="com.MeghPI.Attendance.tests.MeghPIPolicyAttendanceTest" name="MPI_719_MeghPi_Shift_28" time="7.714"/>
  <system-out/>
  <testcase classname="com.MeghPI.Attendance.tests.MeghPIPolicyAttendanceTest" name="MPI_726_Attendance_Policy_68" time="7.750"/>
  <system-out/>
  <testcase classname="com.MeghPI.Attendance.tests.MeghPIPolicyAttendanceTest" name="MPI_639_Normal_Attendance_11" time="6.817"/>
  <system-out/>
  <testcase classname="com.MeghPI.Attendance.tests.MeghPIPolicyAttendanceTest" name="MPI_650_Normal_Attendance_22" time="6.797"/>
  <system-out/>
  <testcase classname="com.MeghPI.Attendance.tests.MeghPIPolicyAttendanceTest" name="MPI_640_Normal_Attendance_12" time="6.887"/>
  <system-out/>
  <testcase classname="com.MeghPI.Attendance.tests.MeghPIPolicyAttendanceTest" name="MPI_642_Normal_Attendance_14" time="6.014"/>
  <system-out/>
  <testcase classname="com.MeghPI.Attendance.tests.MeghPIPolicyAttendanceTest" name="MPI_643_Normal_Attendance_15" time="6.422"/>
  <system-out/>
  <testcase classname="com.MeghPI.Attendance.tests.MeghPIPolicyAttendanceTest" name="MPI_648_Normal_Attendance_20" time="6.918"/>
  <system-out/>
  <testcase classname="com.MeghPI.Attendance.tests.MeghPIPolicyAttendanceTest" name="MPI_649_Normal_Attendance_21" time="6.891"/>
  <system-out/>
  <testcase classname="com.MeghPI.Attendance.tests.MeghPIPolicyAttendanceTest" name="MPI_651_Normal_Attendance_23" time="6.846"/>
  <system-out/>
  <testcase classname="com.MeghPI.Attendance.tests.MeghPIPolicyAttendanceTest" name="MPI_653_Normal_Attendance_25" time="6.878"/>
  <system-out/>
  <testcase classname="com.MeghPI.Attendance.tests.MeghPIPolicyAttendanceTest" name="MPI_654_Normal_Attendance_26" time="6.438"/>
  <system-out/>
  <testcase classname="com.MeghPI.Attendance.tests.MeghPIPolicyAttendanceTest" name="MPI_882_Attendance_Policy_76" time="7.737"/>
  <system-out/>
  <testcase classname="com.MeghPI.Attendance.tests.MeghPIPolicyAttendanceTest" name="MPI_885_Attendance_Policy_77" time="7.753"/>
  <system-out/>
  <testcase classname="com.MeghPI.Attendance.tests.MeghPIPolicyAttendanceTest" name="MPI_886_Attendance_Policy_78" time="7.729"/>
  <system-out/>
  <testcase classname="com.MeghPI.Attendance.tests.MeghPIPolicyAttendanceTest" name="MPI_887_Attendance_Policy_79" time="7.716"/>
  <system-out/>
  <testcase classname="com.MeghPI.Attendance.tests.MeghPIPolicyAttendanceTest" name="MPI_888_Attendance_Policy_80" time="7.441"/>
  <system-out/>
  <testcase classname="com.MeghPI.Attendance.tests.MeghPIPolicyAttendanceTest" name="MPI_742_Attendance_Policy_69" time="6.863"/>
  <system-out/>
  <testcase classname="com.MeghPI.Attendance.tests.MeghPIPolicyAttendanceTest" name="MPI_743_Attendance_Policy_70" time="6.908"/>
  <system-out/>
  <testcase classname="com.MeghPI.Attendance.tests.MeghPIPolicyAttendanceTest" name="MPI_744_MeghPi_Shift_29" time="6.848">
    <error/>
  </testcase> <!-- MPI_744_MeghPi_Shift_29 -->
  <system-out/>
  <testcase classname="com.MeghPI.Attendance.tests.MeghPIPolicyAttendanceTest" name="MPI_746_Shift_policy_20" time="6.914"/>
  <system-out/>
  <testcase classname="com.MeghPI.Attendance.tests.MeghPIPolicyAttendanceTest" name="MPI_747_Shift_policy_21" time="6.980"/>
  <system-out/>
  <testcase classname="com.MeghPI.Attendance.tests.MeghPIPolicyAttendanceTest" name="MPI_889_Attendance_Policy_81" time="8.457"/>
  <system-out/>
  <testcase classname="com.MeghPI.Attendance.tests.MeghPIPolicyAttendanceTest" name="MPI_890_Attendance_Policy_82" time="7.673"/>
  <system-out/>
  <testcase classname="com.MeghPI.Attendance.tests.MeghPIPolicyAttendanceTest" name="MPI_891_Attendance_Policy_83" time="7.840"/>
  <system-out/>
  <testcase classname="com.MeghPI.Attendance.tests.MeghPIPolicyAttendanceTest" name="MPI_1190_Normal_Attendance_73" time="7.775"/>
  <system-out/>
</testsuite> <!-- com.MeghPI.Attendance.tests.MeghPIPolicyAttendanceTest -->
