<?xml version="1.0" encoding="UTF-8"?>
<!-- Generated by org.testng.reporters.JUnitReportReporter -->
<testsuite hostname="WIN-2P8D2E35PC6" failures="0" tests="9" name="browsertest.MinopLoginBrowTest" time="-1745752832.000" errors="1" timestamp="2025-04-27T16:49:22 IST" skipped="8">
  <testcase classname="browsertest.MinopLoginBrowTest" name="runOnce" time="-1745752832.000">
    <error message="
Parameter &#039;device&#039; is required by BeforeClass on method runOnce but has not been marked @Optional or defined
in C:\Users\admin\AppData\Local\Temp\2\testng-eclipse-50622851\testng-customsuite.xml" type="org.testng.TestNGException">
      <![CDATA[org.testng.TestNGException: 
Parameter 'device' is required by BeforeClass on method runOnce but has not been marked @Optional or defined
in C:\Users\admin\AppData\Local\Temp\2\testng-eclipse-50622851\testng-customsuite.xml
at org.testng.internal.Parameters.createParams(Parameters.java:270)
at org.testng.internal.Parameters.createParametersForMethod(Parameters.java:358)
at org.testng.internal.Parameters.createParameters(Parameters.java:700)
at org.testng.internal.Parameters.createConfigurationParameters(Parameters.java:168)
at org.testng.internal.ConfigInvoker.invokeConfigurations(ConfigInvoker.java:302)
at org.testng.internal.TestMethodWorker.invokeBeforeClassMethods(TestMethodWorker.java:176)
at org.testng.internal.TestMethodWorker.run(TestMethodWorker.java:122)
at java.base/java.util.ArrayList.forEach(ArrayList.java:1596)
at org.testng.TestRunner.privateRun(TestRunner.java:794)
at org.testng.TestRunner.run(TestRunner.java:596)
at org.testng.SuiteRunner.runTest(SuiteRunner.java:377)
at org.testng.SuiteRunner.runSequentially(SuiteRunner.java:371)
at org.testng.SuiteRunner.privateRun(SuiteRunner.java:332)
at org.testng.SuiteRunner.run(SuiteRunner.java:276)
at org.testng.SuiteRunnerWorker.runSuite(SuiteRunnerWorker.java:53)
at org.testng.SuiteRunnerWorker.run(SuiteRunnerWorker.java:96)
at org.testng.TestNG.runSuitesSequentially(TestNG.java:1212)
at org.testng.TestNG.runSuitesLocally(TestNG.java:1134)
at org.testng.TestNG.runSuites(TestNG.java:1063)
at org.testng.TestNG.run(TestNG.java:1031)
at org.testng.remote.AbstractRemoteTestNG.run(AbstractRemoteTestNG.java:115)
at org.testng.remote.RemoteTestNG.initAndRun(RemoteTestNG.java:251)
at org.testng.remote.RemoteTestNG.main(RemoteTestNG.java:77)
]]>
    </error>
  </testcase> <!-- runOnce -->
  <system-out/>
  <testcase classname="browsertest.MinopLoginBrowTest" name="M_01_Minop_Admin_Login" time="0.000">
    <skipped/>
  </testcase> <!-- M_01_Minop_Admin_Login -->
  <system-out/>
  <testcase classname="browsertest.MinopLoginBrowTest" name="M_05_Minop_Change_Date_Format_MMM_DD_YYYY">
    <skipped/>
  </testcase> <!-- M_05_Minop_Change_Date_Format_MMM_DD_YYYY -->
  <system-out/>
  <testcase classname="browsertest.MinopLoginBrowTest" name="M_03_Minop_Change_Date_Format_DD_MMM_YYYY">
    <skipped/>
  </testcase> <!-- M_03_Minop_Change_Date_Format_DD_MMM_YYYY -->
  <system-out/>
  <testcase classname="browsertest.MinopLoginBrowTest" name="M_07_Minop_Change_Date_Format_YYYY_MMM_DD">
    <skipped/>
  </testcase> <!-- M_07_Minop_Change_Date_Format_YYYY_MMM_DD -->
  <system-out/>
  <testcase classname="browsertest.MinopLoginBrowTest" name="M_08_Minop_Change_Date_Format_YYYY_MM_DD">
    <skipped/>
  </testcase> <!-- M_08_Minop_Change_Date_Format_YYYY_MM_DD -->
  <system-out/>
  <testcase classname="browsertest.MinopLoginBrowTest" name="M_06_Minop_Change_Date_Format_MM_DD_YYYY">
    <skipped/>
  </testcase> <!-- M_06_Minop_Change_Date_Format_MM_DD_YYYY -->
  <system-out/>
  <testcase classname="browsertest.MinopLoginBrowTest" name="M_04_Minop_Change_Date_Format_DD_MM_YYYY">
    <skipped/>
  </testcase> <!-- M_04_Minop_Change_Date_Format_DD_MM_YYYY -->
  <system-out/>
  <testcase classname="browsertest.MinopLoginBrowTest" name="M_02_Minop_Lock_Attendance_Day">
    <skipped/>
  </testcase> <!-- M_02_Minop_Lock_Attendance_Day -->
  <system-out/>
</testsuite> <!-- browsertest.MinopLoginBrowTest -->
