<?xml version="1.0" encoding="UTF-8"?>
<!-- Generated by org.testng.reporters.JUnitReportReporter -->
<testsuite hostname="DMANTRASP10250" failures="0" tests="18" name="com.MeghPI.Attendance.tests.MeghPIOverTimeRequestTest" time="2057.967" errors="6" timestamp="2025-12-19T18:31:50 IST" skipped="0">
  <testcase classname="com.MeghPI.Attendance.tests.MeghPIOverTimeRequestTest" name="MPI_768_OverTImeRequest_01" time="224.403">
    <error/>
  </testcase> <!-- MPI_768_OverTImeRequest_01 -->
  <system-out/>
  <testcase classname="com.MeghPI.Attendance.tests.MeghPIOverTimeRequestTest" name="MPI_769_OverTImeRequest_02" time="164.571"/>
  <system-out/>
  <testcase classname="com.MeghPI.Attendance.tests.MeghPIOverTimeRequestTest" name="MPI_770_OverTImeRequest_03" time="108.897"/>
  <system-out/>
  <testcase classname="com.MeghPI.Attendance.tests.MeghPIOverTimeRequestTest" name="MPI_771_OverTImeRequest_04" time="4.983"/>
  <system-out/>
  <testcase classname="com.MeghPI.Attendance.tests.MeghPIOverTimeRequestTest" name="MPI_772_OverTImeRequest_05" time="50.875"/>
  <system-out/>
  <testcase classname="com.MeghPI.Attendance.tests.MeghPIOverTimeRequestTest" name="MPI_773_OverTImeRequest_06" time="147.918"/>
  <system-out/>
  <testcase classname="com.MeghPI.Attendance.tests.MeghPIOverTimeRequestTest" name="MPI_774_OverTImeRequest_07" time="122.032"/>
  <system-out/>
  <testcase classname="com.MeghPI.Attendance.tests.MeghPIOverTimeRequestTest" name="MPI_775_OverTImeRequest_08" time="53.529"/>
  <system-out/>
  <testcase classname="com.MeghPI.Attendance.tests.MeghPIOverTimeRequestTest" name="MPI_776_OverTImeRequest_09" time="89.499">
    <error/>
  </testcase> <!-- MPI_776_OverTImeRequest_09 -->
  <system-out/>
  <testcase classname="com.MeghPI.Attendance.tests.MeghPIOverTimeRequestTest" name="MPI_777_OverTImeRequest_10" time="88.625">
    <error/>
  </testcase> <!-- MPI_777_OverTImeRequest_10 -->
  <system-out/>
  <testcase classname="com.MeghPI.Attendance.tests.MeghPIOverTimeRequestTest" name="MPI_778_OverTImeRequest_11" time="109.495">
    <error/>
  </testcase> <!-- MPI_778_OverTImeRequest_11 -->
  <system-out/>
  <testcase classname="com.MeghPI.Attendance.tests.MeghPIOverTimeRequestTest" name="MPI_779_OverTImeRequest_12" time="98.862">
    <error/>
  </testcase> <!-- MPI_779_OverTImeRequest_12 -->
  <system-out/>
  <testcase classname="com.MeghPI.Attendance.tests.MeghPIOverTimeRequestTest" name="MPI_784_OverTImeRequest_17" time="410.129">
    <error/>
  </testcase> <!-- MPI_784_OverTImeRequest_17 -->
  <system-out/>
  <testcase classname="com.MeghPI.Attendance.tests.MeghPIOverTimeRequestTest" name="MPI_786_OverTImeRequest_19" time="10.298"/>
  <system-out/>
  <testcase classname="com.MeghPI.Attendance.tests.MeghPIOverTimeRequestTest" name="MPI_1575_OverTImeRequest_20" time="167.574"/>
  <system-out/>
  <testcase classname="com.MeghPI.Attendance.tests.MeghPIOverTimeRequestTest" name="MPI_1638_OverTime_Approved_07" time="134.173"/>
  <system-out/>
  <testcase classname="com.MeghPI.Attendance.tests.MeghPIOverTimeRequestTest" name="MPI_787_OverTime_Approved_01" time="5.228"/>
  <system-out/>
  <testcase classname="com.MeghPI.Attendance.tests.MeghPIOverTimeRequestTest" name="MPI_790_OverTime_Approved_04" time="66.876"/>
  <system-out/>
</testsuite> <!-- com.MeghPI.Attendance.tests.MeghPIOverTimeRequestTest -->
