<?xml version="1.0" encoding="UTF-8"?>
<!-- Generated by org.testng.reporters.JUnitReportReporter -->
<testsuite hostname="DMANTRASP10250" failures="0" tests="12" name="com.MeghPI.Attendance.tests.MeghPIAttenAPITest" time="2.007" errors="0" timestamp="2025-09-16T12:27:42 IST" skipped="10">
  <testcase classname="com.MeghPI.Attendance.tests.MeghPIAttenAPITest" name="API_Login" time="1.640"/>
  <system-out/>
  <testcase classname="com.MeghPI.Attendance.tests.MeghPIAttenAPITest" name="API_ClearData" time="0.367"/>
  <system-out/>
  <testcase classname="com.MeghPI.Attendance.tests.MeghPIAttenAPITest" name="API_CreateLeave">
    <skipped/>
  </testcase> <!-- API_CreateLeave -->
  <system-out/>
  <testcase classname="com.MeghPI.Attendance.tests.MeghPIAttenAPITest" name="API_AddCustomHoliday">
    <skipped/>
  </testcase> <!-- API_AddCustomHoliday -->
  <system-out/>
  <testcase classname="com.MeghPI.Attendance.tests.MeghPIAttenAPITest" name="API_EnrollDevice">
    <skipped/>
  </testcase> <!-- API_EnrollDevice -->
  <system-out/>
  <testcase classname="com.MeghPI.Attendance.tests.MeghPIAttenAPITest" name="API_AddShiftRoster">
    <skipped/>
  </testcase> <!-- API_AddShiftRoster -->
  <system-out/>
  <testcase classname="com.MeghPI.Attendance.tests.MeghPIAttenAPITest" name="API_CreateEmployee">
    <skipped/>
  </testcase> <!-- API_CreateEmployee -->
  <system-out/>
  <testcase classname="com.MeghPI.Attendance.tests.MeghPIAttenAPITest" name="API_GetUserStatus">
    <skipped/>
  </testcase> <!-- API_GetUserStatus -->
  <system-out/>
  <testcase classname="com.MeghPI.Attendance.tests.MeghPIAttenAPITest" name="API_UpdateAttendance">
    <skipped/>
  </testcase> <!-- API_UpdateAttendance -->
  <system-out/>
  <testcase classname="com.MeghPI.Attendance.tests.MeghPIAttenAPITest" name="API_SuccessTransaction">
    <skipped/>
  </testcase> <!-- API_SuccessTransaction -->
  <system-out/>
  <testcase classname="com.MeghPI.Attendance.tests.MeghPIAttenAPITest" name="API_CreateAndEnroll">
    <skipped/>
  </testcase> <!-- API_CreateAndEnroll -->
  <system-out/>
  <testcase classname="com.MeghPI.Attendance.tests.MeghPIAttenAPITest" name="API_GetPrimaryDataList">
    <skipped/>
  </testcase> <!-- API_GetPrimaryDataList -->
  <system-out/>
</testsuite> <!-- com.MeghPI.Attendance.tests.MeghPIAttenAPITest -->
