<?xml version="1.0" encoding="UTF-8"?>
<!-- Generated by org.testng.reporters.JUnitReportReporter -->
<testsuite hostname="DMANTRASP10250" failures="0" tests="7" name="com.MeghPI.Attendance.tests.MeghMasterLeaveTypeTest" time="170.175" errors="0" timestamp="2025-08-13T17:28:57 IST" skipped="6">
  <testcase classname="com.MeghPI.Attendance.tests.MeghMasterLeaveTypeTest" name="MPI_343_LeaveType_01" time="170.175"/>
  <system-out/>
  <testcase classname="com.MeghPI.Attendance.tests.MeghMasterLeaveTypeTest" name="MPI_352_LeaveType_10">
    <skipped/>
  </testcase> <!-- MPI_352_LeaveType_10 -->
  <system-out/>
  <testcase classname="com.MeghPI.Attendance.tests.MeghMasterLeaveTypeTest" name="MPI_344_LeaveType_02">
    <skipped/>
  </testcase> <!-- MPI_344_LeaveType_02 -->
  <system-out/>
  <testcase classname="com.MeghPI.Attendance.tests.MeghMasterLeaveTypeTest" name="MPI_356_LeaveType_14">
    <skipped/>
  </testcase> <!-- MPI_356_LeaveType_14 -->
  <system-out/>
  <testcase classname="com.MeghPI.Attendance.tests.MeghMasterLeaveTypeTest" name="MPI_355_LeaveType_13">
    <skipped/>
  </testcase> <!-- MPI_355_LeaveType_13 -->
  <system-out/>
  <testcase classname="com.MeghPI.Attendance.tests.MeghMasterLeaveTypeTest" name="MPI_354_LeaveType_12">
    <skipped/>
  </testcase> <!-- MPI_354_LeaveType_12 -->
  <system-out/>
  <testcase classname="com.MeghPI.Attendance.tests.MeghMasterLeaveTypeTest" name="MPI_345_LeaveType_03">
    <skipped/>
  </testcase> <!-- MPI_345_LeaveType_03 -->
  <system-out/>
</testsuite> <!-- com.MeghPI.Attendance.tests.MeghMasterLeaveTypeTest -->
