<?xml version="1.0" encoding="UTF-8"?>
<!-- Generated by org.testng.reporters.JUnitReportReporter -->
<testsuite hostname="DMANTRASP10250" failures="0" tests="9" name="com.MeghPI.Attendance.tests.MeghWeekOffPolicyTest" time="5.188" errors="0" timestamp="2025-08-21T14:49:39 IST" skipped="9">
  <testcase classname="com.MeghPI.Attendance.tests.MeghWeekOffPolicyTest" name="MPI_848_WeekOff_Policy_12" time="5.188">
    <skipped/>
  </testcase> <!-- MPI_848_WeekOff_Policy_12 -->
  <system-out/>
  <testcase classname="com.MeghPI.Attendance.tests.MeghWeekOffPolicyTest" name="MPI_585_WeekOff_Policy_10">
    <skipped/>
  </testcase> <!-- MPI_585_WeekOff_Policy_10 -->
  <system-out/>
  <testcase classname="com.MeghPI.Attendance.tests.MeghWeekOffPolicyTest" name="MPI_582_WeekOff_Policy_07">
    <skipped/>
  </testcase> <!-- MPI_582_WeekOff_Policy_07 -->
  <system-out/>
  <testcase classname="com.MeghPI.Attendance.tests.MeghWeekOffPolicyTest" name="MPI_579_WeekOff_Policy_04">
    <skipped/>
  </testcase> <!-- MPI_579_WeekOff_Policy_04 -->
  <system-out/>
  <testcase classname="com.MeghPI.Attendance.tests.MeghWeekOffPolicyTest" name="MPI_584_WeekOff_Policy_09">
    <skipped/>
  </testcase> <!-- MPI_584_WeekOff_Policy_09 -->
  <system-out/>
  <testcase classname="com.MeghPI.Attendance.tests.MeghWeekOffPolicyTest" name="MPI_577_WeekOff_Policy_02">
    <skipped/>
  </testcase> <!-- MPI_577_WeekOff_Policy_02 -->
  <system-out/>
  <testcase classname="com.MeghPI.Attendance.tests.MeghWeekOffPolicyTest" name="MPI_581_WeekOff_Policy_06">
    <skipped/>
  </testcase> <!-- MPI_581_WeekOff_Policy_06 -->
  <system-out/>
  <testcase classname="com.MeghPI.Attendance.tests.MeghWeekOffPolicyTest" name="MPI_576_WeekOff_Policy_01">
    <skipped/>
  </testcase> <!-- MPI_576_WeekOff_Policy_01 -->
  <system-out/>
  <testcase classname="com.MeghPI.Attendance.tests.MeghWeekOffPolicyTest" name="MPI_578_WeekOff_Policy_03">
    <skipped/>
  </testcase> <!-- MPI_578_WeekOff_Policy_03 -->
  <system-out/>
</testsuite> <!-- com.MeghPI.Attendance.tests.MeghWeekOffPolicyTest -->
