<?xml version="1.0" encoding="UTF-8"?>
<!-- Generated by org.testng.reporters.JUnitReportReporter -->
<testsuite hostname="DMANTRASP10250" failures="0" tests="12" name="com.MeghPI.Attendance.tests.MeghMasterRolePermissionTest" time="227.966" errors="0" timestamp="2025-09-01T11:53:17 IST" skipped="11">
  <testcase classname="com.MeghPI.Attendance.tests.MeghMasterRolePermissionTest" name="MPI_283_RolePermission_18" time="227.966"/>
  <system-out/>
  <testcase classname="com.MeghPI.Attendance.tests.MeghMasterRolePermissionTest" name="MPI_277_RolePermission_12">
    <skipped/>
  </testcase> <!-- MPI_277_RolePermission_12 -->
  <system-out/>
  <testcase classname="com.MeghPI.Attendance.tests.MeghMasterRolePermissionTest" name="MPI_284_RolePermission_19">
    <skipped/>
  </testcase> <!-- MPI_284_RolePermission_19 -->
  <system-out/>
  <testcase classname="com.MeghPI.Attendance.tests.MeghMasterRolePermissionTest" name="MPI_280_RolePermission_15">
    <skipped/>
  </testcase> <!-- MPI_280_RolePermission_15 -->
  <system-out/>
  <testcase classname="com.MeghPI.Attendance.tests.MeghMasterRolePermissionTest" name="MPI_286_RolePermission_21">
    <skipped/>
  </testcase> <!-- MPI_286_RolePermission_21 -->
  <system-out/>
  <testcase classname="com.MeghPI.Attendance.tests.MeghMasterRolePermissionTest" name="MPI_285_RolePermission_20">
    <skipped/>
  </testcase> <!-- MPI_285_RolePermission_20 -->
  <system-out/>
  <testcase classname="com.MeghPI.Attendance.tests.MeghMasterRolePermissionTest" name="MPI_288_RolePermission_23">
    <skipped/>
  </testcase> <!-- MPI_288_RolePermission_23 -->
  <system-out/>
  <testcase classname="com.MeghPI.Attendance.tests.MeghMasterRolePermissionTest" name="MPI_267_RolePermission_03">
    <skipped/>
  </testcase> <!-- MPI_267_RolePermission_03 -->
  <system-out/>
  <testcase classname="com.MeghPI.Attendance.tests.MeghMasterRolePermissionTest" name="MPI_265_RolePermission_01">
    <skipped/>
  </testcase> <!-- MPI_265_RolePermission_01 -->
  <system-out/>
  <testcase classname="com.MeghPI.Attendance.tests.MeghMasterRolePermissionTest" name="MPI_287_RolePermission_22">
    <skipped/>
  </testcase> <!-- MPI_287_RolePermission_22 -->
  <system-out/>
  <testcase classname="com.MeghPI.Attendance.tests.MeghMasterRolePermissionTest" name="MPI_282_RolePermission_17">
    <skipped/>
  </testcase> <!-- MPI_282_RolePermission_17 -->
  <system-out/>
  <testcase classname="com.MeghPI.Attendance.tests.MeghMasterRolePermissionTest" name="MPI_281_RolePermission_16">
    <skipped/>
  </testcase> <!-- MPI_281_RolePermission_16 -->
  <system-out/>
</testsuite> <!-- com.MeghPI.Attendance.tests.MeghMasterRolePermissionTest -->
