<?xml version="1.0" encoding="UTF-8"?>
<!-- Generated by org.testng.reporters.JUnitReportReporter -->
<testsuite hostname="DMANTRASP10250" failures="0" tests="17" name="com.MeghPI.Attendance.tests.MeghPIShiftRequestTest" time="93.459" errors="0" timestamp="2025-11-28T15:50:08 IST" skipped="16">
  <testcase classname="com.MeghPI.Attendance.tests.MeghPIShiftRequestTest" name="MPI_1636_Shift_request_17" time="93.459"/>
  <system-out/>
  <testcase classname="com.MeghPI.Attendance.tests.MeghPIShiftRequestTest" name="MPI_797_Shift_request_05">
    <skipped/>
  </testcase> <!-- MPI_797_Shift_request_05 -->
  <system-out/>
  <testcase classname="com.MeghPI.Attendance.tests.MeghPIShiftRequestTest" name="MPI_1542_MeghPi_Shift_32">
    <skipped/>
  </testcase> <!-- MPI_1542_MeghPi_Shift_32 -->
  <system-out/>
  <testcase classname="com.MeghPI.Attendance.tests.MeghPIShiftRequestTest" name="MPI_799_Shift_request_07">
    <skipped/>
  </testcase> <!-- MPI_799_Shift_request_07 -->
  <system-out/>
  <testcase classname="com.MeghPI.Attendance.tests.MeghPIShiftRequestTest" name="MPI_794_Shift_request_02">
    <skipped/>
  </testcase> <!-- MPI_794_Shift_request_02 -->
  <system-out/>
  <testcase classname="com.MeghPI.Attendance.tests.MeghPIShiftRequestTest" name="MPI_806_Shift_request_12">
    <skipped/>
  </testcase> <!-- MPI_806_Shift_request_12 -->
  <system-out/>
  <testcase classname="com.MeghPI.Attendance.tests.MeghPIShiftRequestTest" name="MPI_800_Shift_request_08">
    <skipped/>
  </testcase> <!-- MPI_800_Shift_request_08 -->
  <system-out/>
  <testcase classname="com.MeghPI.Attendance.tests.MeghPIShiftRequestTest" name="MPI_1624_Shift_request_14">
    <skipped/>
  </testcase> <!-- MPI_1624_Shift_request_14 -->
  <system-out/>
  <testcase classname="com.MeghPI.Attendance.tests.MeghPIShiftRequestTest" name="MPI_796_Shift_request_04">
    <skipped/>
  </testcase> <!-- MPI_796_Shift_request_04 -->
  <system-out/>
  <testcase classname="com.MeghPI.Attendance.tests.MeghPIShiftRequestTest" name="MPI_1626_Shift_request_16">
    <skipped/>
  </testcase> <!-- MPI_1626_Shift_request_16 -->
  <system-out/>
  <testcase classname="com.MeghPI.Attendance.tests.MeghPIShiftRequestTest" name="MPI_798_Shift_request_06">
    <skipped/>
  </testcase> <!-- MPI_798_Shift_request_06 -->
  <system-out/>
  <testcase classname="com.MeghPI.Attendance.tests.MeghPIShiftRequestTest" name="MPI_802_Shift_request_10">
    <skipped/>
  </testcase> <!-- MPI_802_Shift_request_10 -->
  <system-out/>
  <testcase classname="com.MeghPI.Attendance.tests.MeghPIShiftRequestTest" name="MPI_1637_Shift_request_18">
    <skipped/>
  </testcase> <!-- MPI_1637_Shift_request_18 -->
  <system-out/>
  <testcase classname="com.MeghPI.Attendance.tests.MeghPIShiftRequestTest" name="MPI_818_Shift_request_13">
    <skipped/>
  </testcase> <!-- MPI_818_Shift_request_13 -->
  <system-out/>
  <testcase classname="com.MeghPI.Attendance.tests.MeghPIShiftRequestTest" name="MPI_793_Shift_request_01">
    <skipped/>
  </testcase> <!-- MPI_793_Shift_request_01 -->
  <system-out/>
  <testcase classname="com.MeghPI.Attendance.tests.MeghPIShiftRequestTest" name="MPI_1625_Shift_request_15">
    <skipped/>
  </testcase> <!-- MPI_1625_Shift_request_15 -->
  <system-out/>
  <testcase classname="com.MeghPI.Attendance.tests.MeghPIShiftRequestTest" name="MPI_795_Shift_request_03">
    <skipped/>
  </testcase> <!-- MPI_795_Shift_request_03 -->
  <system-out/>
</testsuite> <!-- com.MeghPI.Attendance.tests.MeghPIShiftRequestTest -->
