<?xml version="1.0" encoding="UTF-8"?>
<!-- Generated by org.testng.reporters.JUnitReportReporter -->
<testsuite hostname="DMANTRASP10250" failures="0" tests="7" name="com.MeghPI.Attendance.tests.MeghMasterRoleTest" time="81.948" errors="0" timestamp="2025-08-13T17:57:54 IST" skipped="6">
  <testcase classname="com.MeghPI.Attendance.tests.MeghMasterRoleTest" name="MPI_263_Role_14" time="81.948"/>
  <system-out/>
  <testcase classname="com.MeghPI.Attendance.tests.MeghMasterRoleTest" name="MPI_260_Role_11">
    <skipped/>
  </testcase> <!-- MPI_260_Role_11 -->
  <system-out/>
  <testcase classname="com.MeghPI.Attendance.tests.MeghMasterRoleTest" name="MPI_259_Role_10">
    <skipped/>
  </testcase> <!-- MPI_259_Role_10 -->
  <system-out/>
  <testcase classname="com.MeghPI.Attendance.tests.MeghMasterRoleTest" name="MPI_258_Role_09">
    <skipped/>
  </testcase> <!-- MPI_258_Role_09 -->
  <system-out/>
  <testcase classname="com.MeghPI.Attendance.tests.MeghMasterRoleTest" name="MPI_251_Role_02">
    <skipped/>
  </testcase> <!-- MPI_251_Role_02 -->
  <system-out/>
  <testcase classname="com.MeghPI.Attendance.tests.MeghMasterRoleTest" name="MPI_250_Role_01">
    <skipped/>
  </testcase> <!-- MPI_250_Role_01 -->
  <system-out/>
  <testcase classname="com.MeghPI.Attendance.tests.MeghMasterRoleTest" name="MPI_252_Role_03">
    <skipped/>
  </testcase> <!-- MPI_252_Role_03 -->
  <system-out/>
</testsuite> <!-- com.MeghPI.Attendance.tests.MeghMasterRoleTest -->
