<?xml version="1.0" encoding="UTF-8"?>
<!-- Generated by org.testng.reporters.JUnitReportReporter -->
<testsuite hostname="DMANTRASP10250" failures="0" tests="35" name="com.MeghPI.Attendance.tests.MeghPIOverTimeReportsTest" time="187.590" errors="1" timestamp="2025-12-12T17:03:56 IST" skipped="34">
  <testcase classname="com.MeghPI.Attendance.tests.MeghPIOverTimeReportsTest" name="MPI_1202_Approved_OT_Reports_11" time="187.590">
    <error/>
  </testcase> <!-- MPI_1202_Approved_OT_Reports_11 -->
  <system-out/>
  <testcase classname="com.MeghPI.Attendance.tests.MeghPIOverTimeReportsTest" name="MPI_1215_Pending_OT_Reports_02">
    <skipped/>
  </testcase> <!-- MPI_1215_Pending_OT_Reports_02 -->
  <system-out/>
  <testcase classname="com.MeghPI.Attendance.tests.MeghPIOverTimeReportsTest" name="MPI_1199_Approved_OT_Reports_08">
    <skipped/>
  </testcase> <!-- MPI_1199_Approved_OT_Reports_08 -->
  <system-out/>
  <testcase classname="com.MeghPI.Attendance.tests.MeghPIOverTimeReportsTest" name="MPI_1224_Pending_OT_Reports_11">
    <skipped/>
  </testcase> <!-- MPI_1224_Pending_OT_Reports_11 -->
  <system-out/>
  <testcase classname="com.MeghPI.Attendance.tests.MeghPIOverTimeReportsTest" name="MPI_1208_Rejected_OT_Reports_06">
    <skipped/>
  </testcase> <!-- MPI_1208_Rejected_OT_Reports_06 -->
  <system-out/>
  <testcase classname="com.MeghPI.Attendance.tests.MeghPIOverTimeReportsTest" name="MPI_1204_Rejected_OT_Reports_02">
    <skipped/>
  </testcase> <!-- MPI_1204_Rejected_OT_Reports_02 -->
  <system-out/>
  <testcase classname="com.MeghPI.Attendance.tests.MeghPIOverTimeReportsTest" name="MPI_1176_OT_All_Reports_07">
    <skipped/>
  </testcase> <!-- MPI_1176_OT_All_Reports_07 -->
  <system-out/>
  <testcase classname="com.MeghPI.Attendance.tests.MeghPIOverTimeReportsTest" name="MPI_1206_Rejected_OT_Reports_04">
    <skipped/>
  </testcase> <!-- MPI_1206_Rejected_OT_Reports_04 -->
  <system-out/>
  <testcase classname="com.MeghPI.Attendance.tests.MeghPIOverTimeReportsTest" name="MPI_1173_OT_All_Reports_05">
    <skipped/>
  </testcase> <!-- MPI_1173_OT_All_Reports_05 -->
  <system-out/>
  <testcase classname="com.MeghPI.Attendance.tests.MeghPIOverTimeReportsTest" name="MPI_1181_OT_All_Reports_13">
    <skipped/>
  </testcase> <!-- MPI_1181_OT_All_Reports_13 -->
  <system-out/>
  <testcase classname="com.MeghPI.Attendance.tests.MeghPIOverTimeReportsTest" name="MPI_1168_OT_All_Reports_01">
    <skipped/>
  </testcase> <!-- MPI_1168_OT_All_Reports_01 -->
  <system-out/>
  <testcase classname="com.MeghPI.Attendance.tests.MeghPIOverTimeReportsTest" name="MPI_1193_Approved_OT_Reports_02">
    <skipped/>
  </testcase> <!-- MPI_1193_Approved_OT_Reports_02 -->
  <system-out/>
  <testcase classname="com.MeghPI.Attendance.tests.MeghPIOverTimeReportsTest" name="MPI_1172_OT_All_Reports_04">
    <skipped/>
  </testcase> <!-- MPI_1172_OT_All_Reports_04 -->
  <system-out/>
  <testcase classname="com.MeghPI.Attendance.tests.MeghPIOverTimeReportsTest" name="MPI_1195_Approved_OT_Reports_04">
    <skipped/>
  </testcase> <!-- MPI_1195_Approved_OT_Reports_04 -->
  <system-out/>
  <testcase classname="com.MeghPI.Attendance.tests.MeghPIOverTimeReportsTest" name="MPI_1210_Rejected_OT_Reports_08">
    <skipped/>
  </testcase> <!-- MPI_1210_Rejected_OT_Reports_08 -->
  <system-out/>
  <testcase classname="com.MeghPI.Attendance.tests.MeghPIOverTimeReportsTest" name="MPI_1214_Pending_OT_Reports_01">
    <skipped/>
  </testcase> <!-- MPI_1214_Pending_OT_Reports_01 -->
  <system-out/>
  <testcase classname="com.MeghPI.Attendance.tests.MeghPIOverTimeReportsTest" name="MPI_1175_OT_All_Reports_08">
    <skipped/>
  </testcase> <!-- MPI_1175_OT_All_Reports_08 -->
  <system-out/>
  <testcase classname="com.MeghPI.Attendance.tests.MeghPIOverTimeReportsTest" name="MPI_1197_Approved_OT_Reports_06">
    <skipped/>
  </testcase> <!-- MPI_1197_Approved_OT_Reports_06 -->
  <system-out/>
  <testcase classname="com.MeghPI.Attendance.tests.MeghPIOverTimeReportsTest" name="MPI_1180_OT_All_Reports_12">
    <skipped/>
  </testcase> <!-- MPI_1180_OT_All_Reports_12 -->
  <system-out/>
  <testcase classname="com.MeghPI.Attendance.tests.MeghPIOverTimeReportsTest" name="MPI_1198_Approved_OT_Reports_07">
    <skipped/>
  </testcase> <!-- MPI_1198_Approved_OT_Reports_07 -->
  <system-out/>
  <testcase classname="com.MeghPI.Attendance.tests.MeghPIOverTimeReportsTest" name="MPI_1219_Pending_OT_Reports_06">
    <skipped/>
  </testcase> <!-- MPI_1219_Pending_OT_Reports_06 -->
  <system-out/>
  <testcase classname="com.MeghPI.Attendance.tests.MeghPIOverTimeReportsTest" name="MPI_1182_OT_All_Reports_14">
    <skipped/>
  </testcase> <!-- MPI_1182_OT_All_Reports_14 -->
  <system-out/>
  <testcase classname="com.MeghPI.Attendance.tests.MeghPIOverTimeReportsTest" name="MPI_1207_Rejected_OT_Reports_05">
    <skipped/>
  </testcase> <!-- MPI_1207_Rejected_OT_Reports_05 -->
  <system-out/>
  <testcase classname="com.MeghPI.Attendance.tests.MeghPIOverTimeReportsTest" name="MPI_1179_OT_All_Reports_11">
    <skipped/>
  </testcase> <!-- MPI_1179_OT_All_Reports_11 -->
  <system-out/>
  <testcase classname="com.MeghPI.Attendance.tests.MeghPIOverTimeReportsTest" name="MPI_1209_Rejected_OT_Reports_07">
    <skipped/>
  </testcase> <!-- MPI_1209_Rejected_OT_Reports_07 -->
  <system-out/>
  <testcase classname="com.MeghPI.Attendance.tests.MeghPIOverTimeReportsTest" name="MPI_1218_Pending_OT_Reports_05">
    <skipped/>
  </testcase> <!-- MPI_1218_Pending_OT_Reports_05 -->
  <system-out/>
  <testcase classname="com.MeghPI.Attendance.tests.MeghPIOverTimeReportsTest" name="MPI_1174_OT_All_Reports_06">
    <skipped/>
  </testcase> <!-- MPI_1174_OT_All_Reports_06 -->
  <system-out/>
  <testcase classname="com.MeghPI.Attendance.tests.MeghPIOverTimeReportsTest" name="MPI_1221_Pending_OT_Reports_08">
    <skipped/>
  </testcase> <!-- MPI_1221_Pending_OT_Reports_08 -->
  <system-out/>
  <testcase classname="com.MeghPI.Attendance.tests.MeghPIOverTimeReportsTest" name="MPI_1203_Rejected_OT_Reports_01">
    <skipped/>
  </testcase> <!-- MPI_1203_Rejected_OT_Reports_01 -->
  <system-out/>
  <testcase classname="com.MeghPI.Attendance.tests.MeghPIOverTimeReportsTest" name="MPI_1217_Pending_OT_Reports_04">
    <skipped/>
  </testcase> <!-- MPI_1217_Pending_OT_Reports_04 -->
  <system-out/>
  <testcase classname="com.MeghPI.Attendance.tests.MeghPIOverTimeReportsTest" name="MPI_1220_Pending_OT_Reports_07">
    <skipped/>
  </testcase> <!-- MPI_1220_Pending_OT_Reports_07 -->
  <system-out/>
  <testcase classname="com.MeghPI.Attendance.tests.MeghPIOverTimeReportsTest" name="MPI_1192_Approved_OT_Reports_01">
    <skipped/>
  </testcase> <!-- MPI_1192_Approved_OT_Reports_01 -->
  <system-out/>
  <testcase classname="com.MeghPI.Attendance.tests.MeghPIOverTimeReportsTest" name="MPI_1169_OT_All_Reports_02">
    <skipped/>
  </testcase> <!-- MPI_1169_OT_All_Reports_02 -->
  <system-out/>
  <testcase classname="com.MeghPI.Attendance.tests.MeghPIOverTimeReportsTest" name="MPI_1196_Approved_OT_Reports_05">
    <skipped/>
  </testcase> <!-- MPI_1196_Approved_OT_Reports_05 -->
  <system-out/>
  <testcase classname="com.MeghPI.Attendance.tests.MeghPIOverTimeReportsTest" name="MPI_1213_Rejected_OT_Reports_11">
    <skipped/>
  </testcase> <!-- MPI_1213_Rejected_OT_Reports_11 -->
  <system-out/>
</testsuite> <!-- com.MeghPI.Attendance.tests.MeghPIOverTimeReportsTest -->
