<?xml version="1.0" encoding="UTF-8"?>
<!-- Generated by org.testng.reporters.JUnitReportReporter -->
<testsuite hostname="DMANTRASP10250" failures="0" tests="6" name="meghtest.MeghMasterDesignationTest" time="49.552" errors="0" timestamp="2025-07-15T14:57:14 IST" skipped="5">
  <testcase classname="meghtest.MeghMasterDesignationTest" name="MPI_232_Designation_01" time="49.552"/>
  <system-out/>
  <testcase classname="meghtest.MeghMasterDesignationTest" name="MPI_234_Designation_03">
    <skipped/>
  </testcase> <!-- MPI_234_Designation_03 -->
  <system-out/>
  <testcase classname="meghtest.MeghMasterDesignationTest" name="MPI_246_Designation_15">
    <skipped/>
  </testcase> <!-- MPI_246_Designation_15 -->
  <system-out/>
  <testcase classname="meghtest.MeghMasterDesignationTest" name="MPI_245_Designation_14">
    <skipped/>
  </testcase> <!-- MPI_245_Designation_14 -->
  <system-out/>
  <testcase classname="meghtest.MeghMasterDesignationTest" name="MPI_247_Designation_16">
    <skipped/>
  </testcase> <!-- MPI_247_Designation_16 -->
  <system-out/>
  <testcase classname="meghtest.MeghMasterDesignationTest" name="MPI_233_Designation_02">
    <skipped/>
  </testcase> <!-- MPI_233_Designation_02 -->
  <system-out/>
</testsuite> <!-- meghtest.MeghMasterDesignationTest -->
