<?xml version="1.0" encoding="UTF-8"?>
<!-- Generated by org.testng.reporters.JUnitReportReporter -->
<testsuite hostname="DMANTRASP10250" failures="0" tests="38" name="com.MeghPI.Attendance.tests.MeghPINightShiftAttendanceTest" time="253.993" errors="7" timestamp="2025-11-07T10:46:31 IST" skipped="0">
  <testcase classname="com.MeghPI.Attendance.tests.MeghPINightShiftAttendanceTest" name="MPI_879_Normal_Attendance_71" time="0.272"/>
  <system-out/>
  <testcase classname="com.MeghPI.Attendance.tests.MeghPINightShiftAttendanceTest" name="MPI_879_Normal_Attendance_71" time="12.691"/>
  <system-out/>
  <testcase classname="com.MeghPI.Attendance.tests.MeghPINightShiftAttendanceTest" name="MPI_630_Normal_Attendance_02" time="5.915"/>
  <system-out/>
  <testcase classname="com.MeghPI.Attendance.tests.MeghPINightShiftAttendanceTest" name="MPI_630_Normal_Attendance_02" time="6.970"/>
  <system-out/>
  <testcase classname="com.MeghPI.Attendance.tests.MeghPINightShiftAttendanceTest" name="MPI_632_Normal_Attendance_04" time="5.983"/>
  <system-out/>
  <testcase classname="com.MeghPI.Attendance.tests.MeghPINightShiftAttendanceTest" name="MPI_637_Normal_Attendance_09" time="5.929"/>
  <system-out/>
  <testcase classname="com.MeghPI.Attendance.tests.MeghPINightShiftAttendanceTest" name="MPI_638_Normal_Attendance_10" time="6.077"/>
  <system-out/>
  <testcase classname="com.MeghPI.Attendance.tests.MeghPINightShiftAttendanceTest" name="MPI_641_Normal_Attendance_13" time="5.902"/>
  <system-out/>
  <testcase classname="com.MeghPI.Attendance.tests.MeghPINightShiftAttendanceTest" name="MPI_644_Normal_Attendance_16" time="5.923"/>
  <system-out/>
  <testcase classname="com.MeghPI.Attendance.tests.MeghPINightShiftAttendanceTest" name="MPI_646_Normal_Attendance_18" time="5.924"/>
  <system-out/>
  <testcase classname="com.MeghPI.Attendance.tests.MeghPINightShiftAttendanceTest" name="MPI_647_Normal_Attendance_19" time="5.824"/>
  <system-out/>
  <testcase classname="com.MeghPI.Attendance.tests.MeghPINightShiftAttendanceTest" name="MPI_652_Normal_Attendance_24" time="5.816"/>
  <system-out/>
  <testcase classname="com.MeghPI.Attendance.tests.MeghPINightShiftAttendanceTest" name="MPI_655_Normal_Attendance_27" time="5.665"/>
  <system-out/>
  <testcase classname="com.MeghPI.Attendance.tests.MeghPINightShiftAttendanceTest" name="MPI_440_Normal_Attendance_48" time="5.825"/>
  <system-out/>
  <testcase classname="com.MeghPI.Attendance.tests.MeghPINightShiftAttendanceTest" name="MPI_657_Normal_Attendance_47" time="5.893"/>
  <system-out/>
  <testcase classname="com.MeghPI.Attendance.tests.MeghPINightShiftAttendanceTest" name="MPI_659_Normal_Attendance_46" time="5.903"/>
  <system-out/>
  <testcase classname="com.MeghPI.Attendance.tests.MeghPINightShiftAttendanceTest" name="MPI_442_Normal_Attendance_45" time="6.077"/>
  <system-out/>
  <testcase classname="com.MeghPI.Attendance.tests.MeghPINightShiftAttendanceTest" name="MPI_683_Normal_Attendance_29" time="5.846"/>
  <system-out/>
  <testcase classname="com.MeghPI.Attendance.tests.MeghPINightShiftAttendanceTest" name="MPI_684_Normal_Attendance_30" time="5.890"/>
  <system-out/>
  <testcase classname="com.MeghPI.Attendance.tests.MeghPINightShiftAttendanceTest" name="MPI_656_Normal_Attendance_44" time="5.915"/>
  <system-out/>
  <testcase classname="com.MeghPI.Attendance.tests.MeghPINightShiftAttendanceTest" name="MPI_668_Normal_Attendance_43" time="5.828"/>
  <system-out/>
  <testcase classname="com.MeghPI.Attendance.tests.MeghPINightShiftAttendanceTest" name="MPI_685_Normal_Attendance_31" time="6.051"/>
  <system-out/>
  <testcase classname="com.MeghPI.Attendance.tests.MeghPINightShiftAttendanceTest" name="MPI_686_Normal_Attendance_42" time="5.704"/>
  <system-out/>
  <testcase classname="com.MeghPI.Attendance.tests.MeghPINightShiftAttendanceTest" name="MPI_666_Normal_Attendance_41" time="5.663"/>
  <system-out/>
  <testcase classname="com.MeghPI.Attendance.tests.MeghPINightShiftAttendanceTest" name="MPI_678_Normal_Attendance_28" time="13.684"/>
  <system-out/>
  <testcase classname="com.MeghPI.Attendance.tests.MeghPINightShiftAttendanceTest" name="MPI_697_Normal_Attendance_52" time="5.874"/>
  <system-out/>
  <testcase classname="com.MeghPI.Attendance.tests.MeghPINightShiftAttendanceTest" name="MPI_698_Normal_Attendance_53" time="26.192"/>
  <system-out/>
  <testcase classname="com.MeghPI.Attendance.tests.MeghPINightShiftAttendanceTest" name="MPI_724_Normal_Attendance_54" time="5.878"/>
  <system-out/>
  <testcase classname="com.MeghPI.Attendance.tests.MeghPINightShiftAttendanceTest" name="MPI_727_Normal_Attendance_55" time="5.790"/>
  <system-out/>
  <testcase classname="com.MeghPI.Attendance.tests.MeghPINightShiftAttendanceTest" name="MPI_671_Normal_Attendance_38" time="5.673">
    <error/>
  </testcase> <!-- MPI_671_Normal_Attendance_38 -->
  <system-out/>
  <testcase classname="com.MeghPI.Attendance.tests.MeghPINightShiftAttendanceTest" name="MPI_672_Normal_Attendance_39" time="5.957">
    <error/>
  </testcase> <!-- MPI_672_Normal_Attendance_39 -->
  <system-out/>
  <testcase classname="com.MeghPI.Attendance.tests.MeghPINightShiftAttendanceTest" name="MPI_673_Normal_Attendance_40" time="6.126">
    <error/>
  </testcase> <!-- MPI_673_Normal_Attendance_40 -->
  <system-out/>
  <testcase classname="com.MeghPI.Attendance.tests.MeghPINightShiftAttendanceTest" name="MPI_728_Normal_Attendance_56" time="6.015">
    <error/>
  </testcase> <!-- MPI_728_Normal_Attendance_56 -->
  <system-out/>
  <testcase classname="com.MeghPI.Attendance.tests.MeghPINightShiftAttendanceTest" name="MPI_729_Normal_Attendance_57" time="5.633">
    <error/>
  </testcase> <!-- MPI_729_Normal_Attendance_57 -->
  <system-out/>
  <testcase classname="com.MeghPI.Attendance.tests.MeghPINightShiftAttendanceTest" name="MPI_730_Normal_Attendance_58" time="5.784">
    <error/>
  </testcase> <!-- MPI_730_Normal_Attendance_58 -->
  <system-out/>
  <testcase classname="com.MeghPI.Attendance.tests.MeghPINightShiftAttendanceTest" name="MPI_731_Normal_Attendance_59" time="5.996">
    <error/>
  </testcase> <!-- MPI_731_Normal_Attendance_59 -->
  <system-out/>
  <testcase classname="com.MeghPI.Attendance.tests.MeghPINightShiftAttendanceTest" name="MPI_860_Normal_Attendance_69" time="5.872"/>
  <system-out/>
  <testcase classname="com.MeghPI.Attendance.tests.MeghPINightShiftAttendanceTest" name="MPI_861_Normal_Attendance_70" time="6.033"/>
  <system-out/>
</testsuite> <!-- com.MeghPI.Attendance.tests.MeghPINightShiftAttendanceTest -->
