<?xml version="1.0" encoding="UTF-8"?>
<!-- Generated by org.testng.reporters.JUnitReportReporter -->
<testsuite hostname="DMANTRASP10250" failures="0" tests="5" name="browsertestCompany.MeghOfficeTest" time="27.740" errors="0" timestamp="2025-05-08T12:09:01 IST" skipped="4">
  <testcase classname="browsertestCompany.MeghOfficeTest" name="MPI_186_Office_08" time="27.740"/>
  <system-out/>
  <testcase classname="browsertestCompany.MeghOfficeTest" name="MPI_161_Office_01">
    <skipped/>
  </testcase> <!-- MPI_161_Office_01 -->
  <system-out/>
  <testcase classname="browsertestCompany.MeghOfficeTest" name="MPI_182_Office_04">
    <skipped/>
  </testcase> <!-- MPI_182_Office_04 -->
  <system-out/>
  <testcase classname="browsertestCompany.MeghOfficeTest" name="MPI_181_Office_03">
    <skipped/>
  </testcase> <!-- MPI_181_Office_03 -->
  <system-out/>
  <testcase classname="browsertestCompany.MeghOfficeTest" name="MPI_180_Office_02">
    <skipped/>
  </testcase> <!-- MPI_180_Office_02 -->
  <system-out/>
</testsuite> <!-- browsertestCompany.MeghOfficeTest -->
