<?xml version="1.0" encoding="UTF-8"?>
<!-- Generated by org.testng.reporters.JUnitReportReporter -->
<testsuite hostname="DMANTRASP10250" failures="0" tests="10" name="com.MeghPI.Attendance.tests.MeghPIDailyAttendanceReportsTest" time="92.135" errors="1" timestamp="2025-12-04T14:06:33 IST" skipped="9">
  <testcase classname="com.MeghPI.Attendance.tests.MeghPIDailyAttendanceReportsTest" name="MPI_1279_DailyAttendance_Reports_02" time="92.135">
    <error/>
  </testcase> <!-- MPI_1279_DailyAttendance_Reports_02 -->
  <system-out/>
  <testcase classname="com.MeghPI.Attendance.tests.MeghPIDailyAttendanceReportsTest" name="MPI_1284_DailyAttendance_Reports_07">
    <skipped/>
  </testcase> <!-- MPI_1284_DailyAttendance_Reports_07 -->
  <system-out/>
  <testcase classname="com.MeghPI.Attendance.tests.MeghPIDailyAttendanceReportsTest" name="MPI_1285_DailyAttendance_Reports_08">
    <skipped/>
  </testcase> <!-- MPI_1285_DailyAttendance_Reports_08 -->
  <system-out/>
  <testcase classname="com.MeghPI.Attendance.tests.MeghPIDailyAttendanceReportsTest" name="MPI_1282_DailyAttendance_Reports_05">
    <skipped/>
  </testcase> <!-- MPI_1282_DailyAttendance_Reports_05 -->
  <system-out/>
  <testcase classname="com.MeghPI.Attendance.tests.MeghPIDailyAttendanceReportsTest" name="MPI_1283_DailyAttendance_Reports_06">
    <skipped/>
  </testcase> <!-- MPI_1283_DailyAttendance_Reports_06 -->
  <system-out/>
  <testcase classname="com.MeghPI.Attendance.tests.MeghPIDailyAttendanceReportsTest" name="MPI_1290_DailyAttendance_Reports_13">
    <skipped/>
  </testcase> <!-- MPI_1290_DailyAttendance_Reports_13 -->
  <system-out/>
  <testcase classname="com.MeghPI.Attendance.tests.MeghPIDailyAttendanceReportsTest" name="MPI_1281_DailyAttendance_Reports_04">
    <skipped/>
  </testcase> <!-- MPI_1281_DailyAttendance_Reports_04 -->
  <system-out/>
  <testcase classname="com.MeghPI.Attendance.tests.MeghPIDailyAttendanceReportsTest" name="MPI_1289_DailyAttendance_Reports_12">
    <skipped/>
  </testcase> <!-- MPI_1289_DailyAttendance_Reports_12 -->
  <system-out/>
  <testcase classname="com.MeghPI.Attendance.tests.MeghPIDailyAttendanceReportsTest" name="MPI_1288_DailyAttendance_Reports_11">
    <skipped/>
  </testcase> <!-- MPI_1288_DailyAttendance_Reports_11 -->
  <system-out/>
  <testcase classname="com.MeghPI.Attendance.tests.MeghPIDailyAttendanceReportsTest" name="MPI_1278_DailyAttendance_Reports_01">
    <skipped/>
  </testcase> <!-- MPI_1278_DailyAttendance_Reports_01 -->
  <system-out/>
</testsuite> <!-- com.MeghPI.Attendance.tests.MeghPIDailyAttendanceReportsTest -->
