<?xml version="1.0" encoding="UTF-8"?>
<!-- Generated by org.testng.reporters.JUnitReportReporter -->
<testsuite hostname="DMANTRASP10250" failures="0" tests="5" name="com.MeghPI.Attendance.tests.MeghShiftTest" time="587.052" errors="0" timestamp="2025-08-14T10:53:38 IST" skipped="0">
  <testcase classname="com.MeghPI.Attendance.tests.MeghShiftTest" name="MPI_162_MeghPi_Shift_01" time="149.968"/>
  <system-out/>
  <testcase classname="com.MeghPI.Attendance.tests.MeghShiftTest" name="MPI_537_MeghPi_Shift_13" time="108.743"/>
  <system-out/>
  <testcase classname="com.MeghPI.Attendance.tests.MeghShiftTest" name="MPI_538_MeghPi_Shift_14" time="73.760"/>
  <system-out/>
  <testcase classname="com.MeghPI.Attendance.tests.MeghShiftTest" name="MPI_540_MeghPi_Shift_16" time="188.202"/>
  <system-out/>
  <testcase classname="com.MeghPI.Attendance.tests.MeghShiftTest" name="MPI_543_MeghPi_Shift_19" time="66.379"/>
  <system-out/>
</testsuite> <!-- com.MeghPI.Attendance.tests.MeghShiftTest -->
