<?xml version="1.0" encoding="UTF-8"?>
<!-- Generated by org.testng.reporters.JUnitReportReporter -->
<testsuite hostname="DMANTRASP10250" failures="0" tests="8" name="meghtest.MeghLeavePolicyTest" time="905.449" errors="0" timestamp="2025-07-14T19:31:44 IST" skipped="2">
  <testcase classname="meghtest.MeghLeavePolicyTest" name="MPI_544_Leave_Policy_01" time="91.008"/>
  <system-out/>
  <testcase classname="meghtest.MeghLeavePolicyTest" name="MPI_545_Leave_Policy_02" time="183.231"/>
  <system-out/>
  <testcase classname="meghtest.MeghLeavePolicyTest" name="MPI_546_Leave_Policy_03" time="207.160"/>
  <system-out/>
  <testcase classname="meghtest.MeghLeavePolicyTest" name="MPI_547_Leave_Policy_04" time="96.134"/>
  <system-out/>
  <testcase classname="meghtest.MeghLeavePolicyTest" name="MPI_548_Leave_Policy_05" time="144.617">
    <skipped/>
  </testcase> <!-- MPI_548_Leave_Policy_05 -->
  <system-out/>
  <testcase classname="meghtest.MeghLeavePolicyTest" name="MPI_549_Leave_Policy_06" time="2.777"/>
  <system-out/>
  <testcase classname="meghtest.MeghLeavePolicyTest" name="MPI_556_Leave_Policy_13" time="42.841"/>
  <system-out/>
  <testcase classname="meghtest.MeghLeavePolicyTest" name="MPI_561_Leave_Policy_18" time="137.681">
    <skipped/>
  </testcase> <!-- MPI_561_Leave_Policy_18 -->
  <system-out/>
</testsuite> <!-- meghtest.MeghLeavePolicyTest -->
