<?xml version="1.0" encoding="UTF-8"?>
<!-- Generated by org.testng.reporters.JUnitReportReporter -->
<testsuite hostname="DMANTRASP10250" failures="0" tests="7" name="com.MeghPI.Attendance.tests.MeghEmployeeTest" time="11.309" errors="0" timestamp="2025-08-22T19:02:25 IST" skipped="7">
  <testcase classname="com.MeghPI.Attendance.tests.MeghEmployeeTest" name="MPI_626_Directory_AddEmployee_19" time="11.309">
    <skipped/>
  </testcase> <!-- MPI_626_Directory_AddEmployee_19 -->
  <system-out/>
  <testcase classname="com.MeghPI.Attendance.tests.MeghEmployeeTest" name="MPI_149_Directory_AddEmployee_04">
    <skipped/>
  </testcase> <!-- MPI_149_Directory_AddEmployee_04 -->
  <system-out/>
  <testcase classname="com.MeghPI.Attendance.tests.MeghEmployeeTest" name="MPI_159_Directory_AddEmployee_14">
    <skipped/>
  </testcase> <!-- MPI_159_Directory_AddEmployee_14 -->
  <system-out/>
  <testcase classname="com.MeghPI.Attendance.tests.MeghEmployeeTest" name="MPI_145_Directory_AddEmployee_01">
    <skipped/>
  </testcase> <!-- MPI_145_Directory_AddEmployee_01 -->
  <system-out/>
  <testcase classname="com.MeghPI.Attendance.tests.MeghEmployeeTest" name="MPI_148_Directory_AddEmployee_03">
    <skipped/>
  </testcase> <!-- MPI_148_Directory_AddEmployee_03 -->
  <system-out/>
  <testcase classname="com.MeghPI.Attendance.tests.MeghEmployeeTest" name="MPI_146_Directory_AddEmployee_02">
    <skipped/>
  </testcase> <!-- MPI_146_Directory_AddEmployee_02 -->
  <system-out/>
  <testcase classname="com.MeghPI.Attendance.tests.MeghEmployeeTest" name="MPI_150_Directory_AddEmployee_05">
    <skipped/>
  </testcase> <!-- MPI_150_Directory_AddEmployee_05 -->
  <system-out/>
</testsuite> <!-- com.MeghPI.Attendance.tests.MeghEmployeeTest -->
