<?xml version="1.0" encoding="UTF-8"?>
<!-- Generated by org.testng.reporters.JUnitReportReporter -->
<testsuite hostname="DMANTRASP10250" failures="0" tests="8" name="com.MeghPI.Attendance.tests.MeghMasterTeamMappingTest" time="369.742" errors="0" timestamp="2025-08-18T14:38:57 IST" skipped="7">
  <testcase classname="com.MeghPI.Attendance.tests.MeghMasterTeamMappingTest" name="MPI_518_TeamMapping_01" time="369.742"/>
  <system-out/>
  <testcase classname="com.MeghPI.Attendance.tests.MeghMasterTeamMappingTest" name="MPI_535_TeamMapping_16">
    <skipped/>
  </testcase> <!-- MPI_535_TeamMapping_16 -->
  <system-out/>
  <testcase classname="com.MeghPI.Attendance.tests.MeghMasterTeamMappingTest" name="MPI_522_TeamMapping_05">
    <skipped/>
  </testcase> <!-- MPI_522_TeamMapping_05 -->
  <system-out/>
  <testcase classname="com.MeghPI.Attendance.tests.MeghMasterTeamMappingTest" name="MPI_521_TeamMapping_04">
    <skipped/>
  </testcase> <!-- MPI_521_TeamMapping_04 -->
  <system-out/>
  <testcase classname="com.MeghPI.Attendance.tests.MeghMasterTeamMappingTest" name="MPI_533_TeamMapping_15">
    <skipped/>
  </testcase> <!-- MPI_533_TeamMapping_15 -->
  <system-out/>
  <testcase classname="com.MeghPI.Attendance.tests.MeghMasterTeamMappingTest" name="MPI_528_TeamMapping_11">
    <skipped/>
  </testcase> <!-- MPI_528_TeamMapping_11 -->
  <system-out/>
  <testcase classname="com.MeghPI.Attendance.tests.MeghMasterTeamMappingTest" name="MPI_529_TeamMapping_12">
    <skipped/>
  </testcase> <!-- MPI_529_TeamMapping_12 -->
  <system-out/>
  <testcase classname="com.MeghPI.Attendance.tests.MeghMasterTeamMappingTest" name="MPI_524_TeamMapping_07">
    <skipped/>
  </testcase> <!-- MPI_524_TeamMapping_07 -->
  <system-out/>
</testsuite> <!-- com.MeghPI.Attendance.tests.MeghMasterTeamMappingTest -->
