<?xml version="1.0" encoding="UTF-8"?>
<!-- Generated by org.testng.reporters.JUnitReportReporter -->
<testsuite hostname="DMANTRASP10250" failures="0" tests="5" name="com.MeghPI.Attendance.tests.MeghMasterFileTagTest" time="175.646" errors="0" timestamp="2025-08-20T16:49:57 IST" skipped="4">
  <testcase classname="com.MeghPI.Attendance.tests.MeghMasterFileTagTest" name="MPI_342_FileTags_12" time="175.646"/>
  <system-out/>
  <testcase classname="com.MeghPI.Attendance.tests.MeghMasterFileTagTest" name="MPI_332_FileTags_02">
    <skipped/>
  </testcase> <!-- MPI_332_FileTags_02 -->
  <system-out/>
  <testcase classname="com.MeghPI.Attendance.tests.MeghMasterFileTagTest" name="MPI_341_FileTags_11">
    <skipped/>
  </testcase> <!-- MPI_341_FileTags_11 -->
  <system-out/>
  <testcase classname="com.MeghPI.Attendance.tests.MeghMasterFileTagTest" name="MPI_331_FileTags_01">
    <skipped/>
  </testcase> <!-- MPI_331_FileTags_01 -->
  <system-out/>
  <testcase classname="com.MeghPI.Attendance.tests.MeghMasterFileTagTest" name="MPI_333_FileTags_03">
    <skipped/>
  </testcase> <!-- MPI_333_FileTags_03 -->
  <system-out/>
</testsuite> <!-- com.MeghPI.Attendance.tests.MeghMasterFileTagTest -->
