<?xml version="1.0" encoding="UTF-8"?>
<!-- Generated by org.testng.reporters.JUnitReportReporter -->
<testsuite hostname="DMANTRASP10250" failures="0" tests="38" name="com.MeghPI.Attendance.tests.MeghPINormalAttendanceTest" time="261.938" errors="7" timestamp="2025-11-03T13:42:58 IST" skipped="0">
  <testcase classname="com.MeghPI.Attendance.tests.MeghPINormalAttendanceTest" name="MPI_879_Normal_Attendance_71" time="3.084"/>
  <system-out/>
  <testcase classname="com.MeghPI.Attendance.tests.MeghPINormalAttendanceTest" name="MPI_879_Normal_Attendance_71" time="0.861"/>
  <system-out/>
  <testcase classname="com.MeghPI.Attendance.tests.MeghPINormalAttendanceTest" name="MPI_630_Normal_Attendance_02" time="7.810"/>
  <system-out/>
  <testcase classname="com.MeghPI.Attendance.tests.MeghPINormalAttendanceTest" name="MPI_630_Normal_Attendance_02" time="6.622"/>
  <system-out/>
  <testcase classname="com.MeghPI.Attendance.tests.MeghPINormalAttendanceTest" name="MPI_632_Normal_Attendance_04" time="7.059"/>
  <system-out/>
  <testcase classname="com.MeghPI.Attendance.tests.MeghPINormalAttendanceTest" name="MPI_637_Normal_Attendance_09" time="7.774"/>
  <system-out/>
  <testcase classname="com.MeghPI.Attendance.tests.MeghPINormalAttendanceTest" name="MPI_638_Normal_Attendance_10" time="7.211"/>
  <system-out/>
  <testcase classname="com.MeghPI.Attendance.tests.MeghPINormalAttendanceTest" name="MPI_641_Normal_Attendance_13" time="6.967"/>
  <system-out/>
  <testcase classname="com.MeghPI.Attendance.tests.MeghPINormalAttendanceTest" name="MPI_644_Normal_Attendance_16" time="7.035"/>
  <system-out/>
  <testcase classname="com.MeghPI.Attendance.tests.MeghPINormalAttendanceTest" name="MPI_646_Normal_Attendance_18" time="6.991"/>
  <system-out/>
  <testcase classname="com.MeghPI.Attendance.tests.MeghPINormalAttendanceTest" name="MPI_647_Normal_Attendance_19" time="6.933"/>
  <system-out/>
  <testcase classname="com.MeghPI.Attendance.tests.MeghPINormalAttendanceTest" name="MPI_652_Normal_Attendance_24" time="7.023"/>
  <system-out/>
  <testcase classname="com.MeghPI.Attendance.tests.MeghPINormalAttendanceTest" name="MPI_655_Normal_Attendance_27" time="6.530"/>
  <system-out/>
  <testcase classname="com.MeghPI.Attendance.tests.MeghPINormalAttendanceTest" name="MPI_440_Normal_Attendance_48" time="7.344"/>
  <system-out/>
  <testcase classname="com.MeghPI.Attendance.tests.MeghPINormalAttendanceTest" name="MPI_657_Normal_Attendance_47" time="8.174"/>
  <system-out/>
  <testcase classname="com.MeghPI.Attendance.tests.MeghPINormalAttendanceTest" name="MPI_659_Normal_Attendance_46" time="6.988"/>
  <system-out/>
  <testcase classname="com.MeghPI.Attendance.tests.MeghPINormalAttendanceTest" name="MPI_442_Normal_Attendance_45" time="7.391"/>
  <system-out/>
  <testcase classname="com.MeghPI.Attendance.tests.MeghPINormalAttendanceTest" name="MPI_683_Normal_Attendance_29" time="7.054"/>
  <system-out/>
  <testcase classname="com.MeghPI.Attendance.tests.MeghPINormalAttendanceTest" name="MPI_684_Normal_Attendance_30" time="6.947"/>
  <system-out/>
  <testcase classname="com.MeghPI.Attendance.tests.MeghPINormalAttendanceTest" name="MPI_656_Normal_Attendance_44" time="7.021"/>
  <system-out/>
  <testcase classname="com.MeghPI.Attendance.tests.MeghPINormalAttendanceTest" name="MPI_668_Normal_Attendance_43" time="6.944"/>
  <system-out/>
  <testcase classname="com.MeghPI.Attendance.tests.MeghPINormalAttendanceTest" name="MPI_685_Normal_Attendance_31" time="7.750"/>
  <system-out/>
  <testcase classname="com.MeghPI.Attendance.tests.MeghPINormalAttendanceTest" name="MPI_686_Normal_Attendance_42" time="6.981"/>
  <system-out/>
  <testcase classname="com.MeghPI.Attendance.tests.MeghPINormalAttendanceTest" name="MPI_666_Normal_Attendance_41" time="6.584"/>
  <system-out/>
  <testcase classname="com.MeghPI.Attendance.tests.MeghPINormalAttendanceTest" name="MPI_678_Normal_Attendance_28" time="6.526"/>
  <system-out/>
  <testcase classname="com.MeghPI.Attendance.tests.MeghPINormalAttendanceTest" name="MPI_697_Normal_Attendance_52" time="7.000"/>
  <system-out/>
  <testcase classname="com.MeghPI.Attendance.tests.MeghPINormalAttendanceTest" name="MPI_698_Normal_Attendance_53" time="7.017"/>
  <system-out/>
  <testcase classname="com.MeghPI.Attendance.tests.MeghPINormalAttendanceTest" name="MPI_724_Normal_Attendance_54" time="6.964"/>
  <system-out/>
  <testcase classname="com.MeghPI.Attendance.tests.MeghPINormalAttendanceTest" name="MPI_727_Normal_Attendance_55" time="7.247"/>
  <system-out/>
  <testcase classname="com.MeghPI.Attendance.tests.MeghPINormalAttendanceTest" name="MPI_671_Normal_Attendance_38" time="6.581">
    <error/>
  </testcase> <!-- MPI_671_Normal_Attendance_38 -->
  <system-out/>
  <testcase classname="com.MeghPI.Attendance.tests.MeghPINormalAttendanceTest" name="MPI_672_Normal_Attendance_39" time="7.806">
    <error/>
  </testcase> <!-- MPI_672_Normal_Attendance_39 -->
  <system-out/>
  <testcase classname="com.MeghPI.Attendance.tests.MeghPINormalAttendanceTest" name="MPI_673_Normal_Attendance_40" time="8.534">
    <error/>
  </testcase> <!-- MPI_673_Normal_Attendance_40 -->
  <system-out/>
  <testcase classname="com.MeghPI.Attendance.tests.MeghPINormalAttendanceTest" name="MPI_728_Normal_Attendance_56" time="7.448">
    <error/>
  </testcase> <!-- MPI_728_Normal_Attendance_56 -->
  <system-out/>
  <testcase classname="com.MeghPI.Attendance.tests.MeghPINormalAttendanceTest" name="MPI_729_Normal_Attendance_57" time="6.524">
    <error/>
  </testcase> <!-- MPI_729_Normal_Attendance_57 -->
  <system-out/>
  <testcase classname="com.MeghPI.Attendance.tests.MeghPINormalAttendanceTest" name="MPI_730_Normal_Attendance_58" time="6.996">
    <error/>
  </testcase> <!-- MPI_730_Normal_Attendance_58 -->
  <system-out/>
  <testcase classname="com.MeghPI.Attendance.tests.MeghPINormalAttendanceTest" name="MPI_731_Normal_Attendance_59" time="7.420">
    <error/>
  </testcase> <!-- MPI_731_Normal_Attendance_59 -->
  <system-out/>
  <testcase classname="com.MeghPI.Attendance.tests.MeghPINormalAttendanceTest" name="MPI_860_Normal_Attendance_69" time="6.967"/>
  <system-out/>
  <testcase classname="com.MeghPI.Attendance.tests.MeghPINormalAttendanceTest" name="MPI_861_Normal_Attendance_70" time="7.830"/>
  <system-out/>
</testsuite> <!-- com.MeghPI.Attendance.tests.MeghPINormalAttendanceTest -->
