<?xml version="1.0" encoding="UTF-8"?>
<!-- Generated by org.testng.reporters.JUnitReportReporter -->
<testsuite hostname="DMANTRASP10250" failures="0" tests="2" name="meghtest.TestingpurPose" time="134.693" errors="0" timestamp="2025-05-20T17:36:22 IST" skipped="1">
  <testcase classname="meghtest.TestingpurPose" name="MPI_145_Directory_AddEmployee_01" time="22.838"/>
  <system-out/>
  <testcase classname="meghtest.TestingpurPose" name="MPI_146_Directory_AddEmployee_02" time="111.855">
    <skipped/>
  </testcase> <!-- MPI_146_Directory_AddEmployee_02 -->
  <system-out/>
</testsuite> <!-- meghtest.TestingpurPose -->
