<?xml version="1.0" encoding="UTF-8"?>
<!-- Generated by org.testng.reporters.JUnitReportReporter -->
<testsuite hostname="DMANTRASP10250" failures="0" tests="16" name="com.MeghPI.Attendance.tests.MeghPIEmpTimeLogReportsTest" time="65.592" errors="0" timestamp="2025-12-12T10:50:51 IST" skipped="15">
  <testcase classname="com.MeghPI.Attendance.tests.MeghPIEmpTimeLogReportsTest" name="MPI_1778_Emp_EarlyOut_Reports_05" time="65.592"/>
  <system-out/>
  <testcase classname="com.MeghPI.Attendance.tests.MeghPIEmpTimeLogReportsTest" name="MPI_1762_Emp_LateIn_Reports_05">
    <skipped/>
  </testcase> <!-- MPI_1762_Emp_LateIn_Reports_05 -->
  <system-out/>
  <testcase classname="com.MeghPI.Attendance.tests.MeghPIEmpTimeLogReportsTest" name="MPI_1759_Emp_LateIn_Reports_02">
    <skipped/>
  </testcase> <!-- MPI_1759_Emp_LateIn_Reports_02 -->
  <system-out/>
  <testcase classname="com.MeghPI.Attendance.tests.MeghPIEmpTimeLogReportsTest" name="MPI_1774_Emp_EarlyOut_Reports_01">
    <skipped/>
  </testcase> <!-- MPI_1774_Emp_EarlyOut_Reports_01 -->
  <system-out/>
  <testcase classname="com.MeghPI.Attendance.tests.MeghPIEmpTimeLogReportsTest" name="MPI_1775_Emp_EarlyOut_Reports_02">
    <skipped/>
  </testcase> <!-- MPI_1775_Emp_EarlyOut_Reports_02 -->
  <system-out/>
  <testcase classname="com.MeghPI.Attendance.tests.MeghPIEmpTimeLogReportsTest" name="MPI_1772_Emp_Early_In_Reports_05">
    <skipped/>
  </testcase> <!-- MPI_1772_Emp_Early_In_Reports_05 -->
  <system-out/>
  <testcase classname="com.MeghPI.Attendance.tests.MeghPIEmpTimeLogReportsTest" name="MPI_1768_Emp_Early_In_Reports_01">
    <skipped/>
  </testcase> <!-- MPI_1768_Emp_Early_In_Reports_01 -->
  <system-out/>
  <testcase classname="com.MeghPI.Attendance.tests.MeghPIEmpTimeLogReportsTest" name="MPI_1777_Emp_EarlyOut_Reports_04">
    <skipped/>
  </testcase> <!-- MPI_1777_Emp_EarlyOut_Reports_04 -->
  <system-out/>
  <testcase classname="com.MeghPI.Attendance.tests.MeghPIEmpTimeLogReportsTest" name="MPI_1766_Emp_LateOut_Reports_04">
    <skipped/>
  </testcase> <!-- MPI_1766_Emp_LateOut_Reports_04 -->
  <system-out/>
  <testcase classname="com.MeghPI.Attendance.tests.MeghPIEmpTimeLogReportsTest" name="MPI_1761_Emp_LateIn_Reports_04">
    <skipped/>
  </testcase> <!-- MPI_1761_Emp_LateIn_Reports_04 -->
  <system-out/>
  <testcase classname="com.MeghPI.Attendance.tests.MeghPIEmpTimeLogReportsTest" name="MPI_1758_Emp_LateIn_Reports_01">
    <skipped/>
  </testcase> <!-- MPI_1758_Emp_LateIn_Reports_01 -->
  <system-out/>
  <testcase classname="com.MeghPI.Attendance.tests.MeghPIEmpTimeLogReportsTest" name="MPI_1767_Emp_LateOut_Reports_05">
    <skipped/>
  </testcase> <!-- MPI_1767_Emp_LateOut_Reports_05 -->
  <system-out/>
  <testcase classname="com.MeghPI.Attendance.tests.MeghPIEmpTimeLogReportsTest" name="MPI_1771_Emp_Early_In_Reports_04">
    <skipped/>
  </testcase> <!-- MPI_1771_Emp_Early_In_Reports_04 -->
  <system-out/>
  <testcase classname="com.MeghPI.Attendance.tests.MeghPIEmpTimeLogReportsTest" name="MPI_1763_Emp_LateOut_Reports_01">
    <skipped/>
  </testcase> <!-- MPI_1763_Emp_LateOut_Reports_01 -->
  <system-out/>
  <testcase classname="com.MeghPI.Attendance.tests.MeghPIEmpTimeLogReportsTest" name="MPI_1764_Emp_LateOut_Reports_02">
    <skipped/>
  </testcase> <!-- MPI_1764_Emp_LateOut_Reports_02 -->
  <system-out/>
  <testcase classname="com.MeghPI.Attendance.tests.MeghPIEmpTimeLogReportsTest" name="MPI_1769_Emp_Early_In_Reports_02">
    <skipped/>
  </testcase> <!-- MPI_1769_Emp_Early_In_Reports_02 -->
  <system-out/>
</testsuite> <!-- com.MeghPI.Attendance.tests.MeghPIEmpTimeLogReportsTest -->
