<?xml version="1.0" encoding="UTF-8"?>
<!-- Generated by org.testng.reporters.JUnitReportReporter -->
<testsuite hostname="DMANTRASP10250" failures="0" tests="3" name="com.MeghPI.Attendance.tests.MeghPIAttendanceReprocessTest" time="137.054" errors="0" timestamp="2025-12-03T16:04:44 IST" skipped="2">
  <testcase classname="com.MeghPI.Attendance.tests.MeghPIAttendanceReprocessTest" name="MPI_1684_Attendance_Reprocess_03" time="137.054"/>
  <system-out/>
  <testcase classname="com.MeghPI.Attendance.tests.MeghPIAttendanceReprocessTest" name="MPI_1682_Attendance_Reprocess_01">
    <skipped/>
  </testcase> <!-- MPI_1682_Attendance_Reprocess_01 -->
  <system-out/>
  <testcase classname="com.MeghPI.Attendance.tests.MeghPIAttendanceReprocessTest" name="MPI_1683_Attendance_Reprocess_02">
    <skipped/>
  </testcase> <!-- MPI_1683_Attendance_Reprocess_02 -->
  <system-out/>
</testsuite> <!-- com.MeghPI.Attendance.tests.MeghPIAttendanceReprocessTest -->
