<?xml version="1.0" encoding="UTF-8"?>
<!-- Generated by org.testng.reporters.JUnitReportReporter -->
<testsuite hostname="DMANTRASP10250" failures="0" tests="70" name="com.MeghPI.Attendance.Android.tests.MeghPIEmpAttendanceDataRunTest" time="144.930" errors="0" timestamp="2025-12-16T12:03:32 IST" skipped="69">
  <testcase classname="com.MeghPI.Attendance.Android.tests.MeghPIEmpAttendanceDataRunTest" name="MPI_1542_MeghPi_Shift_32" time="144.930"/>
  <system-out/>
  <testcase classname="com.MeghPI.Attendance.Android.tests.MeghPIEmpAttendanceDataRunTest" name="MPI_731_Normal_Attendance_59">
    <skipped/>
  </testcase> <!-- MPI_731_Normal_Attendance_59 -->
  <system-out/>
  <testcase classname="com.MeghPI.Attendance.Android.tests.MeghPIEmpAttendanceDataRunTest" name="MPI_470_Attendance_Policy_36">
    <skipped/>
  </testcase> <!-- MPI_470_Attendance_Policy_36 -->
  <system-out/>
  <testcase classname="com.MeghPI.Attendance.Android.tests.MeghPIEmpAttendanceDataRunTest" name="MPI_644_Normal_Attendance_16">
    <skipped/>
  </testcase> <!-- MPI_644_Normal_Attendance_16 -->
  <system-out/>
  <testcase classname="com.MeghPI.Attendance.Android.tests.MeghPIEmpAttendanceDataRunTest" name="MPI_890_Attendance_Policy_82">
    <skipped/>
  </testcase> <!-- MPI_890_Attendance_Policy_82 -->
  <system-out/>
  <testcase classname="com.MeghPI.Attendance.Android.tests.MeghPIEmpAttendanceDataRunTest" name="MPI_666_Normal_Attendance_41">
    <skipped/>
  </testcase> <!-- MPI_666_Normal_Attendance_41 -->
  <system-out/>
  <testcase classname="com.MeghPI.Attendance.Android.tests.MeghPIEmpAttendanceDataRunTest" name="MPI_698_Normal_Attendance_53">
    <skipped/>
  </testcase> <!-- MPI_698_Normal_Attendance_53 -->
  <system-out/>
  <testcase classname="com.MeghPI.Attendance.Android.tests.MeghPIEmpAttendanceDataRunTest" name="MPI_728_Normal_Attendance_56">
    <skipped/>
  </testcase> <!-- MPI_728_Normal_Attendance_56 -->
  <system-out/>
  <testcase classname="com.MeghPI.Attendance.Android.tests.MeghPIEmpAttendanceDataRunTest" name="MPI_467_Attendance_Policy_33">
    <skipped/>
  </testcase> <!-- MPI_467_Attendance_Policy_33 -->
  <system-out/>
  <testcase classname="com.MeghPI.Attendance.Android.tests.MeghPIEmpAttendanceDataRunTest" name="MPI_860_Normal_Attendance_69">
    <skipped/>
  </testcase> <!-- MPI_860_Normal_Attendance_69 -->
  <system-out/>
  <testcase classname="com.MeghPI.Attendance.Android.tests.MeghPIEmpAttendanceDataRunTest" name="MPI_886_Attendance_Policy_78">
    <skipped/>
  </testcase> <!-- MPI_886_Attendance_Policy_78 -->
  <system-out/>
  <testcase classname="com.MeghPI.Attendance.Android.tests.MeghPIEmpAttendanceDataRunTest" name="MPI_649_Normal_Attendance_21">
    <skipped/>
  </testcase> <!-- MPI_649_Normal_Attendance_21 -->
  <system-out/>
  <testcase classname="com.MeghPI.Attendance.Android.tests.MeghPIEmpAttendanceDataRunTest" name="MPI_685_Normal_Attendance_31">
    <skipped/>
  </testcase> <!-- MPI_685_Normal_Attendance_31 -->
  <system-out/>
  <testcase classname="com.MeghPI.Attendance.Android.tests.MeghPIEmpAttendanceDataRunTest" name="MPI_656_Normal_Attendance_44">
    <skipped/>
  </testcase> <!-- MPI_656_Normal_Attendance_44 -->
  <system-out/>
  <testcase classname="com.MeghPI.Attendance.Android.tests.MeghPIEmpAttendanceDataRunTest" name="MPI_640_Normal_Attendance_12">
    <skipped/>
  </testcase> <!-- MPI_640_Normal_Attendance_12 -->
  <system-out/>
  <testcase classname="com.MeghPI.Attendance.Android.tests.MeghPIEmpAttendanceDataRunTest" name="MPI_653_Normal_Attendance_25">
    <skipped/>
  </testcase> <!-- MPI_653_Normal_Attendance_25 -->
  <system-out/>
  <testcase classname="com.MeghPI.Attendance.Android.tests.MeghPIEmpAttendanceDataRunTest" name="MPI_638_Normal_Attendance_10">
    <skipped/>
  </testcase> <!-- MPI_638_Normal_Attendance_10 -->
  <system-out/>
  <testcase classname="com.MeghPI.Attendance.Android.tests.MeghPIEmpAttendanceDataRunTest" name="MPI_651_Normal_Attendance_23">
    <skipped/>
  </testcase> <!-- MPI_651_Normal_Attendance_23 -->
  <system-out/>
  <testcase classname="com.MeghPI.Attendance.Android.tests.MeghPIEmpAttendanceDataRunTest" name="MPI_632_Normal_Attendance_04">
    <skipped/>
  </testcase> <!-- MPI_632_Normal_Attendance_04 -->
  <system-out/>
  <testcase classname="com.MeghPI.Attendance.Android.tests.MeghPIEmpAttendanceDataRunTest" name="MPI_697_Normal_Attendance_52">
    <skipped/>
  </testcase> <!-- MPI_697_Normal_Attendance_52 -->
  <system-out/>
  <testcase classname="com.MeghPI.Attendance.Android.tests.MeghPIEmpAttendanceDataRunTest" name="MPI_671_Normal_Attendance_38">
    <skipped/>
  </testcase> <!-- MPI_671_Normal_Attendance_38 -->
  <system-out/>
  <testcase classname="com.MeghPI.Attendance.Android.tests.MeghPIEmpAttendanceDataRunTest" name="MPI_1182_OT_All_Reports_14">
    <skipped/>
  </testcase> <!-- MPI_1182_OT_All_Reports_14 -->
  <system-out/>
  <testcase classname="com.MeghPI.Attendance.Android.tests.MeghPIEmpAttendanceDataRunTest" name="MPI_466_Attendance_Policy_32">
    <skipped/>
  </testcase> <!-- MPI_466_Attendance_Policy_32 -->
  <system-out/>
  <testcase classname="com.MeghPI.Attendance.Android.tests.MeghPIEmpAttendanceDataRunTest" name="MPI_876_Attendance_Policy_72">
    <skipped/>
  </testcase> <!-- MPI_876_Attendance_Policy_72 -->
  <system-out/>
  <testcase classname="com.MeghPI.Attendance.Android.tests.MeghPIEmpAttendanceDataRunTest" name="MPI_641_Normal_Attendance_13">
    <skipped/>
  </testcase> <!-- MPI_641_Normal_Attendance_13 -->
  <system-out/>
  <testcase classname="com.MeghPI.Attendance.Android.tests.MeghPIEmpAttendanceDataRunTest" name="MPI_648_Normal_Attendance_20">
    <skipped/>
  </testcase> <!-- MPI_648_Normal_Attendance_20 -->
  <system-out/>
  <testcase classname="com.MeghPI.Attendance.Android.tests.MeghPIEmpAttendanceDataRunTest" name="MPI_440_Normal_Attendance_48">
    <skipped/>
  </testcase> <!-- MPI_440_Normal_Attendance_48 -->
  <system-out/>
  <testcase classname="com.MeghPI.Attendance.Android.tests.MeghPIEmpAttendanceDataRunTest" name="MPI_673_Normal_Attendance_40">
    <skipped/>
  </testcase> <!-- MPI_673_Normal_Attendance_40 -->
  <system-out/>
  <testcase classname="com.MeghPI.Attendance.Android.tests.MeghPIEmpAttendanceDataRunTest" name="MPI_742_Attendance_Policy_69">
    <skipped/>
  </testcase> <!-- MPI_742_Attendance_Policy_69 -->
  <system-out/>
  <testcase classname="com.MeghPI.Attendance.Android.tests.MeghPIEmpAttendanceDataRunTest" name="MPI_654_Normal_Attendance_26">
    <skipped/>
  </testcase> <!-- MPI_654_Normal_Attendance_26 -->
  <system-out/>
  <testcase classname="com.MeghPI.Attendance.Android.tests.MeghPIEmpAttendanceDataRunTest" name="MPI_729_Normal_Attendance_57">
    <skipped/>
  </testcase> <!-- MPI_729_Normal_Attendance_57 -->
  <system-out/>
  <testcase classname="com.MeghPI.Attendance.Android.tests.MeghPIEmpAttendanceDataRunTest" name="MPI_889_Attendance_Policy_81">
    <skipped/>
  </testcase> <!-- MPI_889_Attendance_Policy_81 -->
  <system-out/>
  <testcase classname="com.MeghPI.Attendance.Android.tests.MeghPIEmpAttendanceDataRunTest" name="MPI_887_Attendance_Policy_79">
    <skipped/>
  </testcase> <!-- MPI_887_Attendance_Policy_79 -->
  <system-out/>
  <testcase classname="com.MeghPI.Attendance.Android.tests.MeghPIEmpAttendanceDataRunTest" name="MPI_879_Normal_Attendance_71">
    <skipped/>
  </testcase> <!-- MPI_879_Normal_Attendance_71 -->
  <system-out/>
  <testcase classname="com.MeghPI.Attendance.Android.tests.MeghPIEmpAttendanceDataRunTest" name="MPI_684_Normal_Attendance_30">
    <skipped/>
  </testcase> <!-- MPI_684_Normal_Attendance_30 -->
  <system-out/>
  <testcase classname="com.MeghPI.Attendance.Android.tests.MeghPIEmpAttendanceDataRunTest" name="MPI_678_Normal_Attendance_28">
    <skipped/>
  </testcase> <!-- MPI_678_Normal_Attendance_28 -->
  <system-out/>
  <testcase classname="com.MeghPI.Attendance.Android.tests.MeghPIEmpAttendanceDataRunTest" name="MPI_657_Normal_Attendance_47">
    <skipped/>
  </testcase> <!-- MPI_657_Normal_Attendance_47 -->
  <system-out/>
  <testcase classname="com.MeghPI.Attendance.Android.tests.MeghPIEmpAttendanceDataRunTest" name="MPI_465_Attendance_Policy_31">
    <skipped/>
  </testcase> <!-- MPI_465_Attendance_Policy_31 -->
  <system-out/>
  <testcase classname="com.MeghPI.Attendance.Android.tests.MeghPIEmpAttendanceDataRunTest" name="MPI_659_Normal_Attendance_46">
    <skipped/>
  </testcase> <!-- MPI_659_Normal_Attendance_46 -->
  <system-out/>
  <testcase classname="com.MeghPI.Attendance.Android.tests.MeghPIEmpAttendanceDataRunTest" name="MPI_639_Normal_Attendance_11">
    <skipped/>
  </testcase> <!-- MPI_639_Normal_Attendance_11 -->
  <system-out/>
  <testcase classname="com.MeghPI.Attendance.Android.tests.MeghPIEmpAttendanceDataRunTest" name="MPI_683_Normal_Attendance_29">
    <skipped/>
  </testcase> <!-- MPI_683_Normal_Attendance_29 -->
  <system-out/>
  <testcase classname="com.MeghPI.Attendance.Android.tests.MeghPIEmpAttendanceDataRunTest" name="MPI_655_Normal_Attendance_27">
    <skipped/>
  </testcase> <!-- MPI_655_Normal_Attendance_27 -->
  <system-out/>
  <testcase classname="com.MeghPI.Attendance.Android.tests.MeghPIEmpAttendanceDataRunTest" name="MPI_650_Normal_Attendance_22">
    <skipped/>
  </testcase> <!-- MPI_650_Normal_Attendance_22 -->
  <system-out/>
  <testcase classname="com.MeghPI.Attendance.Android.tests.MeghPIEmpAttendanceDataRunTest" name="MPI_686_Normal_Attendance_42">
    <skipped/>
  </testcase> <!-- MPI_686_Normal_Attendance_42 -->
  <system-out/>
  <testcase classname="com.MeghPI.Attendance.Android.tests.MeghPIEmpAttendanceDataRunTest" name="MPI_668_Normal_Attendance_43">
    <skipped/>
  </testcase> <!-- MPI_668_Normal_Attendance_43 -->
  <system-out/>
  <testcase classname="com.MeghPI.Attendance.Android.tests.MeghPIEmpAttendanceDataRunTest" name="MPI_647_Normal_Attendance_19">
    <skipped/>
  </testcase> <!-- MPI_647_Normal_Attendance_19 -->
  <system-out/>
  <testcase classname="com.MeghPI.Attendance.Android.tests.MeghPIEmpAttendanceDataRunTest" name="MPI_642_Normal_Attendance_14">
    <skipped/>
  </testcase> <!-- MPI_642_Normal_Attendance_14 -->
  <system-out/>
  <testcase classname="com.MeghPI.Attendance.Android.tests.MeghPIEmpAttendanceDataRunTest" name="MPI_469_Attendance_Policy_35">
    <skipped/>
  </testcase> <!-- MPI_469_Attendance_Policy_35 -->
  <system-out/>
  <testcase classname="com.MeghPI.Attendance.Android.tests.MeghPIEmpAttendanceDataRunTest" name="MPI_878_Attendance_Policy_74">
    <skipped/>
  </testcase> <!-- MPI_878_Attendance_Policy_74 -->
  <system-out/>
  <testcase classname="com.MeghPI.Attendance.Android.tests.MeghPIEmpAttendanceDataRunTest" name="MPI_637_Normal_Attendance_09">
    <skipped/>
  </testcase> <!-- MPI_637_Normal_Attendance_09 -->
  <system-out/>
  <testcase classname="com.MeghPI.Attendance.Android.tests.MeghPIEmpAttendanceDataRunTest" name="MPI_1190_Normal_Attendance_73">
    <skipped/>
  </testcase> <!-- MPI_1190_Normal_Attendance_73 -->
  <system-out/>
  <testcase classname="com.MeghPI.Attendance.Android.tests.MeghPIEmpAttendanceDataRunTest" name="MPI_878_Attendance_Policy_73">
    <skipped/>
  </testcase> <!-- MPI_878_Attendance_Policy_73 -->
  <system-out/>
  <testcase classname="com.MeghPI.Attendance.Android.tests.MeghPIEmpAttendanceDataRunTest" name="MPI_891_Attendance_Policy_83">
    <skipped/>
  </testcase> <!-- MPI_891_Attendance_Policy_83 -->
  <system-out/>
  <testcase classname="com.MeghPI.Attendance.Android.tests.MeghPIEmpAttendanceDataRunTest" name="MPI_727_Normal_Attendance_55">
    <skipped/>
  </testcase> <!-- MPI_727_Normal_Attendance_55 -->
  <system-out/>
  <testcase classname="com.MeghPI.Attendance.Android.tests.MeghPIEmpAttendanceDataRunTest" name="MPI_630_Normal_Attendance_02">
    <skipped/>
  </testcase> <!-- MPI_630_Normal_Attendance_02 -->
  <system-out/>
  <testcase classname="com.MeghPI.Attendance.Android.tests.MeghPIEmpAttendanceDataRunTest" name="MPI_643_Normal_Attendance_15">
    <skipped/>
  </testcase> <!-- MPI_643_Normal_Attendance_15 -->
  <system-out/>
  <testcase classname="com.MeghPI.Attendance.Android.tests.MeghPIEmpAttendanceDataRunTest" name="MPI_888_Attendance_Policy_80">
    <skipped/>
  </testcase> <!-- MPI_888_Attendance_Policy_80 -->
  <system-out/>
  <testcase classname="com.MeghPI.Attendance.Android.tests.MeghPIEmpAttendanceDataRunTest" name="MPI_730_Normal_Attendance_58">
    <skipped/>
  </testcase> <!-- MPI_730_Normal_Attendance_58 -->
  <system-out/>
  <testcase classname="com.MeghPI.Attendance.Android.tests.MeghPIEmpAttendanceDataRunTest" name="MPI_885_Attendance_Policy_77">
    <skipped/>
  </testcase> <!-- MPI_885_Attendance_Policy_77 -->
  <system-out/>
  <testcase classname="com.MeghPI.Attendance.Android.tests.MeghPIEmpAttendanceDataRunTest" name="MPI_743_Attendance_Policy_70">
    <skipped/>
  </testcase> <!-- MPI_743_Attendance_Policy_70 -->
  <system-out/>
  <testcase classname="com.MeghPI.Attendance.Android.tests.MeghPIEmpAttendanceDataRunTest" name="MPI_861_Normal_Attendance_70">
    <skipped/>
  </testcase> <!-- MPI_861_Normal_Attendance_70 -->
  <system-out/>
  <testcase classname="com.MeghPI.Attendance.Android.tests.MeghPIEmpAttendanceDataRunTest" name="MPI_672_Normal_Attendance_39">
    <skipped/>
  </testcase> <!-- MPI_672_Normal_Attendance_39 -->
  <system-out/>
  <testcase classname="com.MeghPI.Attendance.Android.tests.MeghPIEmpAttendanceDataRunTest" name="MPI_442_Normal_Attendance_45">
    <skipped/>
  </testcase> <!-- MPI_442_Normal_Attendance_45 -->
  <system-out/>
  <testcase classname="com.MeghPI.Attendance.Android.tests.MeghPIEmpAttendanceDataRunTest" name="MPI_468_Attendance_Policy_34">
    <skipped/>
  </testcase> <!-- MPI_468_Attendance_Policy_34 -->
  <system-out/>
  <testcase classname="com.MeghPI.Attendance.Android.tests.MeghPIEmpAttendanceDataRunTest" name="MPI_652_Normal_Attendance_24">
    <skipped/>
  </testcase> <!-- MPI_652_Normal_Attendance_24 -->
  <system-out/>
  <testcase classname="com.MeghPI.Attendance.Android.tests.MeghPIEmpAttendanceDataRunTest" name="MPI_724_Normal_Attendance_54">
    <skipped/>
  </testcase> <!-- MPI_724_Normal_Attendance_54 -->
  <system-out/>
  <testcase classname="com.MeghPI.Attendance.Android.tests.MeghPIEmpAttendanceDataRunTest" name="MPI_848_WeekOff_Policy_12">
    <skipped/>
  </testcase> <!-- MPI_848_WeekOff_Policy_12 -->
  <system-out/>
  <testcase classname="com.MeghPI.Attendance.Android.tests.MeghPIEmpAttendanceDataRunTest" name="MPI_1394_Attendance_Tab_07">
    <skipped/>
  </testcase> <!-- MPI_1394_Attendance_Tab_07 -->
  <system-out/>
  <testcase classname="com.MeghPI.Attendance.Android.tests.MeghPIEmpAttendanceDataRunTest" name="MPI_882_Attendance_Policy_76">
    <skipped/>
  </testcase> <!-- MPI_882_Attendance_Policy_76 -->
  <system-out/>
  <testcase classname="com.MeghPI.Attendance.Android.tests.MeghPIEmpAttendanceDataRunTest" name="MPI_646_Normal_Attendance_18">
    <skipped/>
  </testcase> <!-- MPI_646_Normal_Attendance_18 -->
  <system-out/>
</testsuite> <!-- com.MeghPI.Attendance.Android.tests.MeghPIEmpAttendanceDataRunTest -->
