<?xml version="1.0" encoding="UTF-8"?>
<!-- Generated by org.testng.reporters.JUnitReportReporter -->
<testsuite hostname="DMANTRASP10250" failures="0" tests="6" name="com.MeghPI.Attendance.tests.MeghMasterEntityTypeTest" time="5.496" errors="0" timestamp="2025-08-18T14:38:57 IST" skipped="6">
  <testcase classname="com.MeghPI.Attendance.tests.MeghMasterEntityTypeTest" name="MPI_308_EntityType_01" time="5.496">
    <skipped/>
  </testcase> <!-- MPI_308_EntityType_01 -->
  <system-out/>
  <testcase classname="com.MeghPI.Attendance.tests.MeghMasterEntityTypeTest" name="MPI_313_EntityType_06">
    <skipped/>
  </testcase> <!-- MPI_313_EntityType_06 -->
  <system-out/>
  <testcase classname="com.MeghPI.Attendance.tests.MeghMasterEntityTypeTest" name="MPI_310_EntityType_03">
    <skipped/>
  </testcase> <!-- MPI_310_EntityType_03 -->
  <system-out/>
  <testcase classname="com.MeghPI.Attendance.tests.MeghMasterEntityTypeTest" name="MPI_309_EntityType_02">
    <skipped/>
  </testcase> <!-- MPI_309_EntityType_02 -->
  <system-out/>
  <testcase classname="com.MeghPI.Attendance.tests.MeghMasterEntityTypeTest" name="MPI_320_EntityType_13">
    <skipped/>
  </testcase> <!-- MPI_320_EntityType_13 -->
  <system-out/>
  <testcase classname="com.MeghPI.Attendance.tests.MeghMasterEntityTypeTest" name="MPI_319_EntityType_12">
    <skipped/>
  </testcase> <!-- MPI_319_EntityType_12 -->
  <system-out/>
</testsuite> <!-- com.MeghPI.Attendance.tests.MeghMasterEntityTypeTest -->
