<?xml version="1.0" encoding="UTF-8"?>
<!-- Generated by org.testng.reporters.JUnitReportReporter -->
<testsuite hostname="DMANTRASP10250" failures="0" tests="18" name="com.MeghPI.Attendance.tests.MeghPIMusterRollReportsTest" time="3.021" errors="1" timestamp="2025-12-03T17:03:38 IST" skipped="17">
  <testcase classname="com.MeghPI.Attendance.tests.MeghPIMusterRollReportsTest" name="MPI_1260_MusterRoll_Reports_10" time="3.021">
    <error message="Cannot invoke &quot;java.lang.Integer.intValue()&quot; because &quot;reportingto&quot; is null" type="java.lang.NullPointerException">
      <![CDATA[java.lang.NullPointerException: Cannot invoke "java.lang.Integer.intValue()" because "reportingto" is null
at com.MeghPI.Attendance.tests.MeghPIMusterRollReportsTest.MPI_1260_MusterRoll_Reports_10(MeghPIMusterRollReportsTest.java:1014)
at java.base/jdk.internal.reflect.NativeMethodAccessorImpl.invoke0(Native Method)
at java.base/jdk.internal.reflect.NativeMethodAccessorImpl.invoke(NativeMethodAccessorImpl.java:77)
at java.base/jdk.internal.reflect.DelegatingMethodAccessorImpl.invoke(DelegatingMethodAccessorImpl.java:43)
at java.base/java.lang.reflect.Method.invoke(Method.java:568)
at org.testng.internal.MethodInvocationHelper.invokeMethod(MethodInvocationHelper.java:133)
at org.testng.internal.TestInvoker.invokeMethod(TestInvoker.java:598)
at org.testng.internal.TestInvoker.invokeTestMethod(TestInvoker.java:173)
at org.testng.internal.MethodRunner.runInSequence(MethodRunner.java:46)
at org.testng.internal.TestInvoker$MethodInvocationAgent.invoke(TestInvoker.java:824)
at org.testng.internal.TestInvoker.invokeTestMethods(TestInvoker.java:146)
at org.testng.internal.TestMethodWorker.invokeTestMethods(TestMethodWorker.java:146)
at org.testng.internal.TestMethodWorker.run(TestMethodWorker.java:128)
at java.base/java.util.ArrayList.forEach(ArrayList.java:1511)
at org.testng.TestRunner.privateRun(TestRunner.java:794)
at org.testng.TestRunner.run(TestRunner.java:596)
at org.testng.SuiteRunner.runTest(SuiteRunner.java:377)
at org.testng.SuiteRunner.runSequentially(SuiteRunner.java:371)
at org.testng.SuiteRunner.privateRun(SuiteRunner.java:332)
at org.testng.SuiteRunner.run(SuiteRunner.java:276)
at org.testng.SuiteRunnerWorker.runSuite(SuiteRunnerWorker.java:53)
at org.testng.SuiteRunnerWorker.run(SuiteRunnerWorker.java:96)
at org.testng.TestNG.runSuitesSequentially(TestNG.java:1212)
at org.testng.TestNG.runSuitesLocally(TestNG.java:1134)
at org.testng.TestNG.runSuites(TestNG.java:1063)
at org.testng.TestNG.run(TestNG.java:1031)
at org.testng.remote.AbstractRemoteTestNG.run(AbstractRemoteTestNG.java:115)
at org.testng.remote.RemoteTestNG.initAndRun(RemoteTestNG.java:293)
at org.testng.remote.RemoteTestNG.main(RemoteTestNG.java:91)
]]>
    </error>
  </testcase> <!-- MPI_1260_MusterRoll_Reports_10 -->
  <system-out/>
  <testcase classname="com.MeghPI.Attendance.tests.MeghPIMusterRollReportsTest" name="MPI_1249_MusterRoll_Reports_02">
    <skipped/>
  </testcase> <!-- MPI_1249_MusterRoll_Reports_02 -->
  <system-out/>
  <testcase classname="com.MeghPI.Attendance.tests.MeghPIMusterRollReportsTest" name="MPI_1267_MusterRoll_Reports_17">
    <skipped/>
  </testcase> <!-- MPI_1267_MusterRoll_Reports_17 -->
  <system-out/>
  <testcase classname="com.MeghPI.Attendance.tests.MeghPIMusterRollReportsTest" name="MPI_1263_MusterRoll_Reports_13">
    <skipped/>
  </testcase> <!-- MPI_1263_MusterRoll_Reports_13 -->
  <system-out/>
  <testcase classname="com.MeghPI.Attendance.tests.MeghPIMusterRollReportsTest" name="MPI_1261_MusterRoll_Reports_11">
    <skipped/>
  </testcase> <!-- MPI_1261_MusterRoll_Reports_11 -->
  <system-out/>
  <testcase classname="com.MeghPI.Attendance.tests.MeghPIMusterRollReportsTest" name="MPI_1271_MusterRoll_Reports_21">
    <skipped/>
  </testcase> <!-- MPI_1271_MusterRoll_Reports_21 -->
  <system-out/>
  <testcase classname="com.MeghPI.Attendance.tests.MeghPIMusterRollReportsTest" name="MPI_1273_MusterRoll_Reports_23">
    <skipped/>
  </testcase> <!-- MPI_1273_MusterRoll_Reports_23 -->
  <system-out/>
  <testcase classname="com.MeghPI.Attendance.tests.MeghPIMusterRollReportsTest" name="MPI_1270_MusterRoll_Reports_20">
    <skipped/>
  </testcase> <!-- MPI_1270_MusterRoll_Reports_20 -->
  <system-out/>
  <testcase classname="com.MeghPI.Attendance.tests.MeghPIMusterRollReportsTest" name="MPI_1265_MusterRoll_Reports_15">
    <skipped/>
  </testcase> <!-- MPI_1265_MusterRoll_Reports_15 -->
  <system-out/>
  <testcase classname="com.MeghPI.Attendance.tests.MeghPIMusterRollReportsTest" name="MPI_1268_MusterRoll_Reports_18">
    <skipped/>
  </testcase> <!-- MPI_1268_MusterRoll_Reports_18 -->
  <system-out/>
  <testcase classname="com.MeghPI.Attendance.tests.MeghPIMusterRollReportsTest" name="MPI_1255_MusterRoll_Reports_05">
    <skipped/>
  </testcase> <!-- MPI_1255_MusterRoll_Reports_05 -->
  <system-out/>
  <testcase classname="com.MeghPI.Attendance.tests.MeghPIMusterRollReportsTest" name="MPI_1262_MusterRoll_Reports_12">
    <skipped/>
  </testcase> <!-- MPI_1262_MusterRoll_Reports_12 -->
  <system-out/>
  <testcase classname="com.MeghPI.Attendance.tests.MeghPIMusterRollReportsTest" name="MPI_1266_MusterRoll_Reports_16">
    <skipped/>
  </testcase> <!-- MPI_1266_MusterRoll_Reports_16 -->
  <system-out/>
  <testcase classname="com.MeghPI.Attendance.tests.MeghPIMusterRollReportsTest" name="MPI_1269_MusterRoll_Reports_19">
    <skipped/>
  </testcase> <!-- MPI_1269_MusterRoll_Reports_19 -->
  <system-out/>
  <testcase classname="com.MeghPI.Attendance.tests.MeghPIMusterRollReportsTest" name="MPI_1264_MusterRoll_Reports_14">
    <skipped/>
  </testcase> <!-- MPI_1264_MusterRoll_Reports_14 -->
  <system-out/>
  <testcase classname="com.MeghPI.Attendance.tests.MeghPIMusterRollReportsTest" name="MPI_1252_MusterRoll_Reports_04">
    <skipped/>
  </testcase> <!-- MPI_1252_MusterRoll_Reports_04 -->
  <system-out/>
  <testcase classname="com.MeghPI.Attendance.tests.MeghPIMusterRollReportsTest" name="MPI_1257_MusterRoll_Reports_07">
    <skipped/>
  </testcase> <!-- MPI_1257_MusterRoll_Reports_07 -->
  <system-out/>
  <testcase classname="com.MeghPI.Attendance.tests.MeghPIMusterRollReportsTest" name="MPI_1256_MusterRoll_Reports_06">
    <skipped/>
  </testcase> <!-- MPI_1256_MusterRoll_Reports_06 -->
  <system-out/>
</testsuite> <!-- com.MeghPI.Attendance.tests.MeghPIMusterRollReportsTest -->
