<?xml version="1.0" encoding="UTF-8"?>
<!-- Generated by org.testng.reporters.JUnitReportReporter -->
<testsuite hostname="DMANTRASP10250" failures="0" tests="32" name="com.MeghPI.Attendance.tests.MeghPITotalLeavesTakenReportTest" time="90.783" errors="0" timestamp="2025-11-13T18:18:42 IST" skipped="31">
  <testcase classname="com.MeghPI.Attendance.tests.MeghPITotalLeavesTakenReportTest" name="MPI_1312_LeavesTaken_Reports_11" time="90.783"/>
  <system-out/>
  <testcase classname="com.MeghPI.Attendance.tests.MeghPITotalLeavesTakenReportTest" name="MPI_1297_LeavesTaken_Reports_07">
    <skipped/>
  </testcase> <!-- MPI_1297_LeavesTaken_Reports_07 -->
  <system-out/>
  <testcase classname="com.MeghPI.Attendance.tests.MeghPITotalLeavesTakenReportTest" name="MPI_1305_LeaveTakenApproved_Reports_05">
    <skipped/>
  </testcase> <!-- MPI_1305_LeaveTakenApproved_Reports_05 -->
  <system-out/>
  <testcase classname="com.MeghPI.Attendance.tests.MeghPITotalLeavesTakenReportTest" name="MPI_1329_LeavesTakenPending_Reports_06">
    <skipped/>
  </testcase> <!-- MPI_1329_LeavesTakenPending_Reports_06 -->
  <system-out/>
  <testcase classname="com.MeghPI.Attendance.tests.MeghPITotalLeavesTakenReportTest" name="MPI_1295_LeavesTaken_Reports_05">
    <skipped/>
  </testcase> <!-- MPI_1295_LeavesTaken_Reports_05 -->
  <system-out/>
  <testcase classname="com.MeghPI.Attendance.tests.MeghPITotalLeavesTakenReportTest" name="MPI_1331_LeavesTakenPending_Reports_08">
    <skipped/>
  </testcase> <!-- MPI_1331_LeavesTakenPending_Reports_08 -->
  <system-out/>
  <testcase classname="com.MeghPI.Attendance.tests.MeghPITotalLeavesTakenReportTest" name="MPI_1308_LeaveTakenApproved_Reports_08">
    <skipped/>
  </testcase> <!-- MPI_1308_LeaveTakenApproved_Reports_08 -->
  <system-out/>
  <testcase classname="com.MeghPI.Attendance.tests.MeghPITotalLeavesTakenReportTest" name="MPI_1320_LeavesTakenRejected_Reports_08">
    <skipped/>
  </testcase> <!-- MPI_1320_LeavesTakenRejected_Reports_08 -->
  <system-out/>
  <testcase classname="com.MeghPI.Attendance.tests.MeghPITotalLeavesTakenReportTest" name="MPI_1326_LeavesTakenPending_Reports_03">
    <skipped/>
  </testcase> <!-- MPI_1326_LeavesTakenPending_Reports_03 -->
  <system-out/>
  <testcase classname="com.MeghPI.Attendance.tests.MeghPITotalLeavesTakenReportTest" name="MPI_1302_LeaveTakenApproved_Reports_02">
    <skipped/>
  </testcase> <!-- MPI_1302_LeaveTakenApproved_Reports_02 -->
  <system-out/>
  <testcase classname="com.MeghPI.Attendance.tests.MeghPITotalLeavesTakenReportTest" name="MPI_1328_LeavesTakenPending_Reports_05">
    <skipped/>
  </testcase> <!-- MPI_1328_LeavesTakenPending_Reports_05 -->
  <system-out/>
  <testcase classname="com.MeghPI.Attendance.tests.MeghPITotalLeavesTakenReportTest" name="MPI_1313_LeavesTakenRejected_Reports_01">
    <skipped/>
  </testcase> <!-- MPI_1313_LeavesTakenRejected_Reports_01 -->
  <system-out/>
  <testcase classname="com.MeghPI.Attendance.tests.MeghPITotalLeavesTakenReportTest" name="MPI_1306_LeaveTakenApproved_Reports_06">
    <skipped/>
  </testcase> <!-- MPI_1306_LeaveTakenApproved_Reports_06 -->
  <system-out/>
  <testcase classname="com.MeghPI.Attendance.tests.MeghPITotalLeavesTakenReportTest" name="MPI_1307_LeaveTakenApproved_Reports_07">
    <skipped/>
  </testcase> <!-- MPI_1307_LeaveTakenApproved_Reports_07 -->
  <system-out/>
  <testcase classname="com.MeghPI.Attendance.tests.MeghPITotalLeavesTakenReportTest" name="MPI_1325_LeavesTakenPending_Reports_02">
    <skipped/>
  </testcase> <!-- MPI_1325_LeavesTakenPending_Reports_02 -->
  <system-out/>
  <testcase classname="com.MeghPI.Attendance.tests.MeghPITotalLeavesTakenReportTest" name="MPI_1309_LeaveTakenApproved_Reports_09">
    <skipped/>
  </testcase> <!-- MPI_1309_LeaveTakenApproved_Reports_09 -->
  <system-out/>
  <testcase classname="com.MeghPI.Attendance.tests.MeghPITotalLeavesTakenReportTest" name="MPI_1294_LeavesTaken_Reports_04">
    <skipped/>
  </testcase> <!-- MPI_1294_LeavesTaken_Reports_04 -->
  <system-out/>
  <testcase classname="com.MeghPI.Attendance.tests.MeghPITotalLeavesTakenReportTest" name="MPI_1317_LeavesTakenRejected_Reports_05">
    <skipped/>
  </testcase> <!-- MPI_1317_LeavesTakenRejected_Reports_05 -->
  <system-out/>
  <testcase classname="com.MeghPI.Attendance.tests.MeghPITotalLeavesTakenReportTest" name="MPI_1292_LeavesTaken_Reports_02">
    <skipped/>
  </testcase> <!-- MPI_1292_LeavesTaken_Reports_02 -->
  <system-out/>
  <testcase classname="com.MeghPI.Attendance.tests.MeghPITotalLeavesTakenReportTest" name="MPI_1296_LeavesTaken_Reports_06">
    <skipped/>
  </testcase> <!-- MPI_1296_LeavesTaken_Reports_06 -->
  <system-out/>
  <testcase classname="com.MeghPI.Attendance.tests.MeghPITotalLeavesTakenReportTest" name="MPI_1314_LeavesTakenRejected_Reports_02">
    <skipped/>
  </testcase> <!-- MPI_1314_LeavesTakenRejected_Reports_02 -->
  <system-out/>
  <testcase classname="com.MeghPI.Attendance.tests.MeghPITotalLeavesTakenReportTest" name="MPI_1324_LeavesTakenPending_Reports_01">
    <skipped/>
  </testcase> <!-- MPI_1324_LeavesTakenPending_Reports_01 -->
  <system-out/>
  <testcase classname="com.MeghPI.Attendance.tests.MeghPITotalLeavesTakenReportTest" name="MPI_1298_LeavesTaken_Reports_08">
    <skipped/>
  </testcase> <!-- MPI_1298_LeavesTaken_Reports_08 -->
  <system-out/>
  <testcase classname="com.MeghPI.Attendance.tests.MeghPITotalLeavesTakenReportTest" name="MPI_1330_LeavesTakenPending_Reports_07">
    <skipped/>
  </testcase> <!-- MPI_1330_LeavesTakenPending_Reports_07 -->
  <system-out/>
  <testcase classname="com.MeghPI.Attendance.tests.MeghPITotalLeavesTakenReportTest" name="MPI_1301_LeaveTakenApproved_Reports_01">
    <skipped/>
  </testcase> <!-- MPI_1301_LeaveTakenApproved_Reports_01 -->
  <system-out/>
  <testcase classname="com.MeghPI.Attendance.tests.MeghPITotalLeavesTakenReportTest" name="MPI_1318_LeavesTakenRejected_Reports_06">
    <skipped/>
  </testcase> <!-- MPI_1318_LeavesTakenRejected_Reports_06 -->
  <system-out/>
  <testcase classname="com.MeghPI.Attendance.tests.MeghPITotalLeavesTakenReportTest" name="MPI_1315_LeavesTakenRejected_Reports_03">
    <skipped/>
  </testcase> <!-- MPI_1315_LeavesTakenRejected_Reports_03 -->
  <system-out/>
  <testcase classname="com.MeghPI.Attendance.tests.MeghPITotalLeavesTakenReportTest" name="MPI_1321_LeavesTakenRejected_Reports_09">
    <skipped/>
  </testcase> <!-- MPI_1321_LeavesTakenRejected_Reports_09 -->
  <system-out/>
  <testcase classname="com.MeghPI.Attendance.tests.MeghPITotalLeavesTakenReportTest" name="MPI_1291_LeavesTaken_Reports_01">
    <skipped/>
  </testcase> <!-- MPI_1291_LeavesTaken_Reports_01 -->
  <system-out/>
  <testcase classname="com.MeghPI.Attendance.tests.MeghPITotalLeavesTakenReportTest" name="MPI_1332_LeavesTakenPending_Reports_09">
    <skipped/>
  </testcase> <!-- MPI_1332_LeavesTakenPending_Reports_09 -->
  <system-out/>
  <testcase classname="com.MeghPI.Attendance.tests.MeghPITotalLeavesTakenReportTest" name="MPI_1319_LeavesTakenRejected_Reports_07">
    <skipped/>
  </testcase> <!-- MPI_1319_LeavesTakenRejected_Reports_07 -->
  <system-out/>
  <testcase classname="com.MeghPI.Attendance.tests.MeghPITotalLeavesTakenReportTest" name="MPI_1303_LeaveTakenApproved_Reports_03">
    <skipped/>
  </testcase> <!-- MPI_1303_LeaveTakenApproved_Reports_03 -->
  <system-out/>
</testsuite> <!-- com.MeghPI.Attendance.tests.MeghPITotalLeavesTakenReportTest -->
