<?xml version="1.0" encoding="UTF-8"?>
<!-- Generated by org.testng.reporters.JUnitReportReporter -->
<testsuite hostname="DMANTRASP10250" failures="0" tests="10" name="meghtest.MeghMasterDepartmentTest" time="75.158" errors="0" timestamp="2025-07-08T18:56:22 IST" skipped="8">
  <testcase classname="meghtest.MeghMasterDepartmentTest" name="MPI_188_Department_01" time="23.073"/>
  <system-out/>
  <testcase classname="meghtest.MeghMasterDepartmentTest" name="MPI_189_Department_02" time="52.085"/>
  <system-out/>
  <testcase classname="meghtest.MeghMasterDepartmentTest" name="MPI_205_Department_12">
    <skipped/>
  </testcase> <!-- MPI_205_Department_12 -->
  <system-out/>
  <testcase classname="meghtest.MeghMasterDepartmentTest" name="MPI_192_Department_05">
    <skipped/>
  </testcase> <!-- MPI_192_Department_05 -->
  <system-out/>
  <testcase classname="meghtest.MeghMasterDepartmentTest" name="MPI_195_Department_08">
    <skipped/>
  </testcase> <!-- MPI_195_Department_08 -->
  <system-out/>
  <testcase classname="meghtest.MeghMasterDepartmentTest" name="MPI_210_Department_17">
    <skipped/>
  </testcase> <!-- MPI_210_Department_17 -->
  <system-out/>
  <testcase classname="meghtest.MeghMasterDepartmentTest" name="MPI_206_Department_13">
    <skipped/>
  </testcase> <!-- MPI_206_Department_13 -->
  <system-out/>
  <testcase classname="meghtest.MeghMasterDepartmentTest" name="MPI_190_Department_03">
    <skipped/>
  </testcase> <!-- MPI_190_Department_03 -->
  <system-out/>
  <testcase classname="meghtest.MeghMasterDepartmentTest" name="MPI_191_Department_04">
    <skipped/>
  </testcase> <!-- MPI_191_Department_04 -->
  <system-out/>
  <testcase classname="meghtest.MeghMasterDepartmentTest" name="MPI_194_Department_07">
    <skipped/>
  </testcase> <!-- MPI_194_Department_07 -->
  <system-out/>
</testsuite> <!-- meghtest.MeghMasterDepartmentTest -->
