<?xml version="1.0" encoding="UTF-8"?>
<!-- Generated by org.testng.reporters.JUnitReportReporter -->
<testsuite hostname="DMANTRASP10250" failures="0" tests="2" name="meghtest.MeghMasterAttendanceStatusTest" time="92.385" errors="0" timestamp="2025-07-10T12:20:48 IST" skipped="0">
  <testcase classname="meghtest.MeghMasterAttendanceStatusTest" name="MPI_321_AttendanceStatus_01" time="47.263"/>
  <system-out/>
  <testcase classname="meghtest.MeghMasterAttendanceStatusTest" name="MPI_322_AttendanceStatus_02" time="45.122"/>
  <system-out/>
</testsuite> <!-- meghtest.MeghMasterAttendanceStatusTest -->
