<?xml version="1.0" encoding="UTF-8"?>
<!-- Generated by org.testng.reporters.JUnitReportReporter -->
<testsuite hostname="DMANTRASP10250" failures="0" tests="10" name="meghtest.MeghHolidayPolicyTest" time="63.823" errors="0" timestamp="2025-07-16T12:48:55 IST" skipped="9">
  <testcase classname="meghtest.MeghHolidayPolicyTest" name="MPI_591_Holiday_Policy_06" time="63.823"/>
  <system-out/>
  <testcase classname="meghtest.MeghHolidayPolicyTest" name="MPI_587_Holiday_Policy_02">
    <skipped/>
  </testcase> <!-- MPI_587_Holiday_Policy_02 -->
  <system-out/>
  <testcase classname="meghtest.MeghHolidayPolicyTest" name="MPI_597_Holiday_Policy_11">
    <skipped/>
  </testcase> <!-- MPI_597_Holiday_Policy_11 -->
  <system-out/>
  <testcase classname="meghtest.MeghHolidayPolicyTest" name="MPI_594_Holiday_Policy_09">
    <skipped/>
  </testcase> <!-- MPI_594_Holiday_Policy_09 -->
  <system-out/>
  <testcase classname="meghtest.MeghHolidayPolicyTest" name="MPI_592_Holiday_Policy_07">
    <skipped/>
  </testcase> <!-- MPI_592_Holiday_Policy_07 -->
  <system-out/>
  <testcase classname="meghtest.MeghHolidayPolicyTest" name="MPI_590_Holiday_Policy_05">
    <skipped/>
  </testcase> <!-- MPI_590_Holiday_Policy_05 -->
  <system-out/>
  <testcase classname="meghtest.MeghHolidayPolicyTest" name="MPI_598_Holiday_Policy_12">
    <skipped/>
  </testcase> <!-- MPI_598_Holiday_Policy_12 -->
  <system-out/>
  <testcase classname="meghtest.MeghHolidayPolicyTest" name="MPI_595_Holiday_Policy_10">
    <skipped/>
  </testcase> <!-- MPI_595_Holiday_Policy_10 -->
  <system-out/>
  <testcase classname="meghtest.MeghHolidayPolicyTest" name="MPI_593_Holiday_Policy_08">
    <skipped/>
  </testcase> <!-- MPI_593_Holiday_Policy_08 -->
  <system-out/>
  <testcase classname="meghtest.MeghHolidayPolicyTest" name="MPI_586_Holiday_Policy_01">
    <skipped/>
  </testcase> <!-- MPI_586_Holiday_Policy_01 -->
  <system-out/>
</testsuite> <!-- meghtest.MeghHolidayPolicyTest -->
