<?xml version="1.0" encoding="UTF-8"?>
<!-- Generated by org.testng.reporters.JUnitReportReporter -->
<testsuite hostname="DMANTRASP10250" failures="0" tests="16" name="com.MeghPI.Attendance.tests.MeghPIEmpOTRequestReportsTest" time="135.505" errors="0" timestamp="2025-12-15T11:54:52 IST" skipped="15">
  <testcase classname="com.MeghPI.Attendance.tests.MeghPIEmpOTRequestReportsTest" name="MPI_1817_EmpRejectedOT_Reports_04" time="135.505"/>
  <system-out/>
  <testcase classname="com.MeghPI.Attendance.tests.MeghPIEmpOTRequestReportsTest" name="MPI_1806_EmpOTApproved_Reports_02">
    <skipped/>
  </testcase> <!-- MPI_1806_EmpOTApproved_Reports_02 -->
  <system-out/>
  <testcase classname="com.MeghPI.Attendance.tests.MeghPIEmpOTRequestReportsTest" name="MPI_1816_EmpRejectedOT_Reports_03">
    <skipped/>
  </testcase> <!-- MPI_1816_EmpRejectedOT_Reports_03 -->
  <system-out/>
  <testcase classname="com.MeghPI.Attendance.tests.MeghPIEmpOTRequestReportsTest" name="MPI_1810_EmpPendingOT_Reports_02">
    <skipped/>
  </testcase> <!-- MPI_1810_EmpPendingOT_Reports_02 -->
  <system-out/>
  <testcase classname="com.MeghPI.Attendance.tests.MeghPIEmpOTRequestReportsTest" name="MPI_1807_EmpOTApproved_Reports_03">
    <skipped/>
  </testcase> <!-- MPI_1807_EmpOTApproved_Reports_03 -->
  <system-out/>
  <testcase classname="com.MeghPI.Attendance.tests.MeghPIEmpOTRequestReportsTest" name="MPI_1808_EmpOTApproved_Reports_04">
    <skipped/>
  </testcase> <!-- MPI_1808_EmpOTApproved_Reports_04 -->
  <system-out/>
  <testcase classname="com.MeghPI.Attendance.tests.MeghPIEmpOTRequestReportsTest" name="MPI_1812_EmpPendingOT_Reports_04">
    <skipped/>
  </testcase> <!-- MPI_1812_EmpPendingOT_Reports_04 -->
  <system-out/>
  <testcase classname="com.MeghPI.Attendance.tests.MeghPIEmpOTRequestReportsTest" name="MPI_1802_EmpOTAllTab_Reports_02">
    <skipped/>
  </testcase> <!-- MPI_1802_EmpOTAllTab_Reports_02 -->
  <system-out/>
  <testcase classname="com.MeghPI.Attendance.tests.MeghPIEmpOTRequestReportsTest" name="MPI_1801_EmpOTAllTab_Reports_01">
    <skipped/>
  </testcase> <!-- MPI_1801_EmpOTAllTab_Reports_01 -->
  <system-out/>
  <testcase classname="com.MeghPI.Attendance.tests.MeghPIEmpOTRequestReportsTest" name="MPI_1814_EmpRejectedOT_Reports_01">
    <skipped/>
  </testcase> <!-- MPI_1814_EmpRejectedOT_Reports_01 -->
  <system-out/>
  <testcase classname="com.MeghPI.Attendance.tests.MeghPIEmpOTRequestReportsTest" name="MPI_1804_EmpOTAllTab_Reports_04">
    <skipped/>
  </testcase> <!-- MPI_1804_EmpOTAllTab_Reports_04 -->
  <system-out/>
  <testcase classname="com.MeghPI.Attendance.tests.MeghPIEmpOTRequestReportsTest" name="MPI_1805_EmpOTApproved_Reports_01">
    <skipped/>
  </testcase> <!-- MPI_1805_EmpOTApproved_Reports_01 -->
  <system-out/>
  <testcase classname="com.MeghPI.Attendance.tests.MeghPIEmpOTRequestReportsTest" name="MPI_1809_EmpPendingOT_Reports_01">
    <skipped/>
  </testcase> <!-- MPI_1809_EmpPendingOT_Reports_01 -->
  <system-out/>
  <testcase classname="com.MeghPI.Attendance.tests.MeghPIEmpOTRequestReportsTest" name="MPI_1811_EmpPendingOT_Reports_03">
    <skipped/>
  </testcase> <!-- MPI_1811_EmpPendingOT_Reports_03 -->
  <system-out/>
  <testcase classname="com.MeghPI.Attendance.tests.MeghPIEmpOTRequestReportsTest" name="MPI_1803_EmpOTAllTab_Reports_03">
    <skipped/>
  </testcase> <!-- MPI_1803_EmpOTAllTab_Reports_03 -->
  <system-out/>
  <testcase classname="com.MeghPI.Attendance.tests.MeghPIEmpOTRequestReportsTest" name="MPI_1815_EmpRejectedOT_Reports_02">
    <skipped/>
  </testcase> <!-- MPI_1815_EmpRejectedOT_Reports_02 -->
  <system-out/>
</testsuite> <!-- com.MeghPI.Attendance.tests.MeghPIEmpOTRequestReportsTest -->
