<?xml version="1.0" encoding="UTF-8"?>
<!-- Generated by org.testng.reporters.JUnitReportReporter -->
<testsuite hostname="DMANTRASP10250" failures="0" tests="6" name="meghtest.MeghMasterEntityTypeTest" time="4.099" errors="0" timestamp="2025-07-15T14:14:13 IST" skipped="6">
  <testcase classname="meghtest.MeghMasterEntityTypeTest" name="MPI_308_EntityType_01" time="4.099">
    <skipped/>
  </testcase> <!-- MPI_308_EntityType_01 -->
  <system-out/>
  <testcase classname="meghtest.MeghMasterEntityTypeTest" name="MPI_320_EntityType_13">
    <skipped/>
  </testcase> <!-- MPI_320_EntityType_13 -->
  <system-out/>
  <testcase classname="meghtest.MeghMasterEntityTypeTest" name="MPI_319_EntityType_12">
    <skipped/>
  </testcase> <!-- MPI_319_EntityType_12 -->
  <system-out/>
  <testcase classname="meghtest.MeghMasterEntityTypeTest" name="MPI_313_EntityType_06">
    <skipped/>
  </testcase> <!-- MPI_313_EntityType_06 -->
  <system-out/>
  <testcase classname="meghtest.MeghMasterEntityTypeTest" name="MPI_309_EntityType_02">
    <skipped/>
  </testcase> <!-- MPI_309_EntityType_02 -->
  <system-out/>
  <testcase classname="meghtest.MeghMasterEntityTypeTest" name="MPI_310_EntityType_03">
    <skipped/>
  </testcase> <!-- MPI_310_EntityType_03 -->
  <system-out/>
</testsuite> <!-- meghtest.MeghMasterEntityTypeTest -->
